Started GET "/" for ::1 at 2020-03-18 15:16:50 +1100
Processing by WelcomeController#index as HTML
  Rendering welcome/index.html.erb within layouts/application
  Rendered welcome/index.html.erb within layouts/application (1.4ms)
Completed 200 OK in 1416ms (Views: 1414.1ms | ActiveRecord: 0.0ms)


Started GET "/book/list" for ::1 at 2020-03-18 15:16:55 +1100
  
ActionController::RoutingError (No route matches [GET] "/book/list"):
  
actionpack (5.2.4.1) lib/action_dispatch/middleware/debug_exceptions.rb:65:in `call'
web-console (3.7.0) lib/web_console/middleware.rb:135:in `call_app'
web-console (3.7.0) lib/web_console/middleware.rb:30:in `block in call'
web-console (3.7.0) lib/web_console/middleware.rb:20:in `catch'
web-console (3.7.0) lib/web_console/middleware.rb:20:in `call'
actionpack (5.2.4.1) lib/action_dispatch/middleware/show_exceptions.rb:33:in `call'
railties (5.2.4.1) lib/rails/rack/logger.rb:38:in `call_app'
railties (5.2.4.1) lib/rails/rack/logger.rb:26:in `block in call'
activesupport (5.2.4.1) lib/active_support/tagged_logging.rb:71:in `block in tagged'
activesupport (5.2.4.1) lib/active_support/tagged_logging.rb:28:in `tagged'
activesupport (5.2.4.1) lib/active_support/tagged_logging.rb:71:in `tagged'
railties (5.2.4.1) lib/rails/rack/logger.rb:26:in `call'
sprockets-rails (3.2.1) lib/sprockets/rails/quiet_assets.rb:13:in `call'
actionpack (5.2.4.1) lib/action_dispatch/middleware/remote_ip.rb:81:in `call'
actionpack (5.2.4.1) lib/action_dispatch/middleware/request_id.rb:27:in `call'
rack (2.2.2) lib/rack/method_override.rb:24:in `call'
rack (2.2.2) lib/rack/runtime.rb:22:in `call'
activesupport (5.2.4.1) lib/active_support/cache/strategy/local_cache_middleware.rb:29:in `call'
actionpack (5.2.4.1) lib/action_dispatch/middleware/executor.rb:14:in `call'
actionpack (5.2.4.1) lib/action_dispatch/middleware/static.rb:127:in `call'
rack (2.2.2) lib/rack/sendfile.rb:110:in `call'
railties (5.2.4.1) lib/rails/engine.rb:524:in `call'
puma (3.12.4) lib/puma/configuration.rb:227:in `call'
puma (3.12.4) lib/puma/server.rb:675:in `handle_request'
puma (3.12.4) lib/puma/server.rb:476:in `process_client'
puma (3.12.4) lib/puma/server.rb:334:in `block in run'
puma (3.12.4) lib/puma/thread_pool.rb:135:in `block in spawn_thread'
Started GET "/welcome" for ::1 at 2020-03-18 15:16:59 +1100
  
ActionController::RoutingError (No route matches [GET] "/welcome"):
  
actionpack (5.2.4.1) lib/action_dispatch/middleware/debug_exceptions.rb:65:in `call'
web-console (3.7.0) lib/web_console/middleware.rb:135:in `call_app'
web-console (3.7.0) lib/web_console/middleware.rb:30:in `block in call'
web-console (3.7.0) lib/web_console/middleware.rb:20:in `catch'
web-console (3.7.0) lib/web_console/middleware.rb:20:in `call'
actionpack (5.2.4.1) lib/action_dispatch/middleware/show_exceptions.rb:33:in `call'
railties (5.2.4.1) lib/rails/rack/logger.rb:38:in `call_app'
railties (5.2.4.1) lib/rails/rack/logger.rb:26:in `block in call'
activesupport (5.2.4.1) lib/active_support/tagged_logging.rb:71:in `block in tagged'
activesupport (5.2.4.1) lib/active_support/tagged_logging.rb:28:in `tagged'
activesupport (5.2.4.1) lib/active_support/tagged_logging.rb:71:in `tagged'
railties (5.2.4.1) lib/rails/rack/logger.rb:26:in `call'
sprockets-rails (3.2.1) lib/sprockets/rails/quiet_assets.rb:13:in `call'
actionpack (5.2.4.1) lib/action_dispatch/middleware/remote_ip.rb:81:in `call'
actionpack (5.2.4.1) lib/action_dispatch/middleware/request_id.rb:27:in `call'
rack (2.2.2) lib/rack/method_override.rb:24:in `call'
rack (2.2.2) lib/rack/runtime.rb:22:in `call'
activesupport (5.2.4.1) lib/active_support/cache/strategy/local_cache_middleware.rb:29:in `call'
actionpack (5.2.4.1) lib/action_dispatch/middleware/executor.rb:14:in `call'
actionpack (5.2.4.1) lib/action_dispatch/middleware/static.rb:127:in `call'
rack (2.2.2) lib/rack/sendfile.rb:110:in `call'
railties (5.2.4.1) lib/rails/engine.rb:524:in `call'
puma (3.12.4) lib/puma/configuration.rb:227:in `call'
puma (3.12.4) lib/puma/server.rb:675:in `handle_request'
puma (3.12.4) lib/puma/server.rb:476:in `process_client'
puma (3.12.4) lib/puma/server.rb:334:in `block in run'
puma (3.12.4) lib/puma/thread_pool.rb:135:in `block in spawn_thread'
Started GET "/welcome/index" for ::1 at 2020-03-18 15:17:03 +1100
Processing by WelcomeController#index as HTML
  Rendering welcome/index.html.erb within layouts/application
  Rendered welcome/index.html.erb within layouts/application (0.3ms)
Completed 200 OK in 18ms (Views: 15.4ms | ActiveRecord: 0.0ms)


Started GET "/" for ::1 at 2020-03-18 15:17:07 +1100
Processing by WelcomeController#index as HTML
  Rendering welcome/index.html.erb within layouts/application
  Rendered welcome/index.html.erb within layouts/application (0.3ms)
Completed 200 OK in 19ms (Views: 14.8ms | ActiveRecord: 0.0ms)


Started GET "/" for ::1 at 2020-03-18 15:53:03 +1100
Processing by WelcomeController#index as HTML
  Rendering welcome/index.html.erb within layouts/application
  Rendered welcome/index.html.erb within layouts/application (0.8ms)
Completed 200 OK in 223ms (Views: 221.3ms | ActiveRecord: 0.0ms)


Started GET "/articles/new" for ::1 at 2020-03-18 15:53:09 +1100
Processing by ArticlesController#new as HTML
  Rendering articles/new.html.erb within layouts/application
  Rendered articles/new.html.erb within layouts/application (20.5ms)
Completed 200 OK in 40ms (Views: 37.7ms | ActiveRecord: 0.0ms)


Started POST "/articles" for ::1 at 2020-03-18 15:56:33 +1100
  
AbstractController::ActionNotFound (The action 'create' could not be found for ArticlesController):
  
actionpack (5.2.4.1) lib/abstract_controller/base.rb:129:in `process'
actionview (5.2.4.1) lib/action_view/rendering.rb:32:in `process'
actionpack (5.2.4.1) lib/action_controller/metal.rb:191:in `dispatch'
actionpack (5.2.4.1) lib/action_controller/metal.rb:252:in `dispatch'
actionpack (5.2.4.1) lib/action_dispatch/routing/route_set.rb:52:in `dispatch'
actionpack (5.2.4.1) lib/action_dispatch/routing/route_set.rb:34:in `serve'
actionpack (5.2.4.1) lib/action_dispatch/journey/router.rb:52:in `block in serve'
actionpack (5.2.4.1) lib/action_dispatch/journey/router.rb:35:in `each'
actionpack (5.2.4.1) lib/action_dispatch/journey/router.rb:35:in `serve'
actionpack (5.2.4.1) lib/action_dispatch/routing/route_set.rb:840:in `call'
rack (2.2.2) lib/rack/tempfile_reaper.rb:15:in `call'
rack (2.2.2) lib/rack/etag.rb:27:in `call'
rack (2.2.2) lib/rack/conditional_get.rb:40:in `call'
rack (2.2.2) lib/rack/head.rb:12:in `call'
actionpack (5.2.4.1) lib/action_dispatch/http/content_security_policy.rb:18:in `call'
rack (2.2.2) lib/rack/session/abstract/id.rb:266:in `context'
rack (2.2.2) lib/rack/session/abstract/id.rb:260:in `call'
actionpack (5.2.4.1) lib/action_dispatch/middleware/cookies.rb:670:in `call'
activerecord (5.2.4.1) lib/active_record/migration.rb:559:in `call'
actionpack (5.2.4.1) lib/action_dispatch/middleware/callbacks.rb:28:in `block in call'
activesupport (5.2.4.1) lib/active_support/callbacks.rb:98:in `run_callbacks'
actionpack (5.2.4.1) lib/action_dispatch/middleware/callbacks.rb:26:in `call'
actionpack (5.2.4.1) lib/action_dispatch/middleware/executor.rb:14:in `call'
actionpack (5.2.4.1) lib/action_dispatch/middleware/debug_exceptions.rb:61:in `call'
web-console (3.7.0) lib/web_console/middleware.rb:135:in `call_app'
web-console (3.7.0) lib/web_console/middleware.rb:30:in `block in call'
web-console (3.7.0) lib/web_console/middleware.rb:20:in `catch'
web-console (3.7.0) lib/web_console/middleware.rb:20:in `call'
actionpack (5.2.4.1) lib/action_dispatch/middleware/show_exceptions.rb:33:in `call'
railties (5.2.4.1) lib/rails/rack/logger.rb:38:in `call_app'
railties (5.2.4.1) lib/rails/rack/logger.rb:26:in `block in call'
activesupport (5.2.4.1) lib/active_support/tagged_logging.rb:71:in `block in tagged'
activesupport (5.2.4.1) lib/active_support/tagged_logging.rb:28:in `tagged'
activesupport (5.2.4.1) lib/active_support/tagged_logging.rb:71:in `tagged'
railties (5.2.4.1) lib/rails/rack/logger.rb:26:in `call'
sprockets-rails (3.2.1) lib/sprockets/rails/quiet_assets.rb:13:in `call'
actionpack (5.2.4.1) lib/action_dispatch/middleware/remote_ip.rb:81:in `call'
actionpack (5.2.4.1) lib/action_dispatch/middleware/request_id.rb:27:in `call'
rack (2.2.2) lib/rack/method_override.rb:24:in `call'
rack (2.2.2) lib/rack/runtime.rb:22:in `call'
activesupport (5.2.4.1) lib/active_support/cache/strategy/local_cache_middleware.rb:29:in `call'
actionpack (5.2.4.1) lib/action_dispatch/middleware/executor.rb:14:in `call'
actionpack (5.2.4.1) lib/action_dispatch/middleware/static.rb:127:in `call'
rack (2.2.2) lib/rack/sendfile.rb:110:in `call'
railties (5.2.4.1) lib/rails/engine.rb:524:in `call'
puma (3.12.4) lib/puma/configuration.rb:227:in `call'
puma (3.12.4) lib/puma/server.rb:675:in `handle_request'
puma (3.12.4) lib/puma/server.rb:476:in `process_client'
puma (3.12.4) lib/puma/server.rb:334:in `block in run'
puma (3.12.4) lib/puma/thread_pool.rb:135:in `block in spawn_thread'
Started POST "/articles" for ::1 at 2020-03-18 16:02:08 +1100
Processing by ArticlesController#create as HTML
  Parameters: {"utf8"=>"✓", "authenticity_token"=>"wHR4IDfBFphH1Nqbe7OeKUtjOK8zBW8p5DjZYAY4KdUyMBjHvszzBYet+0uLTDL2swck8xuFqin/0LPduZxR/g==", "article"=>{"title"=>"a", "text"=>"b"}, "commit"=>"Save Article"}
  Rendering text template
  Rendered text template (0.1ms)
Completed 200 OK in 4ms (Views: 3.0ms | ActiveRecord: 0.0ms)


Started POST "/articles" for ::1 at 2020-03-18 16:03:16 +1100
Processing by ArticlesController#create as HTML
  Parameters: {"utf8"=>"✓", "authenticity_token"=>"wHR4IDfBFphH1Nqbe7OeKUtjOK8zBW8p5DjZYAY4KdUyMBjHvszzBYet+0uLTDL2swck8xuFqin/0LPduZxR/g==", "article"=>{"title"=>"a", "text"=>"b"}, "commit"=>"Save Article"}
  Rendering text template
  Rendered text template (0.0ms)
Completed 200 OK in 1ms (Views: 0.5ms | ActiveRecord: 0.0ms)


Started POST "/articles" for ::1 at 2020-03-18 16:03:41 +1100
Processing by ArticlesController#create as HTML
  Parameters: {"utf8"=>"✓", "authenticity_token"=>"wHR4IDfBFphH1Nqbe7OeKUtjOK8zBW8p5DjZYAY4KdUyMBjHvszzBYet+0uLTDL2swck8xuFqin/0LPduZxR/g==", "article"=>{"title"=>"a", "text"=>"b"}, "commit"=>"Save Article"}
  Rendering text template
  Rendered text template (0.0ms)
Completed 200 OK in 2ms (Views: 0.8ms | ActiveRecord: 0.0ms)


Started POST "/articles" for ::1 at 2020-03-18 16:03:49 +1100
Processing by ArticlesController#create as HTML
  Parameters: {"utf8"=>"✓", "authenticity_token"=>"wHR4IDfBFphH1Nqbe7OeKUtjOK8zBW8p5DjZYAY4KdUyMBjHvszzBYet+0uLTDL2swck8xuFqin/0LPduZxR/g==", "article"=>{"title"=>"a", "text"=>"b\r\nad"}, "commit"=>"Save Article"}
  Rendering text template
  Rendered text template (0.1ms)
Completed 200 OK in 2ms (Views: 0.9ms | ActiveRecord: 0.0ms)


Started POST "/articles" for ::1 at 2020-03-18 16:04:06 +1100
Processing by ArticlesController#create as HTML
  Parameters: {"utf8"=>"✓", "authenticity_token"=>"wHR4IDfBFphH1Nqbe7OeKUtjOK8zBW8p5DjZYAY4KdUyMBjHvszzBYet+0uLTDL2swck8xuFqin/0LPduZxR/g==", "article"=>{"title"=>"a", "text"=>"b\r\nad"}, "commit"=>"Save Article"}
  Rendering text template
  Rendered text template (0.1ms)
Completed 200 OK in 2ms (Views: 1.2ms | ActiveRecord: 0.0ms)


Started POST "/articles" for ::1 at 2020-03-18 16:04:20 +1100
Processing by ArticlesController#create as HTML
  Parameters: {"utf8"=>"✓", "authenticity_token"=>"wHR4IDfBFphH1Nqbe7OeKUtjOK8zBW8p5DjZYAY4KdUyMBjHvszzBYet+0uLTDL2swck8xuFqin/0LPduZxR/g==", "article"=>{"title"=>"a", "text"=>"b\r\nad"}, "commit"=>"Save Article"}
Completed 500 Internal Server Error in 7ms (ActiveRecord: 0.0ms)


  
ActionView::MissingTemplate (Missing template articles/hi, application/hi with {:locale=>[:en], :formats=>[:html], :variants=>[], :handlers=>[:raw, :erb, :html, :builder, :ruby, :coffee, :jbuilder]}. Searched in:
  * "/Users/gabriel/test/blog/app/views"
):
  
app/controllers/articles_controller.rb:6:in `create'
  [1m[35m (0.1ms)[0m  [1m[34mSELECT sqlite_version(*)[0m
  ↳ bin/rails:4
  [1m[35m (1.2ms)[0m  [1m[35mCREATE TABLE "schema_migrations" ("version" varchar NOT NULL PRIMARY KEY)[0m
  ↳ bin/rails:4
  [1m[35m (1.1ms)[0m  [1m[35mCREATE TABLE "ar_internal_metadata" ("key" varchar NOT NULL PRIMARY KEY, "value" varchar, "created_at" datetime NOT NULL, "updated_at" datetime NOT NULL)[0m
  ↳ bin/rails:4
  [1m[35m (0.2ms)[0m  [1m[34mSELECT "schema_migrations"."version" FROM "schema_migrations" ORDER BY "schema_migrations"."version" ASC[0m
  ↳ bin/rails:4
Migrating to CreateArticles (20200318051008)
  [1m[35m (0.1ms)[0m  [1m[36mbegin transaction[0m
  ↳ bin/rails:4
  [1m[35m (1.1ms)[0m  [1m[35mCREATE TABLE "articles" ("id" integer PRIMARY KEY AUTOINCREMENT NOT NULL, "title" varchar, "text" text, "created_at" datetime NOT NULL, "updated_at" datetime NOT NULL)[0m
  ↳ db/migrate/20200318051008_create_articles.rb:3
  [1m[36mActiveRecord::SchemaMigration Create (0.4ms)[0m  [1m[32mINSERT INTO "schema_migrations" ("version") VALUES (?)[0m  [["version", "20200318051008"]]
  ↳ bin/rails:4
  [1m[35m (1.0ms)[0m  [1m[36mcommit transaction[0m
  ↳ bin/rails:4
  [1m[36mActiveRecord::InternalMetadata Load (0.5ms)[0m  [1m[34mSELECT  "ar_internal_metadata".* FROM "ar_internal_metadata" WHERE "ar_internal_metadata"."key" = ? LIMIT ?[0m  [["key", "environment"], ["LIMIT", 1]]
  ↳ bin/rails:4
  [1m[35m (0.1ms)[0m  [1m[36mbegin transaction[0m
  ↳ bin/rails:4
  [1m[36mActiveRecord::InternalMetadata Create (0.5ms)[0m  [1m[32mINSERT INTO "ar_internal_metadata" ("key", "value", "created_at", "updated_at") VALUES (?, ?, ?, ?)[0m  [["key", "environment"], ["value", "development"], ["created_at", "2020-03-18 05:13:45.396697"], ["updated_at", "2020-03-18 05:13:45.396697"]]
  ↳ bin/rails:4
  [1m[35m (0.8ms)[0m  [1m[36mcommit transaction[0m
  ↳ bin/rails:4
  [1m[35m (0.2ms)[0m  [1m[34mSELECT "schema_migrations"."version" FROM "schema_migrations" ORDER BY "schema_migrations"."version" ASC[0m
  ↳ bin/rails:4
Started GET "/" for ::1 at 2020-03-18 16:47:15 +1100
  [1m[35m (0.6ms)[0m  [1m[34mSELECT "schema_migrations"."version" FROM "schema_migrations" ORDER BY "schema_migrations"."version" ASC[0m
  ↳ /Users/gabriel/.rvm/gems/ruby-2.4.1/gems/activerecord-5.2.4.1/lib/active_record/log_subscriber.rb:98
Processing by WelcomeController#index as HTML
  Rendering welcome/index.html.erb within layouts/application
  Rendered welcome/index.html.erb within layouts/application (1.6ms)
Completed 200 OK in 186ms (Views: 183.1ms | ActiveRecord: 0.0ms)


Started GET "/articles" for ::1 at 2020-03-18 16:47:17 +1100
Processing by ArticlesController#index as HTML
  Rendering articles/index.html.erb within layouts/application
  [1m[36mArticle Load (0.5ms)[0m  [1m[34mSELECT "articles".* FROM "articles"[0m
  ↳ app/views/articles/index.html.erb:11
  Rendered articles/index.html.erb within layouts/application (2.3ms)
Completed 200 OK in 28ms (Views: 21.0ms | ActiveRecord: 0.7ms)


Started GET "/articles/new" for ::1 at 2020-03-18 16:47:20 +1100
Processing by ArticlesController#new as HTML
  Rendering articles/new.html.erb within layouts/application
  Rendered articles/new.html.erb within layouts/application (12.4ms)
Completed 200 OK in 32ms (Views: 28.9ms | ActiveRecord: 0.0ms)


Started GET "/articles" for ::1 at 2020-03-18 16:47:23 +1100
Processing by ArticlesController#index as HTML
  Rendering articles/index.html.erb within layouts/application
  [1m[36mArticle Load (0.1ms)[0m  [1m[34mSELECT "articles".* FROM "articles"[0m
  ↳ app/views/articles/index.html.erb:11
  Rendered articles/index.html.erb within layouts/application (1.0ms)
Completed 200 OK in 26ms (Views: 21.7ms | ActiveRecord: 0.1ms)


Started GET "/articles/new" for ::1 at 2020-03-18 16:47:24 +1100
Processing by ArticlesController#new as HTML
  Rendering articles/new.html.erb within layouts/application
  Rendered articles/new.html.erb within layouts/application (1.7ms)
Completed 200 OK in 19ms (Views: 16.1ms | ActiveRecord: 0.0ms)


Started POST "/articles" for ::1 at 2020-03-18 16:47:40 +1100
Processing by ArticlesController#create as HTML
  Parameters: {"utf8"=>"✓", "authenticity_token"=>"//qKeAqJMyuB2fpt0s11Vcv3wFyvIFiPgs9kQAaXoIgNvuqfg4TWtkGg270iMtmKM5PcAIegnY+ZJw79uTPYow==", "article"=>{"title"=>"Rails is awesome", "text"=>"Best Article"}, "commit"=>"Save Article"}
  [1m[35m (0.1ms)[0m  [1m[36mbegin transaction[0m
  ↳ app/controllers/articles_controller.rb:17
  [1m[36mArticle Create (0.8ms)[0m  [1m[32mINSERT INTO "articles" ("title", "text", "created_at", "updated_at") VALUES (?, ?, ?, ?)[0m  [["title", "Rails is awesome"], ["text", "Best Article"], ["created_at", "2020-03-18 05:47:40.261870"], ["updated_at", "2020-03-18 05:47:40.261870"]]
  ↳ app/controllers/articles_controller.rb:17
  [1m[35m (0.7ms)[0m  [1m[36mcommit transaction[0m
  ↳ app/controllers/articles_controller.rb:17
Redirected to http://localhost:3000/articles/1
Completed 302 Found in 14ms (ActiveRecord: 2.6ms)


Started GET "/articles/1" for ::1 at 2020-03-18 16:47:40 +1100
Processing by ArticlesController#show as HTML
  Parameters: {"id"=>"1"}
  [1m[36mArticle Load (0.2ms)[0m  [1m[34mSELECT  "articles".* FROM "articles" WHERE "articles"."id" = ? LIMIT ?[0m  [["id", 1], ["LIMIT", 1]]
  ↳ app/controllers/articles_controller.rb:7
  Rendering articles/show.html.erb within layouts/application
  Rendered articles/show.html.erb within layouts/application (0.6ms)
Completed 200 OK in 21ms (Views: 15.4ms | ActiveRecord: 0.2ms)


Started GET "/articles" for ::1 at 2020-03-18 16:47:43 +1100
Processing by ArticlesController#index as HTML
  Rendering articles/index.html.erb within layouts/application
  [1m[36mArticle Load (0.1ms)[0m  [1m[34mSELECT "articles".* FROM "articles"[0m
  ↳ app/views/articles/index.html.erb:11
  Rendered articles/index.html.erb within layouts/application (1.2ms)
Completed 200 OK in 21ms (Views: 17.8ms | ActiveRecord: 0.1ms)


Started GET "/articles/1" for ::1 at 2020-03-18 16:47:48 +1100
Processing by ArticlesController#show as HTML
  Parameters: {"id"=>"1"}
  [1m[36mArticle Load (0.2ms)[0m  [1m[34mSELECT  "articles".* FROM "articles" WHERE "articles"."id" = ? LIMIT ?[0m  [["id", 1], ["LIMIT", 1]]
  ↳ app/controllers/articles_controller.rb:7
  Rendering articles/show.html.erb within layouts/application
  Rendered articles/show.html.erb within layouts/application (0.5ms)
Completed 200 OK in 21ms (Views: 16.5ms | ActiveRecord: 0.2ms)


Started GET "/articles" for ::1 at 2020-03-18 16:47:49 +1100
Processing by ArticlesController#index as HTML
  Rendering articles/index.html.erb within layouts/application
  [1m[36mArticle Load (0.1ms)[0m  [1m[34mSELECT "articles".* FROM "articles"[0m
  ↳ app/views/articles/index.html.erb:11
  Rendered articles/index.html.erb within layouts/application (1.3ms)
Completed 200 OK in 19ms (Views: 15.2ms | ActiveRecord: 0.1ms)


Started GET "/" for ::1 at 2020-03-18 16:49:40 +1100
  [1m[35m (0.4ms)[0m  [1m[34mSELECT "schema_migrations"."version" FROM "schema_migrations" ORDER BY "schema_migrations"."version" ASC[0m
  ↳ /Users/gabriel/.rvm/gems/ruby-2.4.1/gems/activerecord-5.2.4.1/lib/active_record/log_subscriber.rb:98
Processing by WelcomeController#index as HTML
  Rendering welcome/index.html.erb within layouts/application
  Rendered welcome/index.html.erb within layouts/application (1.2ms)
Completed 200 OK in 176ms (Views: 174.1ms | ActiveRecord: 0.0ms)


Started GET "/articles" for ::1 at 2020-03-18 16:49:42 +1100
Processing by ArticlesController#index as HTML
  Rendering articles/index.html.erb within layouts/application
  [1m[36mArticle Load (0.2ms)[0m  [1m[34mSELECT "articles".* FROM "articles"[0m
  ↳ app/views/articles/index.html.erb:11
  Rendered articles/index.html.erb within layouts/application (8.0ms)
Completed 200 OK in 28ms (Views: 23.8ms | ActiveRecord: 0.6ms)


Started GET "/articles/new" for ::1 at 2020-03-18 17:32:09 +1100
  [1m[35m (0.4ms)[0m  [1m[34mSELECT "schema_migrations"."version" FROM "schema_migrations" ORDER BY "schema_migrations"."version" ASC[0m
  ↳ /Users/gabriel/.rvm/gems/ruby-2.4.1/gems/activerecord-5.2.4.1/lib/active_record/log_subscriber.rb:98
Processing by ArticlesController#new as HTML
  Rendering articles/new.html.erb within layouts/application
  Rendered articles/new.html.erb within layouts/application (17.9ms)
Completed 200 OK in 218ms (Views: 203.6ms | ActiveRecord: 0.6ms)


Started POST "/articles" for ::1 at 2020-03-18 17:32:10 +1100
Processing by ArticlesController#create as HTML
  Parameters: {"utf8"=>"✓", "authenticity_token"=>"Kt7SWtSsdvn7IccGKgqbfCDKbMsJZovZXYDvhypXj+DYmrK9XaGTZDtY5tba9Tej2K5wlyHmTtlGaIU6lfP3yw==", "article"=>{"title"=>"", "text"=>""}, "commit"=>"Save Article"}
  [1m[35m (0.1ms)[0m  [1m[36mbegin transaction[0m
  ↳ app/controllers/articles_controller.rb:19
  [1m[35m (0.0ms)[0m  [1m[31mrollback transaction[0m
  ↳ app/controllers/articles_controller.rb:19
  Rendering articles/new.html.erb within layouts/application
  Rendered articles/new.html.erb within layouts/application (2.2ms)
Completed 200 OK in 25ms (Views: 21.9ms | ActiveRecord: 0.1ms)


Started GET "/articles" for ::1 at 2020-03-18 18:03:52 +1100
Processing by ArticlesController#index as HTML
  Rendering articles/index.html.erb within layouts/application
  [1m[36mArticle Load (0.5ms)[0m  [1m[34mSELECT "articles".* FROM "articles"[0m
  ↳ app/views/articles/index.html.erb:11
  Rendered articles/index.html.erb within layouts/application (8.0ms)
Completed 200 OK in 39ms (Views: 32.5ms | ActiveRecord: 1.0ms)


Started GET "/articles/new" for ::1 at 2020-03-18 18:03:54 +1100
Processing by ArticlesController#new as HTML
  Rendering articles/new.html.erb within layouts/application
  Rendered articles/_form.html.erb (2.9ms)
  Rendered articles/new.html.erb within layouts/application (6.0ms)
Completed 200 OK in 26ms (Views: 23.1ms | ActiveRecord: 0.0ms)


Started POST "/articles" for ::1 at 2020-03-18 18:03:55 +1100
Processing by ArticlesController#create as HTML
  Parameters: {"utf8"=>"✓", "authenticity_token"=>"RC9uvX+jG9Q+bim/Bi5b17WjXWKk0rgKRuUPoffawdG2aw5a9q7+Sf4XCG/20fcITcdBPoxSfQpdDWUcSH65+g==", "article"=>{"title"=>"", "text"=>""}, "commit"=>"Create Article"}
  [1m[35m (0.1ms)[0m  [1m[36mbegin transaction[0m
  ↳ app/controllers/articles_controller.rb:23
  [1m[35m (0.1ms)[0m  [1m[31mrollback transaction[0m
  ↳ app/controllers/articles_controller.rb:23
  Rendering articles/new.html.erb within layouts/application
  Rendered articles/_form.html.erb (3.5ms)
  Rendered articles/new.html.erb within layouts/application (5.9ms)
Completed 200 OK in 29ms (Views: 24.5ms | ActiveRecord: 0.2ms)


Started GET "/articles" for ::1 at 2020-03-18 18:03:57 +1100
Processing by ArticlesController#index as HTML
  Rendering articles/index.html.erb within layouts/application
  [1m[36mArticle Load (0.3ms)[0m  [1m[34mSELECT "articles".* FROM "articles"[0m
  ↳ app/views/articles/index.html.erb:11
  Rendered articles/index.html.erb within layouts/application (3.0ms)
Completed 200 OK in 24ms (Views: 21.1ms | ActiveRecord: 0.3ms)


  [1m[35m (0.4ms)[0m  [1m[34mSELECT "schema_migrations"."version" FROM "schema_migrations" ORDER BY "schema_migrations"."version" ASC[0m
  ↳ bin/rails:4
Migrating to CreateComments (20200318225628)
  [1m[35m (0.0ms)[0m  [1m[36mbegin transaction[0m
  ↳ bin/rails:4
  [1m[35m (0.1ms)[0m  [1m[34mSELECT sqlite_version(*)[0m
  ↳ db/migrate/20200318225628_create_comments.rb:3
  [1m[35m (0.5ms)[0m  [1m[35mCREATE TABLE "comments" ("id" integer PRIMARY KEY AUTOINCREMENT NOT NULL, "commenter" varchar, "body" text, "article_id" integer, "created_at" datetime NOT NULL, "updated_at" datetime NOT NULL, CONSTRAINT "fk_rails_3bf61a60d3"
FOREIGN KEY ("article_id")
  REFERENCES "articles" ("id")
)[0m
  ↳ db/migrate/20200318225628_create_comments.rb:3
  [1m[35m (0.1ms)[0m  [1m[35mCREATE  INDEX "index_comments_on_article_id" ON "comments" ("article_id")[0m
  ↳ db/migrate/20200318225628_create_comments.rb:3
  [1m[36mActiveRecord::SchemaMigration Create (0.5ms)[0m  [1m[32mINSERT INTO "schema_migrations" ("version") VALUES (?)[0m  [["version", "20200318225628"]]
  ↳ bin/rails:4
  [1m[35m (1.1ms)[0m  [1m[36mcommit transaction[0m
  ↳ bin/rails:4
  [1m[36mActiveRecord::InternalMetadata Load (0.7ms)[0m  [1m[34mSELECT  "ar_internal_metadata".* FROM "ar_internal_metadata" WHERE "ar_internal_metadata"."key" = ? LIMIT ?[0m  [["key", "environment"], ["LIMIT", 1]]
  ↳ bin/rails:4
  [1m[35m (0.1ms)[0m  [1m[36mbegin transaction[0m
  ↳ bin/rails:4
  [1m[35m (0.1ms)[0m  [1m[36mcommit transaction[0m
  ↳ bin/rails:4
  [1m[35m (1.0ms)[0m  [1m[34mSELECT "schema_migrations"."version" FROM "schema_migrations" ORDER BY "schema_migrations"."version" ASC[0m
  ↳ bin/rails:4
Started GET "/" for ::1 at 2020-03-19 11:30:16 +1100
  [1m[35m (0.6ms)[0m  [1m[34mSELECT "schema_migrations"."version" FROM "schema_migrations" ORDER BY "schema_migrations"."version" ASC[0m
  ↳ /Users/gabriel/.rvm/gems/ruby-2.4.1/gems/activerecord-5.2.4.1/lib/active_record/log_subscriber.rb:98
Processing by WelcomeController#index as HTML
  Rendering welcome/index.html.erb within layouts/application
  Rendered welcome/index.html.erb within layouts/application (2.0ms)
Completed 200 OK in 190ms (Views: 187.9ms | ActiveRecord: 0.0ms)


Started GET "/articles" for ::1 at 2020-03-19 11:30:18 +1100
Processing by ArticlesController#index as HTML
  Rendering articles/index.html.erb within layouts/application
  [1m[36mArticle Load (0.6ms)[0m  [1m[34mSELECT "articles".* FROM "articles"[0m
  ↳ app/views/articles/index.html.erb:11
  Rendered articles/index.html.erb within layouts/application (9.8ms)
Completed 200 OK in 42ms (Views: 28.2ms | ActiveRecord: 1.5ms)


Started GET "/articles/1" for ::1 at 2020-03-19 11:30:20 +1100
Processing by ArticlesController#show as HTML
  Parameters: {"id"=>"1"}
  [1m[36mArticle Load (0.5ms)[0m  [1m[34mSELECT  "articles".* FROM "articles" WHERE "articles"."id" = ? LIMIT ?[0m  [["id", 1], ["LIMIT", 1]]
  ↳ app/controllers/articles_controller.rb:11
  Rendering articles/show.html.erb within layouts/application
  [1m[36mComment Load (0.5ms)[0m  [1m[34mSELECT "comments".* FROM "comments" WHERE "comments"."article_id" = ?[0m  [["article_id", 1]]
  ↳ app/views/articles/show.html.erb:13
  Rendered collection of templates [0 times] (0.0ms)
  Rendered comments/_form.html.erb (28.2ms)
  Rendered articles/show.html.erb within layouts/application (57.4ms)
Completed 200 OK in 82ms (Views: 72.8ms | ActiveRecord: 1.8ms)


Started POST "/articles/1/comments" for ::1 at 2020-03-19 11:30:32 +1100
Processing by CommentsController#create as HTML
  Parameters: {"utf8"=>"✓", "authenticity_token"=>"/XLUnhDdjhvcCjrsb42e1gHyOjU8gsCXCKPb+QhUAvwPNrR5mdBrhhxzGzyfcjIJ+ZYmaRQCBZcTS7FEt/B61w==", "comment"=>{"commenter"=>"Me", "body"=>"greate article!"}, "commit"=>"Create Comment", "article_id"=>"1"}
  [1m[36mArticle Load (0.2ms)[0m  [1m[34mSELECT  "articles".* FROM "articles" WHERE "articles"."id" = ? LIMIT ?[0m  [["id", 1], ["LIMIT", 1]]
  ↳ app/controllers/comments_controller.rb:7
  [1m[35m (0.1ms)[0m  [1m[36mbegin transaction[0m
  ↳ app/controllers/comments_controller.rb:9
  [1m[36mComment Create (1.4ms)[0m  [1m[32mINSERT INTO "comments" ("commenter", "body", "article_id", "created_at", "updated_at") VALUES (?, ?, ?, ?, ?)[0m  [["commenter", "Me"], ["body", "greate article!"], ["article_id", 1], ["created_at", "2020-03-19 00:30:32.285703"], ["updated_at", "2020-03-19 00:30:32.285703"]]
  ↳ app/controllers/comments_controller.rb:9
  [1m[35m (0.9ms)[0m  [1m[36mcommit transaction[0m
  ↳ app/controllers/comments_controller.rb:9
Redirected to http://localhost:3000/articles/1
Completed 302 Found in 9ms (ActiveRecord: 2.5ms)


Started GET "/articles/1" for ::1 at 2020-03-19 11:30:32 +1100
Processing by ArticlesController#show as HTML
  Parameters: {"id"=>"1"}
  [1m[36mArticle Load (0.2ms)[0m  [1m[34mSELECT  "articles".* FROM "articles" WHERE "articles"."id" = ? LIMIT ?[0m  [["id", 1], ["LIMIT", 1]]
  ↳ app/controllers/articles_controller.rb:11
  Rendering articles/show.html.erb within layouts/application
  [1m[36mComment Load (0.3ms)[0m  [1m[34mSELECT "comments".* FROM "comments" WHERE "comments"."article_id" = ?[0m  [["article_id", 1]]
  ↳ app/views/articles/show.html.erb:13
  Rendered collection of comments/_comment.html.erb [1 times] (1.2ms)
  Rendered comments/_form.html.erb (3.5ms)
  Rendered articles/show.html.erb within layouts/application (13.9ms)
Completed 200 OK in 50ms (Views: 45.4ms | ActiveRecord: 0.5ms)


Started GET "/articles/1/edit" for ::1 at 2020-03-19 11:30:37 +1100
Processing by ArticlesController#edit as HTML
  Parameters: {"id"=>"1"}
Filter chain halted as #<Proc:0x007fefd47820c8@/Users/gabriel/.rvm/gems/ruby-2.4.1/gems/actionpack-5.2.4.1/lib/action_controller/metal/http_authentication.rb:72> rendered or redirected
Completed 401 Unauthorized in 1ms (ActiveRecord: 0.0ms)


Started GET "/articles/1/edit" for ::1 at 2020-03-19 11:30:40 +1100
Processing by ArticlesController#edit as HTML
  Parameters: {"id"=>"1"}
Filter chain halted as #<Proc:0x007fefd47820c8@/Users/gabriel/.rvm/gems/ruby-2.4.1/gems/actionpack-5.2.4.1/lib/action_controller/metal/http_authentication.rb:72> rendered or redirected
Completed 401 Unauthorized in 0ms (ActiveRecord: 0.0ms)


Started GET "/articles" for ::1 at 2020-03-19 11:30:43 +1100
Processing by ArticlesController#index as HTML
  Rendering articles/index.html.erb within layouts/application
  [1m[36mArticle Load (0.1ms)[0m  [1m[34mSELECT "articles".* FROM "articles"[0m
  ↳ app/views/articles/index.html.erb:11
  Rendered articles/index.html.erb within layouts/application (1.5ms)
Completed 200 OK in 26ms (Views: 21.8ms | ActiveRecord: 0.1ms)


Started GET "/articles/1" for ::1 at 2020-03-19 11:30:46 +1100
Processing by ArticlesController#show as HTML
  Parameters: {"id"=>"1"}
  [1m[36mArticle Load (0.2ms)[0m  [1m[34mSELECT  "articles".* FROM "articles" WHERE "articles"."id" = ? LIMIT ?[0m  [["id", 1], ["LIMIT", 1]]
  ↳ app/controllers/articles_controller.rb:11
  Rendering articles/show.html.erb within layouts/application
  [1m[36mComment Load (0.1ms)[0m  [1m[34mSELECT "comments".* FROM "comments" WHERE "comments"."article_id" = ?[0m  [["article_id", 1]]
  ↳ app/views/articles/show.html.erb:13
  Rendered collection of comments/_comment.html.erb [1 times] (0.6ms)
  Rendered comments/_form.html.erb (2.8ms)
  Rendered articles/show.html.erb within layouts/application (8.5ms)
Completed 200 OK in 32ms (Views: 27.3ms | ActiveRecord: 0.3ms)


Started GET "/articles" for ::1 at 2020-03-19 11:30:49 +1100
Processing by ArticlesController#index as HTML
  Rendering articles/index.html.erb within layouts/application
  [1m[36mArticle Load (0.1ms)[0m  [1m[34mSELECT "articles".* FROM "articles"[0m
  ↳ app/views/articles/index.html.erb:11
  Rendered articles/index.html.erb within layouts/application (1.5ms)
Completed 200 OK in 47ms (Views: 42.5ms | ActiveRecord: 0.1ms)


Started GET "/articles/new" for ::1 at 2020-03-19 11:30:50 +1100
Processing by ArticlesController#new as HTML
Filter chain halted as #<Proc:0x007fefd47820c8@/Users/gabriel/.rvm/gems/ruby-2.4.1/gems/actionpack-5.2.4.1/lib/action_controller/metal/http_authentication.rb:72> rendered or redirected
Completed 401 Unauthorized in 1ms (ActiveRecord: 0.0ms)


Started GET "/articles/new" for ::1 at 2020-03-19 11:30:57 +1100
Processing by ArticlesController#new as HTML
  Rendering articles/new.html.erb within layouts/application
  Rendered articles/_form.html.erb (3.5ms)
  Rendered articles/new.html.erb within layouts/application (6.7ms)
Completed 200 OK in 37ms (Views: 32.3ms | ActiveRecord: 0.0ms)


Started POST "/articles" for ::1 at 2020-03-19 11:31:15 +1100
Processing by ArticlesController#create as HTML
  Parameters: {"utf8"=>"✓", "authenticity_token"=>"C8NklPxocGOAwFFwDtyMexLHyHyS+V+imSkfe2sD8W35hwRzdWWV/kC5cKD+IyCk6qPUILp5mqKCwXXG1KeJRg==", "article"=>{"title"=>"done", "text"=>"crazy website"}, "commit"=>"Create Article"}
Filter chain halted as #<Proc:0x007fefd47820c8@/Users/gabriel/.rvm/gems/ruby-2.4.1/gems/actionpack-5.2.4.1/lib/action_controller/metal/http_authentication.rb:72> rendered or redirected
Completed 401 Unauthorized in 1ms (ActiveRecord: 0.0ms)


Started POST "/articles" for ::1 at 2020-03-19 11:31:15 +1100
Processing by ArticlesController#create as HTML
  Parameters: {"utf8"=>"✓", "authenticity_token"=>"C8NklPxocGOAwFFwDtyMexLHyHyS+V+imSkfe2sD8W35hwRzdWWV/kC5cKD+IyCk6qPUILp5mqKCwXXG1KeJRg==", "article"=>{"title"=>"done", "text"=>"crazy website"}, "commit"=>"Create Article"}
  [1m[35m (0.1ms)[0m  [1m[36mbegin transaction[0m
  ↳ app/controllers/articles_controller.rb:27
  [1m[35m (0.2ms)[0m  [1m[31mrollback transaction[0m
  ↳ app/controllers/articles_controller.rb:27
  Rendering articles/new.html.erb within layouts/application
  Rendered articles/_form.html.erb (4.3ms)
  Rendered articles/new.html.erb within layouts/application (8.6ms)
Completed 200 OK in 39ms (Views: 34.7ms | ActiveRecord: 0.2ms)


Started POST "/articles" for ::1 at 2020-03-19 11:31:31 +1100
Processing by ArticlesController#create as HTML
  Parameters: {"utf8"=>"✓", "authenticity_token"=>"GNJUv++NIH5O/DmQCSMWH85RguJD+9yFJxlIew4tSabqljRYZoDF446FGED53LrANjWevmt7GYU88SLGsYkxjQ==", "article"=>{"title"=>"website :)))", "text"=>"crazy website"}, "commit"=>"Create Article"}
  [1m[35m (0.1ms)[0m  [1m[36mbegin transaction[0m
  ↳ app/controllers/articles_controller.rb:27
  [1m[36mArticle Create (0.7ms)[0m  [1m[32mINSERT INTO "articles" ("title", "text", "created_at", "updated_at") VALUES (?, ?, ?, ?)[0m  [["title", "website :)))"], ["text", "crazy website"], ["created_at", "2020-03-19 00:31:31.436321"], ["updated_at", "2020-03-19 00:31:31.436321"]]
  ↳ app/controllers/articles_controller.rb:27
  [1m[35m (1.1ms)[0m  [1m[36mcommit transaction[0m
  ↳ app/controllers/articles_controller.rb:27
Redirected to http://localhost:3000/articles/2
Completed 302 Found in 8ms (ActiveRecord: 1.8ms)


Started GET "/articles/2" for ::1 at 2020-03-19 11:31:31 +1100
Processing by ArticlesController#show as HTML
  Parameters: {"id"=>"2"}
  [1m[36mArticle Load (0.1ms)[0m  [1m[34mSELECT  "articles".* FROM "articles" WHERE "articles"."id" = ? LIMIT ?[0m  [["id", 2], ["LIMIT", 1]]
  ↳ app/controllers/articles_controller.rb:11
  Rendering articles/show.html.erb within layouts/application
  [1m[36mComment Load (0.2ms)[0m  [1m[34mSELECT "comments".* FROM "comments" WHERE "comments"."article_id" = ?[0m  [["article_id", 2]]
  ↳ app/views/articles/show.html.erb:13
  Rendered collection of templates [0 times] (0.0ms)
  Rendered comments/_form.html.erb (4.9ms)
  Rendered articles/show.html.erb within layouts/application (10.8ms)
Completed 200 OK in 44ms (Views: 40.9ms | ActiveRecord: 0.3ms)


Started POST "/articles/2/comments" for ::1 at 2020-03-19 11:31:40 +1100
Processing by CommentsController#create as HTML
  Parameters: {"utf8"=>"✓", "authenticity_token"=>"DJrVdgPRY8vkD2mANRHsnMJjK4xfMmC/C89JnOpX+f7+3rWRityGViR2SFDF7kBDOgc30Heypb8QJyMhVfOB1Q==", "comment"=>{"commenter"=>"otherme", "body"=>"cooool"}, "commit"=>"Create Comment", "article_id"=>"2"}
  [1m[36mArticle Load (0.3ms)[0m  [1m[34mSELECT  "articles".* FROM "articles" WHERE "articles"."id" = ? LIMIT ?[0m  [["id", 2], ["LIMIT", 1]]
  ↳ app/controllers/comments_controller.rb:7
  [1m[35m (0.1ms)[0m  [1m[36mbegin transaction[0m
  ↳ app/controllers/comments_controller.rb:9
  [1m[36mComment Create (0.7ms)[0m  [1m[32mINSERT INTO "comments" ("commenter", "body", "article_id", "created_at", "updated_at") VALUES (?, ?, ?, ?, ?)[0m  [["commenter", "otherme"], ["body", "cooool"], ["article_id", 2], ["created_at", "2020-03-19 00:31:40.632621"], ["updated_at", "2020-03-19 00:31:40.632621"]]
  ↳ app/controllers/comments_controller.rb:9
  [1m[35m (1.1ms)[0m  [1m[36mcommit transaction[0m
  ↳ app/controllers/comments_controller.rb:9
Redirected to http://localhost:3000/articles/2
Completed 302 Found in 10ms (ActiveRecord: 2.2ms)


Started GET "/articles/2" for ::1 at 2020-03-19 11:31:40 +1100
Processing by ArticlesController#show as HTML
  Parameters: {"id"=>"2"}
  [1m[36mArticle Load (0.2ms)[0m  [1m[34mSELECT  "articles".* FROM "articles" WHERE "articles"."id" = ? LIMIT ?[0m  [["id", 2], ["LIMIT", 1]]
  ↳ app/controllers/articles_controller.rb:11
  Rendering articles/show.html.erb within layouts/application
  [1m[36mComment Load (0.2ms)[0m  [1m[34mSELECT "comments".* FROM "comments" WHERE "comments"."article_id" = ?[0m  [["article_id", 2]]
  ↳ app/views/articles/show.html.erb:13
  Rendered collection of comments/_comment.html.erb [1 times] (0.9ms)
  Rendered comments/_form.html.erb (4.9ms)
  Rendered articles/show.html.erb within layouts/application (14.6ms)
Completed 200 OK in 47ms (Views: 41.1ms | ActiveRecord: 0.4ms)


Started GET "/articles" for ::1 at 2020-03-19 11:31:42 +1100
Processing by ArticlesController#index as HTML
  Rendering articles/index.html.erb within layouts/application
  [1m[36mArticle Load (0.1ms)[0m  [1m[34mSELECT "articles".* FROM "articles"[0m
  ↳ app/views/articles/index.html.erb:11
  Rendered articles/index.html.erb within layouts/application (2.0ms)
Completed 200 OK in 32ms (Views: 28.1ms | ActiveRecord: 0.1ms)


Started GET "/articles/2" for ::1 at 2020-03-19 11:31:47 +1100
Processing by ArticlesController#show as HTML
  Parameters: {"id"=>"2"}
  [1m[36mArticle Load (0.3ms)[0m  [1m[34mSELECT  "articles".* FROM "articles" WHERE "articles"."id" = ? LIMIT ?[0m  [["id", 2], ["LIMIT", 1]]
  ↳ app/controllers/articles_controller.rb:11
  Rendering articles/show.html.erb within layouts/application
  [1m[36mComment Load (0.1ms)[0m  [1m[34mSELECT "comments".* FROM "comments" WHERE "comments"."article_id" = ?[0m  [["article_id", 2]]
  ↳ app/views/articles/show.html.erb:13
  Rendered collection of comments/_comment.html.erb [1 times] (1.1ms)
  Rendered comments/_form.html.erb (4.7ms)
  Rendered articles/show.html.erb within layouts/application (12.3ms)
Completed 200 OK in 44ms (Views: 39.2ms | ActiveRecord: 0.4ms)


Started DELETE "/articles/2/comments/2" for ::1 at 2020-03-19 11:31:54 +1100
Processing by CommentsController#destroy as HTML
  Parameters: {"authenticity_token"=>"Evu9WkV5UN7iIqHbiib0j0p9LymuBSQuMZvKx9tE/tzgv929zHS1QyJbgAt62VhQshkzdYaF4S4qc6B6ZOCG9w==", "article_id"=>"2", "id"=>"2"}
  [1m[36mArticle Load (0.3ms)[0m  [1m[34mSELECT  "articles".* FROM "articles" WHERE "articles"."id" = ? LIMIT ?[0m  [["id", 2], ["LIMIT", 1]]
  ↳ app/controllers/comments_controller.rb:14
  [1m[36mComment Load (0.3ms)[0m  [1m[34mSELECT  "comments".* FROM "comments" WHERE "comments"."article_id" = ? AND "comments"."id" = ? LIMIT ?[0m  [["article_id", 2], ["id", 2], ["LIMIT", 1]]
  ↳ app/controllers/comments_controller.rb:15
  [1m[35m (0.2ms)[0m  [1m[36mbegin transaction[0m
  ↳ app/controllers/comments_controller.rb:16
  [1m[36mComment Destroy (1.2ms)[0m  [1m[31mDELETE FROM "comments" WHERE "comments"."id" = ?[0m  [["id", 2]]
  ↳ app/controllers/comments_controller.rb:16
  [1m[35m (1.3ms)[0m  [1m[36mcommit transaction[0m
  ↳ app/controllers/comments_controller.rb:16
Redirected to http://localhost:3000/articles/2
Completed 302 Found in 12ms (ActiveRecord: 3.3ms)


Started GET "/articles/2" for ::1 at 2020-03-19 11:31:54 +1100
Processing by ArticlesController#show as HTML
  Parameters: {"id"=>"2"}
  [1m[36mArticle Load (0.9ms)[0m  [1m[34mSELECT  "articles".* FROM "articles" WHERE "articles"."id" = ? LIMIT ?[0m  [["id", 2], ["LIMIT", 1]]
  ↳ app/controllers/articles_controller.rb:11
  Rendering articles/show.html.erb within layouts/application
  [1m[36mComment Load (0.1ms)[0m  [1m[34mSELECT "comments".* FROM "comments" WHERE "comments"."article_id" = ?[0m  [["article_id", 2]]
  ↳ app/views/articles/show.html.erb:13
  Rendered collection of templates [0 times] (0.0ms)
  Rendered comments/_form.html.erb (2.6ms)
  Rendered articles/show.html.erb within layouts/application (6.2ms)
Completed 200 OK in 35ms (Views: 28.6ms | ActiveRecord: 1.0ms)


Started GET "/articles/2/edit" for ::1 at 2020-03-19 11:31:56 +1100
Processing by ArticlesController#edit as HTML
  Parameters: {"id"=>"2"}
  [1m[36mArticle Load (0.2ms)[0m  [1m[34mSELECT  "articles".* FROM "articles" WHERE "articles"."id" = ? LIMIT ?[0m  [["id", 2], ["LIMIT", 1]]
  ↳ app/controllers/articles_controller.rb:20
  Rendering articles/edit.html.erb within layouts/application
  Rendered articles/_form.html.erb (2.6ms)
  Rendered articles/edit.html.erb within layouts/application (5.0ms)
Completed 200 OK in 39ms (Views: 33.3ms | ActiveRecord: 0.2ms)


Started GET "/articles" for ::1 at 2020-03-19 11:31:58 +1100
Processing by ArticlesController#index as HTML
  Rendering articles/index.html.erb within layouts/application
  [1m[36mArticle Load (0.1ms)[0m  [1m[34mSELECT "articles".* FROM "articles"[0m
  ↳ app/views/articles/index.html.erb:11
  Rendered articles/index.html.erb within layouts/application (1.7ms)
Completed 200 OK in 31ms (Views: 27.9ms | ActiveRecord: 0.1ms)


Started GET "/" for ::1 at 2020-03-19 11:42:17 +1100
  [1m[35m (0.5ms)[0m  [1m[34mSELECT "schema_migrations"."version" FROM "schema_migrations" ORDER BY "schema_migrations"."version" ASC[0m
  ↳ /Users/gabriel/.rvm/gems/ruby-2.4.1/gems/activerecord-5.2.4.1/lib/active_record/log_subscriber.rb:98
Processing by WelcomeController#index as HTML
  Rendering welcome/index.html.erb within layouts/application
  Rendered welcome/index.html.erb within layouts/application (2.0ms)
Completed 200 OK in 191ms (Views: 187.6ms | ActiveRecord: 0.0ms)


Started GET "/articles" for ::1 at 2020-03-19 11:42:19 +1100
Processing by ArticlesController#index as HTML
  Rendering articles/index.html.erb within layouts/application
  [1m[36mArticle Load (0.9ms)[0m  [1m[34mSELECT "articles".* FROM "articles"[0m
  ↳ app/views/articles/index.html.erb:11
  Rendered articles/index.html.erb within layouts/application (9.9ms)
Completed 200 OK in 49ms (Views: 36.0ms | ActiveRecord: 1.5ms)


