  [1m[35m (259.9ms)[0m  [1m[35mCREATE DATABASE "ba-rails-backend_development" ENCODING = 'unicode'[0m
  ↳ bin/rails:4
  [1m[35m (88.5ms)[0m  [1m[35mCREATE DATABASE "ba-rails-backend_test" ENCODING = 'unicode'[0m
  ↳ bin/rails:4
  [1m[35m (22.5ms)[0m  [1m[35mCREATE TABLE "schema_migrations" ("version" character varying NOT NULL PRIMARY KEY)[0m
  ↳ bin/rails:4
  [1m[35m (5.6ms)[0m  [1m[35mCREATE TABLE "ar_internal_metadata" ("key" character varying NOT NULL PRIMARY KEY, "value" character varying, "created_at" timestamp NOT NULL, "updated_at" timestamp NOT NULL)[0m
  ↳ bin/rails:4
  [1m[35m (0.3ms)[0m  [1m[34mSELECT pg_try_advisory_lock(5816101650385582395)[0m
  ↳ bin/rails:4
  [1m[35m (0.7ms)[0m  [1m[34mSELECT "schema_migrations"."version" FROM "schema_migrations" ORDER BY "schema_migrations"."version" ASC[0m
  ↳ bin/rails:4
Migrating to CreateAirplanes (20200210003024)
  [1m[35m (0.2ms)[0m  [1m[35mBEGIN[0m
  ↳ bin/rails:4
  [1m[35m (10.9ms)[0m  [1m[35mCREATE TABLE "airplanes" ("id" bigserial primary key, "name" character varying, "rows" integer, "cols" integer, "created_at" timestamp NOT NULL, "updated_at" timestamp NOT NULL)[0m
  ↳ db/migrate/20200210003024_create_airplanes.rb:3
  [1m[36mActiveRecord::SchemaMigration Create (0.5ms)[0m  [1m[32mINSERT INTO "schema_migrations" ("version") VALUES ($1) RETURNING "version"[0m  [["version", "20200210003024"]]
  ↳ bin/rails:4
  [1m[35m (0.4ms)[0m  [1m[35mCOMMIT[0m
  ↳ bin/rails:4
Migrating to CreateFlights (20200210003149)
  [1m[35m (0.2ms)[0m  [1m[35mBEGIN[0m
  ↳ bin/rails:4
  [1m[35m (5.4ms)[0m  [1m[35mCREATE TABLE "flights" ("id" bigserial primary key, "flight_number" character varying, "departure_date" timestamp, "origin" character varying, "destination" character varying, "airplane_id" integer, "created_at" timestamp NOT NULL, "updated_at" timestamp NOT NULL)[0m
  ↳ db/migrate/20200210003149_create_flights.rb:3
  [1m[36mActiveRecord::SchemaMigration Create (0.4ms)[0m  [1m[32mINSERT INTO "schema_migrations" ("version") VALUES ($1) RETURNING "version"[0m  [["version", "20200210003149"]]
  ↳ bin/rails:4
  [1m[35m (1.1ms)[0m  [1m[35mCOMMIT[0m
  ↳ bin/rails:4
Migrating to CreateUsers (20200210003306)
  [1m[35m (0.2ms)[0m  [1m[35mBEGIN[0m
  ↳ bin/rails:4
  [1m[35m (21.9ms)[0m  [1m[35mCREATE TABLE "users" ("id" bigserial primary key, "name" character varying, "email" character varying, "password_digest" character varying, "created_at" timestamp NOT NULL, "updated_at" timestamp NOT NULL)[0m
  ↳ db/migrate/20200210003306_create_users.rb:3
  [1m[36mActiveRecord::SchemaMigration Create (3.5ms)[0m  [1m[32mINSERT INTO "schema_migrations" ("version") VALUES ($1) RETURNING "version"[0m  [["version", "20200210003306"]]
  ↳ bin/rails:4
  [1m[35m (0.4ms)[0m  [1m[35mCOMMIT[0m
  ↳ bin/rails:4
Migrating to CreateReservations (20200210003926)
  [1m[35m (0.4ms)[0m  [1m[35mBEGIN[0m
  ↳ bin/rails:4
  [1m[35m (3.8ms)[0m  [1m[35mCREATE TABLE "reservations" ("id" bigserial primary key, "row" integer, "col" integer, "paid" boolean, "flight_id" integer, "user_id" integer, "created_at" timestamp NOT NULL, "updated_at" timestamp NOT NULL)[0m
  ↳ db/migrate/20200210003926_create_reservations.rb:3
  [1m[36mActiveRecord::SchemaMigration Create (0.3ms)[0m  [1m[32mINSERT INTO "schema_migrations" ("version") VALUES ($1) RETURNING "version"[0m  [["version", "20200210003926"]]
  ↳ bin/rails:4
  [1m[35m (0.4ms)[0m  [1m[35mCOMMIT[0m
  ↳ bin/rails:4
  [1m[36mActiveRecord::InternalMetadata Load (0.5ms)[0m  [1m[34mSELECT  "ar_internal_metadata".* FROM "ar_internal_metadata" WHERE "ar_internal_metadata"."key" = $1 LIMIT $2[0m  [["key", "environment"], ["LIMIT", 1]]
  ↳ bin/rails:4
  [1m[35m (0.7ms)[0m  [1m[35mBEGIN[0m
  ↳ bin/rails:4
  [1m[36mActiveRecord::InternalMetadata Create (0.4ms)[0m  [1m[32mINSERT INTO "ar_internal_metadata" ("key", "value", "created_at", "updated_at") VALUES ($1, $2, $3, $4) RETURNING "key"[0m  [["key", "environment"], ["value", "development"], ["created_at", "2020-02-10 00:39:54.818837"], ["updated_at", "2020-02-10 00:39:54.818837"]]
  ↳ bin/rails:4
  [1m[35m (1.0ms)[0m  [1m[35mCOMMIT[0m
  ↳ bin/rails:4
  [1m[35m (0.2ms)[0m  [1m[34mSELECT pg_advisory_unlock(5816101650385582395)[0m
  ↳ bin/rails:4
  [1m[35m (0.2ms)[0m  [1m[34mSELECT "schema_migrations"."version" FROM "schema_migrations" ORDER BY "schema_migrations"."version" ASC[0m
  ↳ bin/rails:4
  [1m[35m (0.7ms)[0m  [1m[34mSELECT "schema_migrations"."version" FROM "schema_migrations" ORDER BY "schema_migrations"."version" ASC[0m
  ↳ bin/rails:4
  [1m[35m (0.8ms)[0m  [1m[34mSELECT "schema_migrations"."version" FROM "schema_migrations" ORDER BY "schema_migrations"."version" ASC[0m
  ↳ bin/rails:4
  [1m[35m (0.9ms)[0m  [1m[34mSELECT "schema_migrations"."version" FROM "schema_migrations" ORDER BY "schema_migrations"."version" ASC[0m
  ↳ bin/rails:4
  [1m[36mUser Load (1.4ms)[0m  [1m[34mSELECT "users".* FROM "users"[0m
  ↳ db/seeds.rb:9
  [1m[35m (0.2ms)[0m  [1m[35mBEGIN[0m
  ↳ db/seeds.rb:11
  [1m[36mUser Create (1.8ms)[0m  [1m[32mINSERT INTO "users" ("name", "email", "password_digest", "created_at", "updated_at") VALUES ($1, $2, $3, $4, $5) RETURNING "id"[0m  [["name", "Test user 1"], ["email", "one@one.com"], ["password_digest", "$2a$12$qmzXg.4RsPXV3AhHvO/UpO5YJtn7xHbfmXS2uwItpCATttu2Ym4aO"], ["created_at", "2020-02-10 01:18:34.923675"], ["updated_at", "2020-02-10 01:18:34.923675"]]
  ↳ db/seeds.rb:11
  [1m[35m (1.5ms)[0m  [1m[35mCOMMIT[0m
  ↳ db/seeds.rb:11
  [1m[35m (0.2ms)[0m  [1m[35mBEGIN[0m
  ↳ db/seeds.rb:12
  [1m[36mUser Create (0.4ms)[0m  [1m[32mINSERT INTO "users" ("name", "email", "password_digest", "created_at", "updated_at") VALUES ($1, $2, $3, $4, $5) RETURNING "id"[0m  [["name", "Test user 2"], ["email", "two@one.com"], ["password_digest", "$2a$12$kBWNBkdORmeQDx7zB7xO9OfRvGgtlBxt3r5apZOsUFa5ZfgnKIutu"], ["created_at", "2020-02-10 01:18:35.125766"], ["updated_at", "2020-02-10 01:18:35.125766"]]
  ↳ db/seeds.rb:12
  [1m[35m (1.1ms)[0m  [1m[35mCOMMIT[0m
  ↳ db/seeds.rb:12
  [1m[35m (0.2ms)[0m  [1m[35mBEGIN[0m
  ↳ db/seeds.rb:13
  [1m[36mUser Create (0.4ms)[0m  [1m[32mINSERT INTO "users" ("name", "email", "password_digest", "created_at", "updated_at") VALUES ($1, $2, $3, $4, $5) RETURNING "id"[0m  [["name", "Test user 3"], ["email", "three@one.com"], ["password_digest", "$2a$12$W9VHY/.ZljqF0bLiUy57YuH0u2EfX0C46f57aI5iR/NH6fsYM9lxi"], ["created_at", "2020-02-10 01:18:35.325164"], ["updated_at", "2020-02-10 01:18:35.325164"]]
  ↳ db/seeds.rb:13
  [1m[35m (1.0ms)[0m  [1m[35mCOMMIT[0m
  ↳ db/seeds.rb:13
  [1m[36mUser Load (0.5ms)[0m  [1m[34mSELECT "users".* FROM "users"[0m
  ↳ db/seeds.rb:14
  [1m[36mAirplane Load (2.9ms)[0m  [1m[34mSELECT "airplanes".* FROM "airplanes"[0m
  ↳ db/seeds.rb:16
  [1m[35m (1.2ms)[0m  [1m[34mSELECT "schema_migrations"."version" FROM "schema_migrations" ORDER BY "schema_migrations"."version" ASC[0m
  ↳ bin/rails:4
  [1m[36mUser Load (1.0ms)[0m  [1m[34mSELECT "users".* FROM "users"[0m
  ↳ db/seeds.rb:9
  [1m[35m (0.2ms)[0m  [1m[35mBEGIN[0m
  ↳ db/seeds.rb:9
  [1m[36mUser Destroy (10.0ms)[0m  [1m[31mDELETE FROM "users" WHERE "users"."id" = $1[0m  [["id", 1]]
  ↳ db/seeds.rb:9
  [1m[35m (0.7ms)[0m  [1m[35mCOMMIT[0m
  ↳ db/seeds.rb:9
  [1m[35m (0.2ms)[0m  [1m[35mBEGIN[0m
  ↳ db/seeds.rb:9
  [1m[36mUser Destroy (0.5ms)[0m  [1m[31mDELETE FROM "users" WHERE "users"."id" = $1[0m  [["id", 2]]
  ↳ db/seeds.rb:9
  [1m[35m (0.5ms)[0m  [1m[35mCOMMIT[0m
  ↳ db/seeds.rb:9
  [1m[35m (0.2ms)[0m  [1m[35mBEGIN[0m
  ↳ db/seeds.rb:9
  [1m[36mUser Destroy (0.6ms)[0m  [1m[31mDELETE FROM "users" WHERE "users"."id" = $1[0m  [["id", 3]]
  ↳ db/seeds.rb:9
  [1m[35m (0.4ms)[0m  [1m[35mCOMMIT[0m
  ↳ db/seeds.rb:9
  [1m[35m (0.1ms)[0m  [1m[35mBEGIN[0m
  ↳ db/seeds.rb:11
  [1m[36mUser Create (0.6ms)[0m  [1m[32mINSERT INTO "users" ("name", "email", "password_digest", "created_at", "updated_at") VALUES ($1, $2, $3, $4, $5) RETURNING "id"[0m  [["name", "Test user 1"], ["email", "one@one.com"], ["password_digest", "$2a$12$fr6Y2H7l7SNRRXaJQo/NHuCbSsfn8Su1L5S8CVrD77LjU5VWaywUe"], ["created_at", "2020-02-10 01:19:01.181041"], ["updated_at", "2020-02-10 01:19:01.181041"]]
  ↳ db/seeds.rb:11
  [1m[35m (0.6ms)[0m  [1m[35mCOMMIT[0m
  ↳ db/seeds.rb:11
  [1m[35m (0.2ms)[0m  [1m[35mBEGIN[0m
  ↳ db/seeds.rb:12
  [1m[36mUser Create (0.4ms)[0m  [1m[32mINSERT INTO "users" ("name", "email", "password_digest", "created_at", "updated_at") VALUES ($1, $2, $3, $4, $5) RETURNING "id"[0m  [["name", "Test user 2"], ["email", "two@one.com"], ["password_digest", "$2a$12$IgCGyxHoxTtlV/yZrUuY6O1V7F0XR9SDxiPaAYIiNkpEF0TTuv2Rq"], ["created_at", "2020-02-10 01:19:01.388584"], ["updated_at", "2020-02-10 01:19:01.388584"]]
  ↳ db/seeds.rb:12
  [1m[35m (0.7ms)[0m  [1m[35mCOMMIT[0m
  ↳ db/seeds.rb:12
  [1m[35m (0.2ms)[0m  [1m[35mBEGIN[0m
  ↳ db/seeds.rb:13
  [1m[36mUser Create (0.4ms)[0m  [1m[32mINSERT INTO "users" ("name", "email", "password_digest", "created_at", "updated_at") VALUES ($1, $2, $3, $4, $5) RETURNING "id"[0m  [["name", "Test user 3"], ["email", "three@one.com"], ["password_digest", "$2a$12$BTZCnZBeL26vVWYhvo5duu3rTjwqj0KRUPT6RoDCeZOoL2OKHaL8e"], ["created_at", "2020-02-10 01:19:01.595424"], ["updated_at", "2020-02-10 01:19:01.595424"]]
  ↳ db/seeds.rb:13
  [1m[35m (1.0ms)[0m  [1m[35mCOMMIT[0m
  ↳ db/seeds.rb:13
  [1m[36mUser Load (0.4ms)[0m  [1m[34mSELECT "users".* FROM "users"[0m
  ↳ db/seeds.rb:14
  [1m[36mAirplane Load (0.5ms)[0m  [1m[34mSELECT "airplanes".* FROM "airplanes"[0m
  ↳ db/seeds.rb:16
  [1m[35m (0.1ms)[0m  [1m[35mBEGIN[0m
  ↳ db/seeds.rb:18
  [1m[36mAirplane Create (0.7ms)[0m  [1m[32mINSERT INTO "airplanes" ("name", "rows", "cols", "created_at", "updated_at") VALUES ($1, $2, $3, $4, $5) RETURNING "id"[0m  [["name", "737"], ["rows", 40], ["cols", 6], ["created_at", "2020-02-10 01:19:01.612389"], ["updated_at", "2020-02-10 01:19:01.612389"]]
  ↳ db/seeds.rb:18
  [1m[35m (0.4ms)[0m  [1m[35mCOMMIT[0m
  ↳ db/seeds.rb:18
  [1m[35m (0.1ms)[0m  [1m[35mBEGIN[0m
  ↳ db/seeds.rb:19
  [1m[36mAirplane Create (0.3ms)[0m  [1m[32mINSERT INTO "airplanes" ("name", "rows", "cols", "created_at", "updated_at") VALUES ($1, $2, $3, $4, $5) RETURNING "id"[0m  [["name", "737 MAX"], ["rows", 60], ["cols", 8], ["created_at", "2020-02-10 01:19:01.615140"], ["updated_at", "2020-02-10 01:19:01.615140"]]
  ↳ db/seeds.rb:19
  [1m[35m (0.3ms)[0m  [1m[35mCOMMIT[0m
  ↳ db/seeds.rb:19
  [1m[36mAirplane Load (0.4ms)[0m  [1m[34mSELECT "airplanes".* FROM "airplanes"[0m
  ↳ db/seeds.rb:20
  [1m[36mFlight Load (3.1ms)[0m  [1m[34mSELECT "flights".* FROM "flights"[0m
  ↳ db/seeds.rb:22
  [1m[35m (0.1ms)[0m  [1m[35mBEGIN[0m
  ↳ db/seeds.rb:26
  [1m[36mFlight Create (1.5ms)[0m  [1m[32mINSERT INTO "flights" ("flight_number", "departure_date", "origin", "destination", "airplane_id", "created_at", "updated_at") VALUES ($1, $2, $3, $4, $5, $6, $7) RETURNING "id"[0m  [["flight_number", "BA256"], ["departure_date", "2020-03-01 04:20:00"], ["origin", "SYD"], ["destination", "SIN"], ["airplane_id", 1], ["created_at", "2020-02-10 01:19:01.641970"], ["updated_at", "2020-02-10 01:19:01.641970"]]
  ↳ db/seeds.rb:26
  [1m[35m (0.3ms)[0m  [1m[35mCOMMIT[0m
  ↳ db/seeds.rb:26
  [1m[35m (0.1ms)[0m  [1m[35mBEGIN[0m
  ↳ db/seeds.rb:27
  [1m[36mFlight Create (0.3ms)[0m  [1m[32mINSERT INTO "flights" ("flight_number", "departure_date", "origin", "destination", "airplane_id", "created_at", "updated_at") VALUES ($1, $2, $3, $4, $5, $6, $7) RETURNING "id"[0m  [["flight_number", "BA512"], ["departure_date", "2020-04-01 11:20:00"], ["origin", "SYD"], ["destination", "SIN"], ["airplane_id", 1], ["created_at", "2020-02-10 01:19:01.646483"], ["updated_at", "2020-02-10 01:19:01.646483"]]
  ↳ db/seeds.rb:27
  [1m[35m (0.4ms)[0m  [1m[35mCOMMIT[0m
  ↳ db/seeds.rb:27
  [1m[35m (0.1ms)[0m  [1m[35mBEGIN[0m
  ↳ db/seeds.rb:28
  [1m[36mFlight Create (0.2ms)[0m  [1m[32mINSERT INTO "flights" ("flight_number", "departure_date", "origin", "destination", "airplane_id", "created_at", "updated_at") VALUES ($1, $2, $3, $4, $5, $6, $7) RETURNING "id"[0m  [["flight_number", "BA1024"], ["departure_date", "2020-05-23 14:20:00"], ["origin", "SYD"], ["destination", "MEL"], ["airplane_id", 2], ["created_at", "2020-02-10 01:19:01.648895"], ["updated_at", "2020-02-10 01:19:01.648895"]]
  ↳ db/seeds.rb:28
  [1m[35m (0.3ms)[0m  [1m[35mCOMMIT[0m
  ↳ db/seeds.rb:28
  [1m[36mFlight Load (0.2ms)[0m  [1m[34mSELECT "flights".* FROM "flights"[0m
  ↳ db/seeds.rb:29
  [1m[36mReservation Load (3.4ms)[0m  [1m[34mSELECT "reservations".* FROM "reservations"[0m
  ↳ db/seeds.rb:31
  [1m[35m (0.1ms)[0m  [1m[35mBEGIN[0m
  ↳ db/seeds.rb:33
  [1m[36mReservation Create (1.5ms)[0m  [1m[32mINSERT INTO "reservations" ("row", "col", "flight_id", "user_id", "created_at", "updated_at") VALUES ($1, $2, $3, $4, $5, $6) RETURNING "id"[0m  [["row", 10], ["col", 2], ["flight_id", 1], ["user_id", 4], ["created_at", "2020-02-10 01:19:01.697895"], ["updated_at", "2020-02-10 01:19:01.697895"]]
  ↳ db/seeds.rb:33
  [1m[35m (0.3ms)[0m  [1m[35mCOMMIT[0m
  ↳ db/seeds.rb:33
  [1m[35m (0.1ms)[0m  [1m[35mBEGIN[0m
  ↳ db/seeds.rb:34
  [1m[36mReservation Create (0.3ms)[0m  [1m[32mINSERT INTO "reservations" ("row", "col", "flight_id", "user_id", "created_at", "updated_at") VALUES ($1, $2, $3, $4, $5, $6) RETURNING "id"[0m  [["row", 10], ["col", 3], ["flight_id", 1], ["user_id", 5], ["created_at", "2020-02-10 01:19:01.701297"], ["updated_at", "2020-02-10 01:19:01.701297"]]
  ↳ db/seeds.rb:34
  [1m[35m (0.3ms)[0m  [1m[35mCOMMIT[0m
  ↳ db/seeds.rb:34
  [1m[35m (0.1ms)[0m  [1m[35mBEGIN[0m
  ↳ db/seeds.rb:35
  [1m[36mReservation Create (0.2ms)[0m  [1m[32mINSERT INTO "reservations" ("row", "col", "flight_id", "user_id", "created_at", "updated_at") VALUES ($1, $2, $3, $4, $5, $6) RETURNING "id"[0m  [["row", 10], ["col", 4], ["flight_id", 1], ["user_id", 6], ["created_at", "2020-02-10 01:19:01.703002"], ["updated_at", "2020-02-10 01:19:01.703002"]]
  ↳ db/seeds.rb:35
  [1m[35m (0.3ms)[0m  [1m[35mCOMMIT[0m
  ↳ db/seeds.rb:35
  [1m[35m (0.1ms)[0m  [1m[35mBEGIN[0m
  ↳ db/seeds.rb:36
  [1m[36mReservation Create (0.2ms)[0m  [1m[32mINSERT INTO "reservations" ("row", "col", "flight_id", "user_id", "created_at", "updated_at") VALUES ($1, $2, $3, $4, $5, $6) RETURNING "id"[0m  [["row", 15], ["col", 1], ["flight_id", 2], ["user_id", 6], ["created_at", "2020-02-10 01:19:01.704579"], ["updated_at", "2020-02-10 01:19:01.704579"]]
  ↳ db/seeds.rb:36
  [1m[35m (0.3ms)[0m  [1m[35mCOMMIT[0m
  ↳ db/seeds.rb:36
  [1m[36mReservation Load (0.2ms)[0m  [1m[34mSELECT "reservations".* FROM "reservations"[0m
  ↳ db/seeds.rb:37
  [1m[36mAirplane Load (0.2ms)[0m  [1m[34mSELECT  "airplanes".* FROM "airplanes" ORDER BY "airplanes"."id" ASC LIMIT $1[0m  [["LIMIT", 1]]
  ↳ db/seeds.rb:40
  [1m[36mFlight Load (0.2ms)[0m  [1m[34mSELECT  "flights".* FROM "flights" ORDER BY "flights"."id" ASC LIMIT $1[0m  [["LIMIT", 1]]
  ↳ db/seeds.rb:41
  [1m[36mReservation Load (0.2ms)[0m  [1m[34mSELECT "reservations".* FROM "reservations" WHERE "reservations"."flight_id" = $1[0m  [["flight_id", 1]]
  ↳ db/seeds.rb:41
  [1m[36mUser Load (0.2ms)[0m  [1m[34mSELECT  "users".* FROM "users" ORDER BY "users"."id" ASC LIMIT $1 OFFSET $2[0m  [["LIMIT", 1], ["OFFSET", 2]]
  ↳ db/seeds.rb:42
  [1m[36mReservation Load (0.2ms)[0m  [1m[34mSELECT "reservations".* FROM "reservations" WHERE "reservations"."user_id" = $1[0m  [["user_id", 6]]
  ↳ db/seeds.rb:42
  [1m[35m (0.7ms)[0m  [1m[34mSELECT "schema_migrations"."version" FROM "schema_migrations" ORDER BY "schema_migrations"."version" ASC[0m
  ↳ bin/rails:4
  [1m[36mUser Load (0.6ms)[0m  [1m[34mSELECT "users".* FROM "users"[0m
  ↳ db/seeds.rb:9
  [1m[35m (0.2ms)[0m  [1m[35mBEGIN[0m
  ↳ db/seeds.rb:9
  [1m[36mUser Destroy (0.6ms)[0m  [1m[31mDELETE FROM "users" WHERE "users"."id" = $1[0m  [["id", 4]]
  ↳ db/seeds.rb:9
  [1m[35m (0.6ms)[0m  [1m[35mCOMMIT[0m
  ↳ db/seeds.rb:9
  [1m[35m (0.1ms)[0m  [1m[35mBEGIN[0m
  ↳ db/seeds.rb:9
  [1m[36mUser Destroy (1.3ms)[0m  [1m[31mDELETE FROM "users" WHERE "users"."id" = $1[0m  [["id", 5]]
  ↳ db/seeds.rb:9
  [1m[35m (0.6ms)[0m  [1m[35mCOMMIT[0m
  ↳ db/seeds.rb:9
  [1m[35m (0.2ms)[0m  [1m[35mBEGIN[0m
  ↳ db/seeds.rb:9
  [1m[36mUser Destroy (0.4ms)[0m  [1m[31mDELETE FROM "users" WHERE "users"."id" = $1[0m  [["id", 6]]
  ↳ db/seeds.rb:9
  [1m[35m (0.4ms)[0m  [1m[35mCOMMIT[0m
  ↳ db/seeds.rb:9
  [1m[35m (0.2ms)[0m  [1m[35mBEGIN[0m
  ↳ db/seeds.rb:11
  [1m[36mUser Create (0.7ms)[0m  [1m[32mINSERT INTO "users" ("name", "email", "password_digest", "created_at", "updated_at") VALUES ($1, $2, $3, $4, $5) RETURNING "id"[0m  [["name", "Test user 1"], ["email", "one@one.com"], ["password_digest", "$2a$12$YZouRTAcsyzkqxrypsmI2efsGWOel070eGKUgj9EjoV/QzMEfJLRi"], ["created_at", "2020-02-10 01:19:50.016377"], ["updated_at", "2020-02-10 01:19:50.016377"]]
  ↳ db/seeds.rb:11
  [1m[35m (0.6ms)[0m  [1m[35mCOMMIT[0m
  ↳ db/seeds.rb:11
  [1m[35m (0.2ms)[0m  [1m[35mBEGIN[0m
  ↳ db/seeds.rb:12
  [1m[36mUser Create (0.4ms)[0m  [1m[32mINSERT INTO "users" ("name", "email", "password_digest", "created_at", "updated_at") VALUES ($1, $2, $3, $4, $5) RETURNING "id"[0m  [["name", "Test user 2"], ["email", "two@one.com"], ["password_digest", "$2a$12$kuqjr6JwMboLHQIWVf7Jp.9IRLpQtUTh5iekQh7Z8g48AudG0VTyu"], ["created_at", "2020-02-10 01:19:50.225834"], ["updated_at", "2020-02-10 01:19:50.225834"]]
  ↳ db/seeds.rb:12
  [1m[35m (0.6ms)[0m  [1m[35mCOMMIT[0m
  ↳ db/seeds.rb:12
  [1m[35m (0.2ms)[0m  [1m[35mBEGIN[0m
  ↳ db/seeds.rb:13
  [1m[36mUser Create (0.6ms)[0m  [1m[32mINSERT INTO "users" ("name", "email", "password_digest", "created_at", "updated_at") VALUES ($1, $2, $3, $4, $5) RETURNING "id"[0m  [["name", "Test user 3"], ["email", "three@one.com"], ["password_digest", "$2a$12$LE91hX.Baoz3wWoAvBS7n.qb79omKbqZV6hALP/v6nKp4lN0v7J4."], ["created_at", "2020-02-10 01:19:50.431790"], ["updated_at", "2020-02-10 01:19:50.431790"]]
  ↳ db/seeds.rb:13
  [1m[35m (0.9ms)[0m  [1m[35mCOMMIT[0m
  ↳ db/seeds.rb:13
  [1m[36mUser Load (0.4ms)[0m  [1m[34mSELECT "users".* FROM "users"[0m
  ↳ db/seeds.rb:14
  [1m[36mAirplane Load (0.5ms)[0m  [1m[34mSELECT "airplanes".* FROM "airplanes"[0m
  ↳ db/seeds.rb:16
  [1m[35m (0.1ms)[0m  [1m[35mBEGIN[0m
  ↳ db/seeds.rb:16
  [1m[36mAirplane Destroy (0.3ms)[0m  [1m[31mDELETE FROM "airplanes" WHERE "airplanes"."id" = $1[0m  [["id", 1]]
  ↳ db/seeds.rb:16
  [1m[35m (0.4ms)[0m  [1m[35mCOMMIT[0m
  ↳ db/seeds.rb:16
  [1m[35m (0.1ms)[0m  [1m[35mBEGIN[0m
  ↳ db/seeds.rb:16
  [1m[36mAirplane Destroy (0.3ms)[0m  [1m[31mDELETE FROM "airplanes" WHERE "airplanes"."id" = $1[0m  [["id", 2]]
  ↳ db/seeds.rb:16
  [1m[35m (0.4ms)[0m  [1m[35mCOMMIT[0m
  ↳ db/seeds.rb:16
  [1m[35m (0.1ms)[0m  [1m[35mBEGIN[0m
  ↳ db/seeds.rb:18
  [1m[36mAirplane Create (0.5ms)[0m  [1m[32mINSERT INTO "airplanes" ("name", "rows", "cols", "created_at", "updated_at") VALUES ($1, $2, $3, $4, $5) RETURNING "id"[0m  [["name", "737"], ["rows", 40], ["cols", 6], ["created_at", "2020-02-10 01:19:50.452751"], ["updated_at", "2020-02-10 01:19:50.452751"]]
  ↳ db/seeds.rb:18
  [1m[35m (0.3ms)[0m  [1m[35mCOMMIT[0m
  ↳ db/seeds.rb:18
  [1m[35m (0.2ms)[0m  [1m[35mBEGIN[0m
  ↳ db/seeds.rb:19
  [1m[36mAirplane Create (0.3ms)[0m  [1m[32mINSERT INTO "airplanes" ("name", "rows", "cols", "created_at", "updated_at") VALUES ($1, $2, $3, $4, $5) RETURNING "id"[0m  [["name", "737 MAX"], ["rows", 60], ["cols", 8], ["created_at", "2020-02-10 01:19:50.455458"], ["updated_at", "2020-02-10 01:19:50.455458"]]
  ↳ db/seeds.rb:19
  [1m[35m (0.3ms)[0m  [1m[35mCOMMIT[0m
  ↳ db/seeds.rb:19
  [1m[36mAirplane Load (0.4ms)[0m  [1m[34mSELECT "airplanes".* FROM "airplanes"[0m
  ↳ db/seeds.rb:20
  [1m[36mFlight Load (0.5ms)[0m  [1m[34mSELECT "flights".* FROM "flights"[0m
  ↳ db/seeds.rb:22
  [1m[35m (0.2ms)[0m  [1m[35mBEGIN[0m
  ↳ db/seeds.rb:22
  [1m[36mFlight Destroy (0.3ms)[0m  [1m[31mDELETE FROM "flights" WHERE "flights"."id" = $1[0m  [["id", 1]]
  ↳ db/seeds.rb:22
  [1m[35m (0.4ms)[0m  [1m[35mCOMMIT[0m
  ↳ db/seeds.rb:22
  [1m[35m (0.1ms)[0m  [1m[35mBEGIN[0m
  ↳ db/seeds.rb:22
  [1m[36mFlight Destroy (0.3ms)[0m  [1m[31mDELETE FROM "flights" WHERE "flights"."id" = $1[0m  [["id", 2]]
  ↳ db/seeds.rb:22
  [1m[35m (0.4ms)[0m  [1m[35mCOMMIT[0m
  ↳ db/seeds.rb:22
  [1m[35m (0.1ms)[0m  [1m[35mBEGIN[0m
  ↳ db/seeds.rb:22
  [1m[36mFlight Destroy (0.3ms)[0m  [1m[31mDELETE FROM "flights" WHERE "flights"."id" = $1[0m  [["id", 3]]
  ↳ db/seeds.rb:22
  [1m[35m (0.4ms)[0m  [1m[35mCOMMIT[0m
  ↳ db/seeds.rb:22
  [1m[35m (0.2ms)[0m  [1m[35mBEGIN[0m
  ↳ db/seeds.rb:26
  [1m[36mFlight Create (0.4ms)[0m  [1m[32mINSERT INTO "flights" ("flight_number", "departure_date", "origin", "destination", "airplane_id", "created_at", "updated_at") VALUES ($1, $2, $3, $4, $5, $6, $7) RETURNING "id"[0m  [["flight_number", "BA256"], ["departure_date", "2020-03-01 04:20:00"], ["origin", "SYD"], ["destination", "SIN"], ["airplane_id", 3], ["created_at", "2020-02-10 01:19:50.480881"], ["updated_at", "2020-02-10 01:19:50.480881"]]
  ↳ db/seeds.rb:26
  [1m[35m (0.3ms)[0m  [1m[35mCOMMIT[0m
  ↳ db/seeds.rb:26
  [1m[35m (0.1ms)[0m  [1m[35mBEGIN[0m
  ↳ db/seeds.rb:27
  [1m[36mFlight Create (0.4ms)[0m  [1m[32mINSERT INTO "flights" ("flight_number", "departure_date", "origin", "destination", "airplane_id", "created_at", "updated_at") VALUES ($1, $2, $3, $4, $5, $6, $7) RETURNING "id"[0m  [["flight_number", "BA512"], ["departure_date", "2020-04-01 11:20:00"], ["origin", "SYD"], ["destination", "SIN"], ["airplane_id", 3], ["created_at", "2020-02-10 01:19:50.484169"], ["updated_at", "2020-02-10 01:19:50.484169"]]
  ↳ db/seeds.rb:27
  [1m[35m (0.4ms)[0m  [1m[35mCOMMIT[0m
  ↳ db/seeds.rb:27
  [1m[35m (0.1ms)[0m  [1m[35mBEGIN[0m
  ↳ db/seeds.rb:28
  [1m[36mFlight Create (0.3ms)[0m  [1m[32mINSERT INTO "flights" ("flight_number", "departure_date", "origin", "destination", "airplane_id", "created_at", "updated_at") VALUES ($1, $2, $3, $4, $5, $6, $7) RETURNING "id"[0m  [["flight_number", "BA1024"], ["departure_date", "2020-05-23 14:20:00"], ["origin", "SYD"], ["destination", "MEL"], ["airplane_id", 4], ["created_at", "2020-02-10 01:19:50.486707"], ["updated_at", "2020-02-10 01:19:50.486707"]]
  ↳ db/seeds.rb:28
  [1m[35m (0.4ms)[0m  [1m[35mCOMMIT[0m
  ↳ db/seeds.rb:28
  [1m[36mFlight Load (0.3ms)[0m  [1m[34mSELECT "flights".* FROM "flights"[0m
  ↳ db/seeds.rb:29
  [1m[36mReservation Load (0.5ms)[0m  [1m[34mSELECT "reservations".* FROM "reservations"[0m
  ↳ db/seeds.rb:31
  [1m[35m (0.2ms)[0m  [1m[35mBEGIN[0m
  ↳ db/seeds.rb:31
  [1m[36mReservation Destroy (0.3ms)[0m  [1m[31mDELETE FROM "reservations" WHERE "reservations"."id" = $1[0m  [["id", 1]]
  ↳ db/seeds.rb:31
  [1m[35m (0.4ms)[0m  [1m[35mCOMMIT[0m
  ↳ db/seeds.rb:31
  [1m[35m (0.1ms)[0m  [1m[35mBEGIN[0m
  ↳ db/seeds.rb:31
  [1m[36mReservation Destroy (0.2ms)[0m  [1m[31mDELETE FROM "reservations" WHERE "reservations"."id" = $1[0m  [["id", 2]]
  ↳ db/seeds.rb:31
  [1m[35m (0.4ms)[0m  [1m[35mCOMMIT[0m
  ↳ db/seeds.rb:31
  [1m[35m (0.1ms)[0m  [1m[35mBEGIN[0m
  ↳ db/seeds.rb:31
  [1m[36mReservation Destroy (0.3ms)[0m  [1m[31mDELETE FROM "reservations" WHERE "reservations"."id" = $1[0m  [["id", 3]]
  ↳ db/seeds.rb:31
  [1m[35m (0.3ms)[0m  [1m[35mCOMMIT[0m
  ↳ db/seeds.rb:31
  [1m[35m (0.1ms)[0m  [1m[35mBEGIN[0m
  ↳ db/seeds.rb:31
  [1m[36mReservation Destroy (0.3ms)[0m  [1m[31mDELETE FROM "reservations" WHERE "reservations"."id" = $1[0m  [["id", 4]]
  ↳ db/seeds.rb:31
  [1m[35m (0.4ms)[0m  [1m[35mCOMMIT[0m
  ↳ db/seeds.rb:31
  [1m[35m (0.2ms)[0m  [1m[35mBEGIN[0m
  ↳ db/seeds.rb:33
  [1m[36mReservation Create (0.4ms)[0m  [1m[32mINSERT INTO "reservations" ("row", "col", "flight_id", "user_id", "created_at", "updated_at") VALUES ($1, $2, $3, $4, $5, $6) RETURNING "id"[0m  [["row", 10], ["col", 2], ["flight_id", 4], ["user_id", 7], ["created_at", "2020-02-10 01:19:50.520441"], ["updated_at", "2020-02-10 01:19:50.520441"]]
  ↳ db/seeds.rb:33
  [1m[35m (0.6ms)[0m  [1m[35mCOMMIT[0m
  ↳ db/seeds.rb:33
  [1m[35m (0.1ms)[0m  [1m[35mBEGIN[0m
  ↳ db/seeds.rb:34
  [1m[36mReservation Create (0.3ms)[0m  [1m[32mINSERT INTO "reservations" ("row", "col", "flight_id", "user_id", "created_at", "updated_at") VALUES ($1, $2, $3, $4, $5, $6) RETURNING "id"[0m  [["row", 10], ["col", 3], ["flight_id", 4], ["user_id", 8], ["created_at", "2020-02-10 01:19:50.523341"], ["updated_at", "2020-02-10 01:19:50.523341"]]
  ↳ db/seeds.rb:34
  [1m[35m (0.4ms)[0m  [1m[35mCOMMIT[0m
  ↳ db/seeds.rb:34
  [1m[35m (0.1ms)[0m  [1m[35mBEGIN[0m
  ↳ db/seeds.rb:35
  [1m[36mReservation Create (0.3ms)[0m  [1m[32mINSERT INTO "reservations" ("row", "col", "flight_id", "user_id", "created_at", "updated_at") VALUES ($1, $2, $3, $4, $5, $6) RETURNING "id"[0m  [["row", 10], ["col", 4], ["flight_id", 4], ["user_id", 9], ["created_at", "2020-02-10 01:19:50.525507"], ["updated_at", "2020-02-10 01:19:50.525507"]]
  ↳ db/seeds.rb:35
  [1m[35m (0.3ms)[0m  [1m[35mCOMMIT[0m
  ↳ db/seeds.rb:35
  [1m[35m (0.1ms)[0m  [1m[35mBEGIN[0m
  ↳ db/seeds.rb:36
  [1m[36mReservation Create (0.4ms)[0m  [1m[32mINSERT INTO "reservations" ("row", "col", "flight_id", "user_id", "created_at", "updated_at") VALUES ($1, $2, $3, $4, $5, $6) RETURNING "id"[0m  [["row", 15], ["col", 1], ["flight_id", 5], ["user_id", 9], ["created_at", "2020-02-10 01:19:50.527712"], ["updated_at", "2020-02-10 01:19:50.527712"]]
  ↳ db/seeds.rb:36
  [1m[35m (0.3ms)[0m  [1m[35mCOMMIT[0m
  ↳ db/seeds.rb:36
  [1m[36mReservation Load (0.2ms)[0m  [1m[34mSELECT "reservations".* FROM "reservations"[0m
  ↳ db/seeds.rb:37
  [1m[36mAirplane Load (0.2ms)[0m  [1m[34mSELECT  "airplanes".* FROM "airplanes" ORDER BY "airplanes"."id" ASC LIMIT $1[0m  [["LIMIT", 1]]
  ↳ db/seeds.rb:40
  [1m[36mFlight Load (0.3ms)[0m  [1m[34mSELECT  "flights".* FROM "flights" ORDER BY "flights"."id" ASC LIMIT $1[0m  [["LIMIT", 1]]
  ↳ db/seeds.rb:41
  [1m[36mReservation Load (0.2ms)[0m  [1m[34mSELECT "reservations".* FROM "reservations" WHERE "reservations"."flight_id" = $1[0m  [["flight_id", 4]]
  ↳ db/seeds.rb:41
  [1m[36mUser Load (0.3ms)[0m  [1m[34mSELECT  "users".* FROM "users" ORDER BY "users"."id" ASC LIMIT $1 OFFSET $2[0m  [["LIMIT", 1], ["OFFSET", 2]]
  ↳ db/seeds.rb:42
  [1m[36mReservation Load (0.2ms)[0m  [1m[34mSELECT "reservations".* FROM "reservations" WHERE "reservations"."user_id" = $1[0m  [["user_id", 9]]
  ↳ db/seeds.rb:42
  [1m[35m (0.6ms)[0m  [1m[34mSELECT "schema_migrations"."version" FROM "schema_migrations" ORDER BY "schema_migrations"."version" ASC[0m
  ↳ bin/rails:4
  [1m[36mUser Load (0.6ms)[0m  [1m[34mSELECT "users".* FROM "users"[0m
  ↳ db/seeds.rb:9
  [1m[35m (0.2ms)[0m  [1m[35mBEGIN[0m
  ↳ db/seeds.rb:9
  [1m[36mUser Destroy (0.5ms)[0m  [1m[31mDELETE FROM "users" WHERE "users"."id" = $1[0m  [["id", 7]]
  ↳ db/seeds.rb:9
  [1m[35m (0.4ms)[0m  [1m[35mCOMMIT[0m
  ↳ db/seeds.rb:9
  [1m[35m (0.1ms)[0m  [1m[35mBEGIN[0m
  ↳ db/seeds.rb:9
  [1m[36mUser Destroy (0.2ms)[0m  [1m[31mDELETE FROM "users" WHERE "users"."id" = $1[0m  [["id", 8]]
  ↳ db/seeds.rb:9
  [1m[35m (0.3ms)[0m  [1m[35mCOMMIT[0m
  ↳ db/seeds.rb:9
  [1m[35m (0.1ms)[0m  [1m[35mBEGIN[0m
  ↳ db/seeds.rb:9
  [1m[36mUser Destroy (0.2ms)[0m  [1m[31mDELETE FROM "users" WHERE "users"."id" = $1[0m  [["id", 9]]
  ↳ db/seeds.rb:9
  [1m[35m (0.4ms)[0m  [1m[35mCOMMIT[0m
  ↳ db/seeds.rb:9
  [1m[35m (0.2ms)[0m  [1m[35mBEGIN[0m
  ↳ db/seeds.rb:11
  [1m[36mUser Create (0.5ms)[0m  [1m[32mINSERT INTO "users" ("name", "email", "password_digest", "created_at", "updated_at") VALUES ($1, $2, $3, $4, $5) RETURNING "id"[0m  [["name", "Test user 1"], ["email", "one@one.com"], ["password_digest", "$2a$12$kJkVA0LSmftjBDSwf1RbpOApcoR1HlZqeR6hda8hfpLX7WEqMnOVq"], ["created_at", "2020-02-10 01:20:03.208155"], ["updated_at", "2020-02-10 01:20:03.208155"]]
  ↳ db/seeds.rb:11
  [1m[35m (0.3ms)[0m  [1m[35mCOMMIT[0m
  ↳ db/seeds.rb:11
  [1m[35m (0.2ms)[0m  [1m[35mBEGIN[0m
  ↳ db/seeds.rb:12
  [1m[36mUser Create (0.4ms)[0m  [1m[32mINSERT INTO "users" ("name", "email", "password_digest", "created_at", "updated_at") VALUES ($1, $2, $3, $4, $5) RETURNING "id"[0m  [["name", "Test user 2"], ["email", "two@one.com"], ["password_digest", "$2a$12$5jMLO4Dr7UA.7zNS8/A3lOUNLALmbLz6C7C3NR4qMVQV3U6vRS4la"], ["created_at", "2020-02-10 01:20:03.415299"], ["updated_at", "2020-02-10 01:20:03.415299"]]
  ↳ db/seeds.rb:12
  [1m[35m (0.9ms)[0m  [1m[35mCOMMIT[0m
  ↳ db/seeds.rb:12
  [1m[35m (0.2ms)[0m  [1m[35mBEGIN[0m
  ↳ db/seeds.rb:13
  [1m[36mUser Create (0.3ms)[0m  [1m[32mINSERT INTO "users" ("name", "email", "password_digest", "created_at", "updated_at") VALUES ($1, $2, $3, $4, $5) RETURNING "id"[0m  [["name", "Test user 3"], ["email", "three@one.com"], ["password_digest", "$2a$12$7qbPWGcd4tAl1uG4T/5a3uWYvICfa8uRB9srBUSXh9hZP4Zi.Q.5W"], ["created_at", "2020-02-10 01:20:03.620432"], ["updated_at", "2020-02-10 01:20:03.620432"]]
  ↳ db/seeds.rb:13
  [1m[35m (0.9ms)[0m  [1m[35mCOMMIT[0m
  ↳ db/seeds.rb:13
  [1m[36mUser Load (0.3ms)[0m  [1m[34mSELECT "users".* FROM "users"[0m
  ↳ db/seeds.rb:14
  [1m[36mAirplane Load (0.7ms)[0m  [1m[34mSELECT "airplanes".* FROM "airplanes"[0m
  ↳ db/seeds.rb:16
  [1m[35m (0.1ms)[0m  [1m[35mBEGIN[0m
  ↳ db/seeds.rb:16
  [1m[36mAirplane Destroy (0.3ms)[0m  [1m[31mDELETE FROM "airplanes" WHERE "airplanes"."id" = $1[0m  [["id", 3]]
  ↳ db/seeds.rb:16
  [1m[35m (0.4ms)[0m  [1m[35mCOMMIT[0m
  ↳ db/seeds.rb:16
  [1m[35m (0.1ms)[0m  [1m[35mBEGIN[0m
  ↳ db/seeds.rb:16
  [1m[36mAirplane Destroy (0.3ms)[0m  [1m[31mDELETE FROM "airplanes" WHERE "airplanes"."id" = $1[0m  [["id", 4]]
  ↳ db/seeds.rb:16
  [1m[35m (0.4ms)[0m  [1m[35mCOMMIT[0m
  ↳ db/seeds.rb:16
  [1m[35m (0.1ms)[0m  [1m[35mBEGIN[0m
  ↳ db/seeds.rb:18
  [1m[36mAirplane Create (0.6ms)[0m  [1m[32mINSERT INTO "airplanes" ("name", "rows", "cols", "created_at", "updated_at") VALUES ($1, $2, $3, $4, $5) RETURNING "id"[0m  [["name", "737"], ["rows", 40], ["cols", 6], ["created_at", "2020-02-10 01:20:03.642058"], ["updated_at", "2020-02-10 01:20:03.642058"]]
  ↳ db/seeds.rb:18
  [1m[35m (0.4ms)[0m  [1m[35mCOMMIT[0m
  ↳ db/seeds.rb:18
  [1m[35m (0.1ms)[0m  [1m[35mBEGIN[0m
  ↳ db/seeds.rb:19
  [1m[36mAirplane Create (0.3ms)[0m  [1m[32mINSERT INTO "airplanes" ("name", "rows", "cols", "created_at", "updated_at") VALUES ($1, $2, $3, $4, $5) RETURNING "id"[0m  [["name", "737 MAX"], ["rows", 60], ["cols", 8], ["created_at", "2020-02-10 01:20:03.644772"], ["updated_at", "2020-02-10 01:20:03.644772"]]
  ↳ db/seeds.rb:19
  [1m[35m (0.4ms)[0m  [1m[35mCOMMIT[0m
  ↳ db/seeds.rb:19
  [1m[36mAirplane Load (0.4ms)[0m  [1m[34mSELECT "airplanes".* FROM "airplanes"[0m
  ↳ db/seeds.rb:20
  [1m[36mFlight Load (0.7ms)[0m  [1m[34mSELECT "flights".* FROM "flights"[0m
  ↳ db/seeds.rb:22
  [1m[35m (0.1ms)[0m  [1m[35mBEGIN[0m
  ↳ db/seeds.rb:22
  [1m[36mFlight Destroy (0.3ms)[0m  [1m[31mDELETE FROM "flights" WHERE "flights"."id" = $1[0m  [["id", 4]]
  ↳ db/seeds.rb:22
  [1m[35m (0.4ms)[0m  [1m[35mCOMMIT[0m
  ↳ db/seeds.rb:22
  [1m[35m (0.1ms)[0m  [1m[35mBEGIN[0m
  ↳ db/seeds.rb:22
  [1m[36mFlight Destroy (0.3ms)[0m  [1m[31mDELETE FROM "flights" WHERE "flights"."id" = $1[0m  [["id", 5]]
  ↳ db/seeds.rb:22
  [1m[35m (0.3ms)[0m  [1m[35mCOMMIT[0m
  ↳ db/seeds.rb:22
  [1m[35m (0.1ms)[0m  [1m[35mBEGIN[0m
  ↳ db/seeds.rb:22
  [1m[36mFlight Destroy (0.5ms)[0m  [1m[31mDELETE FROM "flights" WHERE "flights"."id" = $1[0m  [["id", 6]]
  ↳ db/seeds.rb:22
  [1m[35m (0.4ms)[0m  [1m[35mCOMMIT[0m
  ↳ db/seeds.rb:22
  [1m[35m (0.1ms)[0m  [1m[35mBEGIN[0m
  ↳ db/seeds.rb:26
  [1m[36mFlight Create (0.4ms)[0m  [1m[32mINSERT INTO "flights" ("flight_number", "departure_date", "origin", "destination", "airplane_id", "created_at", "updated_at") VALUES ($1, $2, $3, $4, $5, $6, $7) RETURNING "id"[0m  [["flight_number", "BA256"], ["departure_date", "2020-03-01 04:20:00"], ["origin", "SYD"], ["destination", "SIN"], ["airplane_id", 5], ["created_at", "2020-02-10 01:20:03.669707"], ["updated_at", "2020-02-10 01:20:03.669707"]]
  ↳ db/seeds.rb:26
  [1m[35m (0.4ms)[0m  [1m[35mCOMMIT[0m
  ↳ db/seeds.rb:26
  [1m[35m (0.1ms)[0m  [1m[35mBEGIN[0m
  ↳ db/seeds.rb:27
  [1m[36mFlight Create (0.3ms)[0m  [1m[32mINSERT INTO "flights" ("flight_number", "departure_date", "origin", "destination", "airplane_id", "created_at", "updated_at") VALUES ($1, $2, $3, $4, $5, $6, $7) RETURNING "id"[0m  [["flight_number", "BA512"], ["departure_date", "2020-04-01 11:20:00"], ["origin", "SYD"], ["destination", "SIN"], ["airplane_id", 5], ["created_at", "2020-02-10 01:20:03.672157"], ["updated_at", "2020-02-10 01:20:03.672157"]]
  ↳ db/seeds.rb:27
  [1m[35m (0.4ms)[0m  [1m[35mCOMMIT[0m
  ↳ db/seeds.rb:27
  [1m[35m (0.1ms)[0m  [1m[35mBEGIN[0m
  ↳ db/seeds.rb:28
  [1m[36mFlight Create (0.3ms)[0m  [1m[32mINSERT INTO "flights" ("flight_number", "departure_date", "origin", "destination", "airplane_id", "created_at", "updated_at") VALUES ($1, $2, $3, $4, $5, $6, $7) RETURNING "id"[0m  [["flight_number", "BA1024"], ["departure_date", "2020-05-23 14:20:00"], ["origin", "SYD"], ["destination", "MEL"], ["airplane_id", 6], ["created_at", "2020-02-10 01:20:03.674727"], ["updated_at", "2020-02-10 01:20:03.674727"]]
  ↳ db/seeds.rb:28
  [1m[35m (0.4ms)[0m  [1m[35mCOMMIT[0m
  ↳ db/seeds.rb:28
  [1m[36mFlight Load (0.3ms)[0m  [1m[34mSELECT "flights".* FROM "flights"[0m
  ↳ db/seeds.rb:29
  [1m[36mReservation Load (0.6ms)[0m  [1m[34mSELECT "reservations".* FROM "reservations"[0m
  ↳ db/seeds.rb:31
  [1m[35m (0.2ms)[0m  [1m[35mBEGIN[0m
  ↳ db/seeds.rb:31
  [1m[36mReservation Destroy (0.5ms)[0m  [1m[31mDELETE FROM "reservations" WHERE "reservations"."id" = $1[0m  [["id", 5]]
  ↳ db/seeds.rb:31
  [1m[35m (0.3ms)[0m  [1m[35mCOMMIT[0m
  ↳ db/seeds.rb:31
  [1m[35m (0.1ms)[0m  [1m[35mBEGIN[0m
  ↳ db/seeds.rb:31
  [1m[36mReservation Destroy (0.3ms)[0m  [1m[31mDELETE FROM "reservations" WHERE "reservations"."id" = $1[0m  [["id", 6]]
  ↳ db/seeds.rb:31
  [1m[35m (0.3ms)[0m  [1m[35mCOMMIT[0m
  ↳ db/seeds.rb:31
  [1m[35m (0.1ms)[0m  [1m[35mBEGIN[0m
  ↳ db/seeds.rb:31
  [1m[36mReservation Destroy (0.4ms)[0m  [1m[31mDELETE FROM "reservations" WHERE "reservations"."id" = $1[0m  [["id", 7]]
  ↳ db/seeds.rb:31
  [1m[35m (0.4ms)[0m  [1m[35mCOMMIT[0m
  ↳ db/seeds.rb:31
  [1m[35m (0.1ms)[0m  [1m[35mBEGIN[0m
  ↳ db/seeds.rb:31
  [1m[36mReservation Destroy (0.3ms)[0m  [1m[31mDELETE FROM "reservations" WHERE "reservations"."id" = $1[0m  [["id", 8]]
  ↳ db/seeds.rb:31
  [1m[35m (0.4ms)[0m  [1m[35mCOMMIT[0m
  ↳ db/seeds.rb:31
  [1m[35m (0.1ms)[0m  [1m[35mBEGIN[0m
  ↳ db/seeds.rb:33
  [1m[36mReservation Create (0.5ms)[0m  [1m[32mINSERT INTO "reservations" ("row", "col", "flight_id", "user_id", "created_at", "updated_at") VALUES ($1, $2, $3, $4, $5, $6) RETURNING "id"[0m  [["row", 10], ["col", 2], ["flight_id", 7], ["user_id", 10], ["created_at", "2020-02-10 01:20:03.706371"], ["updated_at", "2020-02-10 01:20:03.706371"]]
  ↳ db/seeds.rb:33
  [1m[35m (0.4ms)[0m  [1m[35mCOMMIT[0m
  ↳ db/seeds.rb:33
  [1m[35m (0.1ms)[0m  [1m[35mBEGIN[0m
  ↳ db/seeds.rb:34
  [1m[36mReservation Create (0.4ms)[0m  [1m[32mINSERT INTO "reservations" ("row", "col", "flight_id", "user_id", "created_at", "updated_at") VALUES ($1, $2, $3, $4, $5, $6) RETURNING "id"[0m  [["row", 10], ["col", 3], ["flight_id", 7], ["user_id", 11], ["created_at", "2020-02-10 01:20:03.709440"], ["updated_at", "2020-02-10 01:20:03.709440"]]
  ↳ db/seeds.rb:34
  [1m[35m (0.4ms)[0m  [1m[35mCOMMIT[0m
  ↳ db/seeds.rb:34
  [1m[35m (0.1ms)[0m  [1m[35mBEGIN[0m
  ↳ db/seeds.rb:35
  [1m[36mReservation Create (0.3ms)[0m  [1m[32mINSERT INTO "reservations" ("row", "col", "flight_id", "user_id", "created_at", "updated_at") VALUES ($1, $2, $3, $4, $5, $6) RETURNING "id"[0m  [["row", 10], ["col", 4], ["flight_id", 7], ["user_id", 12], ["created_at", "2020-02-10 01:20:03.712548"], ["updated_at", "2020-02-10 01:20:03.712548"]]
  ↳ db/seeds.rb:35
  [1m[35m (0.3ms)[0m  [1m[35mCOMMIT[0m
  ↳ db/seeds.rb:35
  [1m[35m (0.1ms)[0m  [1m[35mBEGIN[0m
  ↳ db/seeds.rb:36
  [1m[36mReservation Create (0.3ms)[0m  [1m[32mINSERT INTO "reservations" ("row", "col", "flight_id", "user_id", "created_at", "updated_at") VALUES ($1, $2, $3, $4, $5, $6) RETURNING "id"[0m  [["row", 15], ["col", 1], ["flight_id", 8], ["user_id", 12], ["created_at", "2020-02-10 01:20:03.715033"], ["updated_at", "2020-02-10 01:20:03.715033"]]
  ↳ db/seeds.rb:36
  [1m[35m (0.6ms)[0m  [1m[35mCOMMIT[0m
  ↳ db/seeds.rb:36
  [1m[36mReservation Load (0.3ms)[0m  [1m[34mSELECT "reservations".* FROM "reservations"[0m
  ↳ db/seeds.rb:37
  [1m[36mAirplane Load (0.2ms)[0m  [1m[34mSELECT  "airplanes".* FROM "airplanes" ORDER BY "airplanes"."id" ASC LIMIT $1[0m  [["LIMIT", 1]]
  ↳ db/seeds.rb:40
  [1m[36mFlight Load (0.3ms)[0m  [1m[34mSELECT  "flights".* FROM "flights" ORDER BY "flights"."id" ASC LIMIT $1[0m  [["LIMIT", 1]]
  ↳ db/seeds.rb:41
  [1m[36mReservation Load (0.2ms)[0m  [1m[34mSELECT "reservations".* FROM "reservations" WHERE "reservations"."flight_id" = $1[0m  [["flight_id", 7]]
  ↳ db/seeds.rb:41
  [1m[36mUser Load (0.3ms)[0m  [1m[34mSELECT  "users".* FROM "users" ORDER BY "users"."id" ASC LIMIT $1 OFFSET $2[0m  [["LIMIT", 1], ["OFFSET", 2]]
  ↳ db/seeds.rb:42
  [1m[36mReservation Load (0.2ms)[0m  [1m[34mSELECT "reservations".* FROM "reservations" WHERE "reservations"."user_id" = $1[0m  [["user_id", 12]]
  ↳ db/seeds.rb:42
  [1m[35m (0.7ms)[0m  [1m[34mSELECT "schema_migrations"."version" FROM "schema_migrations" ORDER BY "schema_migrations"."version" ASC[0m
  ↳ bin/rails:4
  [1m[36mUser Load (0.6ms)[0m  [1m[34mSELECT "users".* FROM "users"[0m
  ↳ db/seeds.rb:9
  [1m[35m (0.1ms)[0m  [1m[35mBEGIN[0m
  ↳ db/seeds.rb:9
  [1m[36mUser Destroy (0.5ms)[0m  [1m[31mDELETE FROM "users" WHERE "users"."id" = $1[0m  [["id", 10]]
  ↳ db/seeds.rb:9
  [1m[35m (0.5ms)[0m  [1m[35mCOMMIT[0m
  ↳ db/seeds.rb:9
  [1m[35m (0.1ms)[0m  [1m[35mBEGIN[0m
  ↳ db/seeds.rb:9
  [1m[36mUser Destroy (0.3ms)[0m  [1m[31mDELETE FROM "users" WHERE "users"."id" = $1[0m  [["id", 11]]
  ↳ db/seeds.rb:9
  [1m[35m (0.4ms)[0m  [1m[35mCOMMIT[0m
  ↳ db/seeds.rb:9
  [1m[35m (0.1ms)[0m  [1m[35mBEGIN[0m
  ↳ db/seeds.rb:9
  [1m[36mUser Destroy (0.3ms)[0m  [1m[31mDELETE FROM "users" WHERE "users"."id" = $1[0m  [["id", 12]]
  ↳ db/seeds.rb:9
  [1m[35m (0.4ms)[0m  [1m[35mCOMMIT[0m
  ↳ db/seeds.rb:9
  [1m[35m (0.2ms)[0m  [1m[35mBEGIN[0m
  ↳ db/seeds.rb:11
  [1m[36mUser Create (0.7ms)[0m  [1m[32mINSERT INTO "users" ("name", "email", "password_digest", "created_at", "updated_at") VALUES ($1, $2, $3, $4, $5) RETURNING "id"[0m  [["name", "Test user 1"], ["email", "one@one.com"], ["password_digest", "$2a$12$XO9o95pNtXwYA5GDnL8.A.lUD.zZSJ8tF3kHVCEHZbEFucjg9YbP."], ["created_at", "2020-02-10 01:20:32.876995"], ["updated_at", "2020-02-10 01:20:32.876995"]]
  ↳ db/seeds.rb:11
  [1m[35m (0.6ms)[0m  [1m[35mCOMMIT[0m
  ↳ db/seeds.rb:11
  [1m[35m (0.2ms)[0m  [1m[35mBEGIN[0m
  ↳ db/seeds.rb:12
  [1m[36mUser Create (0.4ms)[0m  [1m[32mINSERT INTO "users" ("name", "email", "password_digest", "created_at", "updated_at") VALUES ($1, $2, $3, $4, $5) RETURNING "id"[0m  [["name", "Test user 2"], ["email", "two@one.com"], ["password_digest", "$2a$12$nVtEUUf4dzEcst/1.3vWN.mh2TKnWK9Ag/uH61RAqnnf.58WoYiDC"], ["created_at", "2020-02-10 01:20:33.085713"], ["updated_at", "2020-02-10 01:20:33.085713"]]
  ↳ db/seeds.rb:12
  [1m[35m (0.9ms)[0m  [1m[35mCOMMIT[0m
  ↳ db/seeds.rb:12
  [1m[35m (0.2ms)[0m  [1m[35mBEGIN[0m
  ↳ db/seeds.rb:13
  [1m[36mUser Create (0.3ms)[0m  [1m[32mINSERT INTO "users" ("name", "email", "password_digest", "created_at", "updated_at") VALUES ($1, $2, $3, $4, $5) RETURNING "id"[0m  [["name", "Test user 3"], ["email", "three@one.com"], ["password_digest", "$2a$12$HVPSRcdcShrRH0s9q26kqeaSCLufUXhDP0lsY0rsOjb0xvB9niTSa"], ["created_at", "2020-02-10 01:20:33.285725"], ["updated_at", "2020-02-10 01:20:33.285725"]]
  ↳ db/seeds.rb:13
  [1m[35m (0.9ms)[0m  [1m[35mCOMMIT[0m
  ↳ db/seeds.rb:13
  [1m[36mUser Load (0.4ms)[0m  [1m[34mSELECT "users".* FROM "users"[0m
  ↳ db/seeds.rb:14
  [1m[36mAirplane Load (0.5ms)[0m  [1m[34mSELECT "airplanes".* FROM "airplanes"[0m
  ↳ db/seeds.rb:16
  [1m[35m (0.2ms)[0m  [1m[35mBEGIN[0m
  ↳ db/seeds.rb:16
  [1m[36mAirplane Destroy (0.4ms)[0m  [1m[31mDELETE FROM "airplanes" WHERE "airplanes"."id" = $1[0m  [["id", 5]]
  ↳ db/seeds.rb:16
  [1m[35m (0.4ms)[0m  [1m[35mCOMMIT[0m
  ↳ db/seeds.rb:16
  [1m[35m (0.1ms)[0m  [1m[35mBEGIN[0m
  ↳ db/seeds.rb:16
  [1m[36mAirplane Destroy (0.2ms)[0m  [1m[31mDELETE FROM "airplanes" WHERE "airplanes"."id" = $1[0m  [["id", 6]]
  ↳ db/seeds.rb:16
  [1m[35m (0.3ms)[0m  [1m[35mCOMMIT[0m
  ↳ db/seeds.rb:16
  [1m[35m (0.1ms)[0m  [1m[35mBEGIN[0m
  ↳ db/seeds.rb:18
  [1m[36mAirplane Create (0.6ms)[0m  [1m[32mINSERT INTO "airplanes" ("name", "rows", "cols", "created_at", "updated_at") VALUES ($1, $2, $3, $4, $5) RETURNING "id"[0m  [["name", "737"], ["rows", 40], ["cols", 6], ["created_at", "2020-02-10 01:20:33.306560"], ["updated_at", "2020-02-10 01:20:33.306560"]]
  ↳ db/seeds.rb:18
  [1m[35m (0.4ms)[0m  [1m[35mCOMMIT[0m
  ↳ db/seeds.rb:18
  [1m[35m (0.2ms)[0m  [1m[35mBEGIN[0m
  ↳ db/seeds.rb:19
  [1m[36mAirplane Create (0.3ms)[0m  [1m[32mINSERT INTO "airplanes" ("name", "rows", "cols", "created_at", "updated_at") VALUES ($1, $2, $3, $4, $5) RETURNING "id"[0m  [["name", "737 MAX"], ["rows", 60], ["cols", 8], ["created_at", "2020-02-10 01:20:33.309537"], ["updated_at", "2020-02-10 01:20:33.309537"]]
  ↳ db/seeds.rb:19
  [1m[35m (0.3ms)[0m  [1m[35mCOMMIT[0m
  ↳ db/seeds.rb:19
  [1m[36mAirplane Load (0.3ms)[0m  [1m[34mSELECT "airplanes".* FROM "airplanes"[0m
  ↳ db/seeds.rb:20
  [1m[36mFlight Load (0.5ms)[0m  [1m[34mSELECT "flights".* FROM "flights"[0m
  ↳ db/seeds.rb:22
  [1m[35m (0.1ms)[0m  [1m[35mBEGIN[0m
  ↳ db/seeds.rb:22
  [1m[36mFlight Destroy (0.3ms)[0m  [1m[31mDELETE FROM "flights" WHERE "flights"."id" = $1[0m  [["id", 7]]
  ↳ db/seeds.rb:22
  [1m[35m (0.4ms)[0m  [1m[35mCOMMIT[0m
  ↳ db/seeds.rb:22
  [1m[35m (0.1ms)[0m  [1m[35mBEGIN[0m
  ↳ db/seeds.rb:22
  [1m[36mFlight Destroy (0.2ms)[0m  [1m[31mDELETE FROM "flights" WHERE "flights"."id" = $1[0m  [["id", 8]]
  ↳ db/seeds.rb:22
  [1m[35m (0.3ms)[0m  [1m[35mCOMMIT[0m
  ↳ db/seeds.rb:22
  [1m[35m (0.4ms)[0m  [1m[35mBEGIN[0m
  ↳ db/seeds.rb:22
  [1m[36mFlight Destroy (0.2ms)[0m  [1m[31mDELETE FROM "flights" WHERE "flights"."id" = $1[0m  [["id", 9]]
  ↳ db/seeds.rb:22
  [1m[35m (0.3ms)[0m  [1m[35mCOMMIT[0m
  ↳ db/seeds.rb:22
  [1m[35m (0.1ms)[0m  [1m[35mBEGIN[0m
  ↳ db/seeds.rb:26
  [1m[36mFlight Create (0.3ms)[0m  [1m[32mINSERT INTO "flights" ("flight_number", "departure_date", "origin", "destination", "airplane_id", "created_at", "updated_at") VALUES ($1, $2, $3, $4, $5, $6, $7) RETURNING "id"[0m  [["flight_number", "BA256"], ["departure_date", "2020-03-01 04:20:00"], ["origin", "SYD"], ["destination", "SIN"], ["airplane_id", 7], ["created_at", "2020-02-10 01:20:33.332624"], ["updated_at", "2020-02-10 01:20:33.332624"]]
  ↳ db/seeds.rb:26
  [1m[35m (0.4ms)[0m  [1m[35mCOMMIT[0m
  ↳ db/seeds.rb:26
  [1m[35m (0.1ms)[0m  [1m[35mBEGIN[0m
  ↳ db/seeds.rb:27
  [1m[36mFlight Create (0.5ms)[0m  [1m[32mINSERT INTO "flights" ("flight_number", "departure_date", "origin", "destination", "airplane_id", "created_at", "updated_at") VALUES ($1, $2, $3, $4, $5, $6, $7) RETURNING "id"[0m  [["flight_number", "BA512"], ["departure_date", "2020-04-01 11:20:00"], ["origin", "SYD"], ["destination", "SIN"], ["airplane_id", 7], ["created_at", "2020-02-10 01:20:33.335237"], ["updated_at", "2020-02-10 01:20:33.335237"]]
  ↳ db/seeds.rb:27
  [1m[35m (0.6ms)[0m  [1m[35mCOMMIT[0m
  ↳ db/seeds.rb:27
  [1m[35m (0.1ms)[0m  [1m[35mBEGIN[0m
  ↳ db/seeds.rb:28
  [1m[36mFlight Create (0.3ms)[0m  [1m[32mINSERT INTO "flights" ("flight_number", "departure_date", "origin", "destination", "airplane_id", "created_at", "updated_at") VALUES ($1, $2, $3, $4, $5, $6, $7) RETURNING "id"[0m  [["flight_number", "BA1024"], ["departure_date", "2020-05-23 14:20:00"], ["origin", "SYD"], ["destination", "MEL"], ["airplane_id", 8], ["created_at", "2020-02-10 01:20:33.338331"], ["updated_at", "2020-02-10 01:20:33.338331"]]
  ↳ db/seeds.rb:28
  [1m[35m (0.5ms)[0m  [1m[35mCOMMIT[0m
  ↳ db/seeds.rb:28
  [1m[36mFlight Load (0.2ms)[0m  [1m[34mSELECT "flights".* FROM "flights"[0m
  ↳ db/seeds.rb:29
  [1m[36mReservation Load (1.1ms)[0m  [1m[34mSELECT "reservations".* FROM "reservations"[0m
  ↳ db/seeds.rb:31
  [1m[35m (0.2ms)[0m  [1m[35mBEGIN[0m
  ↳ db/seeds.rb:31
  [1m[36mReservation Destroy (0.3ms)[0m  [1m[31mDELETE FROM "reservations" WHERE "reservations"."id" = $1[0m  [["id", 9]]
  ↳ db/seeds.rb:31
  [1m[35m (0.3ms)[0m  [1m[35mCOMMIT[0m
  ↳ db/seeds.rb:31
  [1m[35m (0.1ms)[0m  [1m[35mBEGIN[0m
  ↳ db/seeds.rb:31
  [1m[36mReservation Destroy (0.4ms)[0m  [1m[31mDELETE FROM "reservations" WHERE "reservations"."id" = $1[0m  [["id", 10]]
  ↳ db/seeds.rb:31
  [1m[35m (0.3ms)[0m  [1m[35mCOMMIT[0m
  ↳ db/seeds.rb:31
  [1m[35m (0.1ms)[0m  [1m[35mBEGIN[0m
  ↳ db/seeds.rb:31
  [1m[36mReservation Destroy (0.2ms)[0m  [1m[31mDELETE FROM "reservations" WHERE "reservations"."id" = $1[0m  [["id", 11]]
  ↳ db/seeds.rb:31
  [1m[35m (0.3ms)[0m  [1m[35mCOMMIT[0m
  ↳ db/seeds.rb:31
  [1m[35m (0.1ms)[0m  [1m[35mBEGIN[0m
  ↳ db/seeds.rb:31
  [1m[36mReservation Destroy (0.3ms)[0m  [1m[31mDELETE FROM "reservations" WHERE "reservations"."id" = $1[0m  [["id", 12]]
  ↳ db/seeds.rb:31
  [1m[35m (0.3ms)[0m  [1m[35mCOMMIT[0m
  ↳ db/seeds.rb:31
  [1m[35m (0.1ms)[0m  [1m[35mBEGIN[0m
  ↳ db/seeds.rb:33
  [1m[36mReservation Create (0.7ms)[0m  [1m[32mINSERT INTO "reservations" ("row", "col", "flight_id", "user_id", "created_at", "updated_at") VALUES ($1, $2, $3, $4, $5, $6) RETURNING "id"[0m  [["row", 10], ["col", 2], ["flight_id", 10], ["user_id", 13], ["created_at", "2020-02-10 01:20:33.369189"], ["updated_at", "2020-02-10 01:20:33.369189"]]
  ↳ db/seeds.rb:33
  [1m[35m (0.4ms)[0m  [1m[35mCOMMIT[0m
  ↳ db/seeds.rb:33
  [1m[35m (0.1ms)[0m  [1m[35mBEGIN[0m
  ↳ db/seeds.rb:34
  [1m[36mReservation Create (0.2ms)[0m  [1m[32mINSERT INTO "reservations" ("row", "col", "flight_id", "user_id", "created_at", "updated_at") VALUES ($1, $2, $3, $4, $5, $6) RETURNING "id"[0m  [["row", 10], ["col", 3], ["flight_id", 10], ["user_id", 14], ["created_at", "2020-02-10 01:20:33.371964"], ["updated_at", "2020-02-10 01:20:33.371964"]]
  ↳ db/seeds.rb:34
  [1m[35m (0.3ms)[0m  [1m[35mCOMMIT[0m
  ↳ db/seeds.rb:34
  [1m[35m (0.1ms)[0m  [1m[35mBEGIN[0m
  ↳ db/seeds.rb:35
  [1m[36mReservation Create (0.3ms)[0m  [1m[32mINSERT INTO "reservations" ("row", "col", "flight_id", "user_id", "created_at", "updated_at") VALUES ($1, $2, $3, $4, $5, $6) RETURNING "id"[0m  [["row", 10], ["col", 4], ["flight_id", 10], ["user_id", 15], ["created_at", "2020-02-10 01:20:33.373821"], ["updated_at", "2020-02-10 01:20:33.373821"]]
  ↳ db/seeds.rb:35
  [1m[35m (0.3ms)[0m  [1m[35mCOMMIT[0m
  ↳ db/seeds.rb:35
  [1m[35m (0.2ms)[0m  [1m[35mBEGIN[0m
  ↳ db/seeds.rb:36
  [1m[36mReservation Create (0.3ms)[0m  [1m[32mINSERT INTO "reservations" ("row", "col", "flight_id", "user_id", "created_at", "updated_at") VALUES ($1, $2, $3, $4, $5, $6) RETURNING "id"[0m  [["row", 15], ["col", 1], ["flight_id", 11], ["user_id", 15], ["created_at", "2020-02-10 01:20:33.376263"], ["updated_at", "2020-02-10 01:20:33.376263"]]
  ↳ db/seeds.rb:36
  [1m[35m (0.4ms)[0m  [1m[35mCOMMIT[0m
  ↳ db/seeds.rb:36
  [1m[36mReservation Load (0.2ms)[0m  [1m[34mSELECT "reservations".* FROM "reservations"[0m
  ↳ db/seeds.rb:37
  [1m[36mAirplane Load (0.2ms)[0m  [1m[34mSELECT  "airplanes".* FROM "airplanes" ORDER BY "airplanes"."id" ASC LIMIT $1[0m  [["LIMIT", 1]]
  ↳ db/seeds.rb:40
  [1m[36mFlight Load (0.2ms)[0m  [1m[34mSELECT "flights".* FROM "flights" WHERE "flights"."airplane_id" = $1[0m  [["airplane_id", 7]]
  ↳ db/seeds.rb:40
  [1m[36mFlight Load (0.2ms)[0m  [1m[34mSELECT  "flights".* FROM "flights" ORDER BY "flights"."id" ASC LIMIT $1[0m  [["LIMIT", 1]]
  ↳ db/seeds.rb:41
  [1m[36mReservation Load (0.3ms)[0m  [1m[34mSELECT "reservations".* FROM "reservations" WHERE "reservations"."flight_id" = $1[0m  [["flight_id", 10]]
  ↳ db/seeds.rb:41
  [1m[36mUser Load (0.2ms)[0m  [1m[34mSELECT  "users".* FROM "users" ORDER BY "users"."id" ASC LIMIT $1 OFFSET $2[0m  [["LIMIT", 1], ["OFFSET", 2]]
  ↳ db/seeds.rb:42
  [1m[36mReservation Load (0.2ms)[0m  [1m[34mSELECT "reservations".* FROM "reservations" WHERE "reservations"."user_id" = $1[0m  [["user_id", 15]]
  ↳ db/seeds.rb:42
  [1m[36mUser Load (0.5ms)[0m  [1m[34mSELECT  "users".* FROM "users" ORDER BY "users"."id" ASC LIMIT $1[0m  [["LIMIT", 1]]
  [1m[36mReservation Load (0.4ms)[0m  [1m[34mSELECT "reservations".* FROM "reservations" WHERE "reservations"."user_id" = $1[0m  [["user_id", 13]]
  [1m[36mUser Load (0.7ms)[0m  [1m[34mSELECT  "users".* FROM "users" ORDER BY "users"."id" DESC LIMIT $1[0m  [["LIMIT", 1]]
  [1m[36mReservation Load (0.3ms)[0m  [1m[34mSELECT "reservations".* FROM "reservations" WHERE "reservations"."user_id" = $1[0m  [["user_id", 15]]
  [1m[36mUser Load (0.5ms)[0m  [1m[34mSELECT  "users".* FROM "users" ORDER BY "users"."id" DESC LIMIT $1[0m  [["LIMIT", 1]]
  [1m[36mReservation Load (0.4ms)[0m  [1m[34mSELECT  "reservations".* FROM "reservations" WHERE "reservations"."user_id" = $1 ORDER BY "reservations"."id" ASC LIMIT $2[0m  [["user_id", 15], ["LIMIT", 1]]
  [1m[36mUser Load (0.6ms)[0m  [1m[34mSELECT  "users".* FROM "users" ORDER BY "users"."id" DESC LIMIT $1[0m  [["LIMIT", 1]]
  [1m[36mReservation Load (0.5ms)[0m  [1m[34mSELECT  "reservations".* FROM "reservations" WHERE "reservations"."user_id" = $1 ORDER BY "reservations"."id" ASC LIMIT $2[0m  [["user_id", 15], ["LIMIT", 1]]
  [1m[36mFlight Load (0.5ms)[0m  [1m[34mSELECT  "flights".* FROM "flights" WHERE "flights"."id" = $1 LIMIT $2[0m  [["id", 10], ["LIMIT", 1]]
  [1m[36mUser Load (0.7ms)[0m  [1m[34mSELECT  "users".* FROM "users" ORDER BY "users"."id" DESC LIMIT $1[0m  [["LIMIT", 1]]
  [1m[36mReservation Load (0.4ms)[0m  [1m[34mSELECT  "reservations".* FROM "reservations" WHERE "reservations"."user_id" = $1 ORDER BY "reservations"."id" ASC LIMIT $2[0m  [["user_id", 15], ["LIMIT", 1]]
  [1m[36mFlight Load (0.3ms)[0m  [1m[34mSELECT  "flights".* FROM "flights" WHERE "flights"."id" = $1 LIMIT $2[0m  [["id", 10], ["LIMIT", 1]]
  [1m[36mAirplane Load (0.4ms)[0m  [1m[34mSELECT  "airplanes".* FROM "airplanes" WHERE "airplanes"."id" = $1 LIMIT $2[0m  [["id", 7], ["LIMIT", 1]]
  [1m[36mUser Load (0.6ms)[0m  [1m[34mSELECT  "users".* FROM "users" ORDER BY "users"."id" DESC LIMIT $1[0m  [["LIMIT", 1]]
  [1m[36mReservation Load (0.4ms)[0m  [1m[34mSELECT  "reservations".* FROM "reservations" WHERE "reservations"."user_id" = $1 ORDER BY "reservations"."id" ASC LIMIT $2[0m  [["user_id", 15], ["LIMIT", 1]]
  [1m[36mFlight Load (0.3ms)[0m  [1m[34mSELECT  "flights".* FROM "flights" WHERE "flights"."id" = $1 LIMIT $2[0m  [["id", 10], ["LIMIT", 1]]
  [1m[36mAirplane Load (0.3ms)[0m  [1m[34mSELECT  "airplanes".* FROM "airplanes" WHERE "airplanes"."id" = $1 LIMIT $2[0m  [["id", 7], ["LIMIT", 1]]
  [1m[36mAirplane Load (0.4ms)[0m  [1m[34mSELECT "airplanes".* FROM "airplanes" WHERE "airplanes"."rows" = $1[0m  [["rows", 10]]
  [1m[36mAirplane Load (0.6ms)[0m  [1m[34mSELECT "airplanes".* FROM "airplanes"[0m
  [1m[36mReservation Load (0.6ms)[0m  [1m[34mSELECT "reservations".* FROM "reservations"[0m
  [1m[36mReservation Load (0.4ms)[0m  [1m[34mSELECT "reservations".* FROM "reservations" WHERE "reservations"."row" = $1[0m  [["row", 10]]
Started GET "/" for ::1 at 2020-02-10 12:45:36 +1100
  [1m[35m (2.1ms)[0m  [1m[34mSELECT "schema_migrations"."version" FROM "schema_migrations" ORDER BY "schema_migrations"."version" ASC[0m
  ↳ /Users/gabriel/.rvm/gems/ruby-2.4.1/gems/activerecord-5.2.4.1/lib/active_record/log_subscriber.rb:98
Processing by Rails::WelcomeController#index as HTML
  Rendering /Users/gabriel/.rvm/gems/ruby-2.4.1/gems/railties-5.2.4.1/lib/rails/templates/rails/welcome/index.html.erb
  Rendered /Users/gabriel/.rvm/gems/ruby-2.4.1/gems/railties-5.2.4.1/lib/rails/templates/rails/welcome/index.html.erb (2.9ms)
Completed 200 OK in 16ms (Views: 10.9ms | ActiveRecord: 0.0ms)


Started GET "/flights" for ::1 at 2020-02-10 12:45:40 +1100
Processing by FlightsController#index as HTML
  [1m[36mFlight Load (1.0ms)[0m  [1m[34mSELECT "flights".* FROM "flights"[0m
  ↳ app/controllers/flights_controller.rb:3
Completed 200 OK in 28ms (Views: 11.6ms | ActiveRecord: 7.8ms)


Started GET "/flights" for ::1 at 2020-02-10 14:25:24 +1100
  [1m[35m (2.0ms)[0m  [1m[34mSELECT "schema_migrations"."version" FROM "schema_migrations" ORDER BY "schema_migrations"."version" ASC[0m
  ↳ /Users/gabriel/.rvm/gems/ruby-2.4.1/gems/activerecord-5.2.4.1/lib/active_record/log_subscriber.rb:98
Processing by FlightsController#index as HTML
  [1m[36mFlight Load (0.9ms)[0m  [1m[34mSELECT "flights".* FROM "flights"[0m
  ↳ app/controllers/flights_controller.rb:3
  [1m[36mAirplane Load (0.4ms)[0m  [1m[34mSELECT  "airplanes".* FROM "airplanes" WHERE "airplanes"."id" = $1 LIMIT $2[0m  [["id", 7], ["LIMIT", 1]]
  ↳ app/controllers/flights_controller.rb:3
  [1m[36mCACHE Airplane Load (0.0ms)[0m  [1m[34mSELECT  "airplanes".* FROM "airplanes" WHERE "airplanes"."id" = $1 LIMIT $2[0m  [["id", 7], ["LIMIT", 1]]
  ↳ app/controllers/flights_controller.rb:3
  [1m[36mAirplane Load (0.3ms)[0m  [1m[34mSELECT  "airplanes".* FROM "airplanes" WHERE "airplanes"."id" = $1 LIMIT $2[0m  [["id", 8], ["LIMIT", 1]]
  ↳ app/controllers/flights_controller.rb:3
Completed 200 OK in 63ms (Views: 40.9ms | ActiveRecord: 12.4ms)


Started GET "/flights" for ::1 at 2020-02-10 14:27:03 +1100
Processing by FlightsController#index as HTML
  [1m[36mFlight Load (0.8ms)[0m  [1m[34mSELECT "flights".* FROM "flights"[0m
  ↳ app/controllers/flights_controller.rb:3
  [1m[36mAirplane Load (0.2ms)[0m  [1m[34mSELECT  "airplanes".* FROM "airplanes" WHERE "airplanes"."id" = $1 LIMIT $2[0m  [["id", 7], ["LIMIT", 1]]
  ↳ app/controllers/flights_controller.rb:3
Completed 500 Internal Server Error in 80ms (ActiveRecord: 28.4ms)


  
NoMethodError (undefined method `reservation' for #<Flight:0x007fc9d7a80130>
Did you mean?  reservations
               reservations=):
  
app/controllers/flights_controller.rb:3:in `index'
Started GET "/flights" for ::1 at 2020-02-10 14:27:07 +1100
Processing by FlightsController#index as HTML
  [1m[36mFlight Load (0.3ms)[0m  [1m[34mSELECT "flights".* FROM "flights"[0m
  ↳ app/controllers/flights_controller.rb:3
  [1m[36mAirplane Load (0.2ms)[0m  [1m[34mSELECT  "airplanes".* FROM "airplanes" WHERE "airplanes"."id" = $1 LIMIT $2[0m  [["id", 7], ["LIMIT", 1]]
  ↳ app/controllers/flights_controller.rb:3
  [1m[36mReservation Load (0.5ms)[0m  [1m[34mSELECT "reservations".* FROM "reservations" WHERE "reservations"."flight_id" = $1[0m  [["flight_id", 10]]
  ↳ app/controllers/flights_controller.rb:3
  [1m[36mCACHE Airplane Load (0.0ms)[0m  [1m[34mSELECT  "airplanes".* FROM "airplanes" WHERE "airplanes"."id" = $1 LIMIT $2[0m  [["id", 7], ["LIMIT", 1]]
  ↳ app/controllers/flights_controller.rb:3
  [1m[36mReservation Load (0.3ms)[0m  [1m[34mSELECT "reservations".* FROM "reservations" WHERE "reservations"."flight_id" = $1[0m  [["flight_id", 11]]
  ↳ app/controllers/flights_controller.rb:3
  [1m[36mAirplane Load (0.2ms)[0m  [1m[34mSELECT  "airplanes".* FROM "airplanes" WHERE "airplanes"."id" = $1 LIMIT $2[0m  [["id", 8], ["LIMIT", 1]]
  ↳ app/controllers/flights_controller.rb:3
  [1m[36mReservation Load (0.2ms)[0m  [1m[34mSELECT "reservations".* FROM "reservations" WHERE "reservations"."flight_id" = $1[0m  [["flight_id", 12]]
  ↳ app/controllers/flights_controller.rb:3
Completed 200 OK in 46ms (Views: 27.9ms | ActiveRecord: 13.1ms)


Started GET "/flights" for ::1 at 2020-02-10 14:28:18 +1100
  
SyntaxError (/Users/gabriel/sei35/exercises/week10/burning-airlines-rails-vue/ba-rails-backend/app/controllers/flights_controller.rb:3: syntax error, unexpected tLABEL
rplane, reservations: include: :users ]
                              ^
/Users/gabriel/sei35/exercises/week10/burning-airlines-rails-vue/ba-rails-backend/app/controllers/flights_controller.rb:11: syntax error, unexpected end-of-input, expecting keyword_end):
  
app/controllers/flights_controller.rb:3: syntax error, unexpected tLABEL
app/controllers/flights_controller.rb:11: syntax error, unexpected end-of-input, expecting keyword_end
Started GET "/flights" for ::1 at 2020-02-10 14:28:39 +1100
  
SyntaxError (/Users/gabriel/sei35/exercises/week10/burning-airlines-rails-vue/ba-rails-backend/app/controllers/flights_controller.rb:3: syntax error, unexpected tLABEL
rplane, reservations: include: :user ]
                              ^
/Users/gabriel/sei35/exercises/week10/burning-airlines-rails-vue/ba-rails-backend/app/controllers/flights_controller.rb:11: syntax error, unexpected end-of-input, expecting keyword_end):
  
app/controllers/flights_controller.rb:3: syntax error, unexpected tLABEL
app/controllers/flights_controller.rb:11: syntax error, unexpected end-of-input, expecting keyword_end
Started GET "/flights" for ::1 at 2020-02-10 14:28:44 +1100
Processing by FlightsController#index as HTML
  [1m[36mFlight Load (0.6ms)[0m  [1m[34mSELECT "flights".* FROM "flights"[0m
  ↳ app/controllers/flights_controller.rb:3
  [1m[36mAirplane Load (0.3ms)[0m  [1m[34mSELECT  "airplanes".* FROM "airplanes" WHERE "airplanes"."id" = $1 LIMIT $2[0m  [["id", 7], ["LIMIT", 1]]
  ↳ app/controllers/flights_controller.rb:3
  [1m[36mReservation Load (0.2ms)[0m  [1m[34mSELECT "reservations".* FROM "reservations" WHERE "reservations"."flight_id" = $1[0m  [["flight_id", 10]]
  ↳ app/controllers/flights_controller.rb:3
  [1m[36mUser Load (0.4ms)[0m  [1m[34mSELECT  "users".* FROM "users" WHERE "users"."id" = $1 LIMIT $2[0m  [["id", 13], ["LIMIT", 1]]
  ↳ app/controllers/flights_controller.rb:3
  [1m[36mUser Load (0.3ms)[0m  [1m[34mSELECT  "users".* FROM "users" WHERE "users"."id" = $1 LIMIT $2[0m  [["id", 14], ["LIMIT", 1]]
  ↳ app/controllers/flights_controller.rb:3
  [1m[36mUser Load (0.2ms)[0m  [1m[34mSELECT  "users".* FROM "users" WHERE "users"."id" = $1 LIMIT $2[0m  [["id", 15], ["LIMIT", 1]]
  ↳ app/controllers/flights_controller.rb:3
  [1m[36mCACHE Airplane Load (0.0ms)[0m  [1m[34mSELECT  "airplanes".* FROM "airplanes" WHERE "airplanes"."id" = $1 LIMIT $2[0m  [["id", 7], ["LIMIT", 1]]
  ↳ app/controllers/flights_controller.rb:3
  [1m[36mReservation Load (0.3ms)[0m  [1m[34mSELECT "reservations".* FROM "reservations" WHERE "reservations"."flight_id" = $1[0m  [["flight_id", 11]]
  ↳ app/controllers/flights_controller.rb:3
  [1m[36mCACHE User Load (0.0ms)[0m  [1m[34mSELECT  "users".* FROM "users" WHERE "users"."id" = $1 LIMIT $2[0m  [["id", 15], ["LIMIT", 1]]
  ↳ app/controllers/flights_controller.rb:3
  [1m[36mAirplane Load (0.2ms)[0m  [1m[34mSELECT  "airplanes".* FROM "airplanes" WHERE "airplanes"."id" = $1 LIMIT $2[0m  [["id", 8], ["LIMIT", 1]]
  ↳ app/controllers/flights_controller.rb:3
  [1m[36mReservation Load (0.3ms)[0m  [1m[34mSELECT "reservations".* FROM "reservations" WHERE "reservations"."flight_id" = $1[0m  [["flight_id", 12]]
  ↳ app/controllers/flights_controller.rb:3
Completed 200 OK in 74ms (Views: 42.5ms | ActiveRecord: 28.1ms)


Started GET "/flights" for ::1 at 2020-02-10 14:30:30 +1100
Processing by FlightsController#index as HTML
  [1m[36mFlight Load (0.4ms)[0m  [1m[34mSELECT "flights".* FROM "flights"[0m
  ↳ app/controllers/flights_controller.rb:3
  [1m[36mAirplane Load (0.2ms)[0m  [1m[34mSELECT  "airplanes".* FROM "airplanes" WHERE "airplanes"."id" = $1 LIMIT $2[0m  [["id", 7], ["LIMIT", 1]]
  ↳ app/controllers/flights_controller.rb:3
  [1m[36mReservation Load (0.3ms)[0m  [1m[34mSELECT "reservations".* FROM "reservations" WHERE "reservations"."flight_id" = $1[0m  [["flight_id", 10]]
  ↳ app/controllers/flights_controller.rb:3
  [1m[36mUser Load (0.3ms)[0m  [1m[34mSELECT  "users".* FROM "users" WHERE "users"."id" = $1 LIMIT $2[0m  [["id", 13], ["LIMIT", 1]]
  ↳ app/controllers/flights_controller.rb:3
  [1m[36mUser Load (8.0ms)[0m  [1m[34mSELECT  "users".* FROM "users" WHERE "users"."id" = $1 LIMIT $2[0m  [["id", 14], ["LIMIT", 1]]
  ↳ app/controllers/flights_controller.rb:3
  [1m[36mUser Load (0.2ms)[0m  [1m[34mSELECT  "users".* FROM "users" WHERE "users"."id" = $1 LIMIT $2[0m  [["id", 15], ["LIMIT", 1]]
  ↳ app/controllers/flights_controller.rb:3
  [1m[36mCACHE Airplane Load (0.0ms)[0m  [1m[34mSELECT  "airplanes".* FROM "airplanes" WHERE "airplanes"."id" = $1 LIMIT $2[0m  [["id", 7], ["LIMIT", 1]]
  ↳ app/controllers/flights_controller.rb:3
  [1m[36mReservation Load (0.2ms)[0m  [1m[34mSELECT "reservations".* FROM "reservations" WHERE "reservations"."flight_id" = $1[0m  [["flight_id", 11]]
  ↳ app/controllers/flights_controller.rb:3
  [1m[36mCACHE User Load (0.0ms)[0m  [1m[34mSELECT  "users".* FROM "users" WHERE "users"."id" = $1 LIMIT $2[0m  [["id", 15], ["LIMIT", 1]]
  ↳ app/controllers/flights_controller.rb:3
  [1m[36mAirplane Load (0.2ms)[0m  [1m[34mSELECT  "airplanes".* FROM "airplanes" WHERE "airplanes"."id" = $1 LIMIT $2[0m  [["id", 8], ["LIMIT", 1]]
  ↳ app/controllers/flights_controller.rb:3
  [1m[36mReservation Load (0.1ms)[0m  [1m[34mSELECT "reservations".* FROM "reservations" WHERE "reservations"."flight_id" = $1[0m  [["flight_id", 12]]
  ↳ app/controllers/flights_controller.rb:3
Completed 200 OK in 87ms (Views: 51.7ms | ActiveRecord: 30.5ms)


Started GET "/flights/SYD/MEL" for ::1 at 2020-02-10 14:30:36 +1100
  
ActionController::RoutingError (No route matches [GET] "/flights/SYD/MEL"):
  
actionpack (5.2.4.1) lib/action_dispatch/middleware/debug_exceptions.rb:65:in `call'
web-console (3.7.0) lib/web_console/middleware.rb:135:in `call_app'
web-console (3.7.0) lib/web_console/middleware.rb:30:in `block in call'
web-console (3.7.0) lib/web_console/middleware.rb:20:in `catch'
web-console (3.7.0) lib/web_console/middleware.rb:20:in `call'
actionpack (5.2.4.1) lib/action_dispatch/middleware/show_exceptions.rb:33:in `call'
railties (5.2.4.1) lib/rails/rack/logger.rb:38:in `call_app'
railties (5.2.4.1) lib/rails/rack/logger.rb:26:in `block in call'
activesupport (5.2.4.1) lib/active_support/tagged_logging.rb:71:in `block in tagged'
activesupport (5.2.4.1) lib/active_support/tagged_logging.rb:28:in `tagged'
activesupport (5.2.4.1) lib/active_support/tagged_logging.rb:71:in `tagged'
railties (5.2.4.1) lib/rails/rack/logger.rb:26:in `call'
sprockets-rails (3.2.1) lib/sprockets/rails/quiet_assets.rb:13:in `call'
actionpack (5.2.4.1) lib/action_dispatch/middleware/remote_ip.rb:81:in `call'
actionpack (5.2.4.1) lib/action_dispatch/middleware/request_id.rb:27:in `call'
rack (2.2.1) lib/rack/method_override.rb:24:in `call'
rack (2.2.1) lib/rack/runtime.rb:22:in `call'
activesupport (5.2.4.1) lib/active_support/cache/strategy/local_cache_middleware.rb:29:in `call'
actionpack (5.2.4.1) lib/action_dispatch/middleware/executor.rb:14:in `call'
actionpack (5.2.4.1) lib/action_dispatch/middleware/static.rb:127:in `call'
rack (2.2.1) lib/rack/sendfile.rb:110:in `call'
railties (5.2.4.1) lib/rails/engine.rb:524:in `call'
puma (3.12.2) lib/puma/configuration.rb:227:in `call'
puma (3.12.2) lib/puma/server.rb:674:in `handle_request'
puma (3.12.2) lib/puma/server.rb:476:in `process_client'
puma (3.12.2) lib/puma/server.rb:334:in `block in run'
puma (3.12.2) lib/puma/thread_pool.rb:135:in `block in spawn_thread'
Started GET "/search/SYD/MEL" for ::1 at 2020-02-10 14:30:44 +1100
  
ActionController::RoutingError (No route matches [GET] "/search/SYD/MEL"):
  
actionpack (5.2.4.1) lib/action_dispatch/middleware/debug_exceptions.rb:65:in `call'
web-console (3.7.0) lib/web_console/middleware.rb:135:in `call_app'
web-console (3.7.0) lib/web_console/middleware.rb:30:in `block in call'
web-console (3.7.0) lib/web_console/middleware.rb:20:in `catch'
web-console (3.7.0) lib/web_console/middleware.rb:20:in `call'
actionpack (5.2.4.1) lib/action_dispatch/middleware/show_exceptions.rb:33:in `call'
railties (5.2.4.1) lib/rails/rack/logger.rb:38:in `call_app'
railties (5.2.4.1) lib/rails/rack/logger.rb:26:in `block in call'
activesupport (5.2.4.1) lib/active_support/tagged_logging.rb:71:in `block in tagged'
activesupport (5.2.4.1) lib/active_support/tagged_logging.rb:28:in `tagged'
activesupport (5.2.4.1) lib/active_support/tagged_logging.rb:71:in `tagged'
railties (5.2.4.1) lib/rails/rack/logger.rb:26:in `call'
sprockets-rails (3.2.1) lib/sprockets/rails/quiet_assets.rb:13:in `call'
actionpack (5.2.4.1) lib/action_dispatch/middleware/remote_ip.rb:81:in `call'
actionpack (5.2.4.1) lib/action_dispatch/middleware/request_id.rb:27:in `call'
rack (2.2.1) lib/rack/method_override.rb:24:in `call'
rack (2.2.1) lib/rack/runtime.rb:22:in `call'
activesupport (5.2.4.1) lib/active_support/cache/strategy/local_cache_middleware.rb:29:in `call'
actionpack (5.2.4.1) lib/action_dispatch/middleware/executor.rb:14:in `call'
actionpack (5.2.4.1) lib/action_dispatch/middleware/static.rb:127:in `call'
rack (2.2.1) lib/rack/sendfile.rb:110:in `call'
railties (5.2.4.1) lib/rails/engine.rb:524:in `call'
puma (3.12.2) lib/puma/configuration.rb:227:in `call'
puma (3.12.2) lib/puma/server.rb:674:in `handle_request'
puma (3.12.2) lib/puma/server.rb:476:in `process_client'
puma (3.12.2) lib/puma/server.rb:334:in `block in run'
puma (3.12.2) lib/puma/thread_pool.rb:135:in `block in spawn_thread'
Started GET "/flights/search/SYD/MEL" for ::1 at 2020-02-10 14:30:57 +1100
Processing by FlightsController#search as HTML
  Parameters: {"origin"=>"SYD", "destination"=>"MEL"}
Completed 200 OK in 1ms (Views: 0.2ms | ActiveRecord: 0.0ms)


Started GET "/flights/search/SYD/MEL" for ::1 at 2020-02-10 14:34:09 +1100
Processing by FlightsController#search as HTML
  Parameters: {"origin"=>"SYD", "destination"=>"MEL"}
  [1m[36mFlight Load (0.2ms)[0m  [1m[34mSELECT "flights".* FROM "flights" WHERE "flights"."origin" = $1 AND "flights"."destination" = $2[0m  [["origin", "SYD"], ["destination", "MEL"]]
  ↳ app/controllers/flights_controller.rb:12
Completed 200 OK in 14ms (Views: 6.9ms | ActiveRecord: 4.6ms)


Started GET "/flights/search/SYD/MEL" for ::1 at 2020-02-10 14:34:41 +1100
Processing by FlightsController#search as HTML
  Parameters: {"origin"=>"SYD", "destination"=>"MEL"}
  [1m[36mFlight Load (0.3ms)[0m  [1m[34mSELECT "flights".* FROM "flights" WHERE "flights"."origin" = $1 AND "flights"."destination" = $2[0m  [["origin", "SYD"], ["destination", "MEL"]]
  ↳ app/controllers/flights_controller.rb:14
Completed 200 OK in 20ms (Views: 10.9ms | ActiveRecord: 5.5ms)


Started GET "/flights/search/SYD/SIN" for ::1 at 2020-02-10 14:34:56 +1100
Processing by FlightsController#search as HTML
  Parameters: {"origin"=>"SYD", "destination"=>"SIN"}
  [1m[36mFlight Load (0.4ms)[0m  [1m[34mSELECT "flights".* FROM "flights" WHERE "flights"."origin" = $1 AND "flights"."destination" = $2[0m  [["origin", "SYD"], ["destination", "SIN"]]
  ↳ app/controllers/flights_controller.rb:14
Completed 200 OK in 3ms (Views: 1.9ms | ActiveRecord: 0.4ms)


Started GET "/flights/search/SYD/SIN" for ::1 at 2020-02-10 14:35:29 +1100
Processing by FlightsController#search as HTML
  Parameters: {"origin"=>"SYD", "destination"=>"SIN"}
  [1m[36mFlight Load (0.3ms)[0m  [1m[34mSELECT "flights".* FROM "flights" WHERE "flights"."origin" = $1 AND "flights"."destination" = $2[0m  [["origin", "SYD"], ["destination", "SIN"]]
  ↳ app/controllers/flights_controller.rb:14
  [1m[36mAirplane Load (0.2ms)[0m  [1m[34mSELECT  "airplanes".* FROM "airplanes" WHERE "airplanes"."id" = $1 LIMIT $2[0m  [["id", 7], ["LIMIT", 1]]
  ↳ app/controllers/flights_controller.rb:14
  [1m[36mCACHE Airplane Load (0.0ms)[0m  [1m[34mSELECT  "airplanes".* FROM "airplanes" WHERE "airplanes"."id" = $1 LIMIT $2[0m  [["id", 7], ["LIMIT", 1]]
  ↳ app/controllers/flights_controller.rb:14
Completed 200 OK in 27ms (Views: 14.5ms | ActiveRecord: 9.3ms)


Started GET "/flights/search/SYD/SIN" for 127.0.0.1 at 2020-02-10 14:36:41 +1100
  [1m[35m (1.0ms)[0m  [1m[34mSELECT "schema_migrations"."version" FROM "schema_migrations" ORDER BY "schema_migrations"."version" ASC[0m
Processing by FlightsController#search as HTML
  Parameters: {"origin"=>"SYD", "destination"=>"SIN"}
  [1m[36mFlight Load (0.4ms)[0m  [1m[34mSELECT "flights".* FROM "flights" WHERE "flights"."origin" = $1 AND "flights"."destination" = $2[0m  [["origin", "SYD"], ["destination", "SIN"]]
Completed 200 OK in 20ms (Views: 10.3ms | ActiveRecord: 5.7ms)


Started GET "/flights/search/SYD/SIN" for ::1 at 2020-02-10 14:38:27 +1100
Processing by FlightsController#search as HTML
  Parameters: {"origin"=>"SYD", "destination"=>"SIN"}
  [1m[36mFlight Load (0.2ms)[0m  [1m[34mSELECT "flights".* FROM "flights" WHERE "flights"."origin" = $1 AND "flights"."destination" = $2[0m  [["origin", "SYD"], ["destination", "SIN"]]
  ↳ app/controllers/flights_controller.rb:14
  [1m[36mAirplane Load (0.3ms)[0m  [1m[34mSELECT  "airplanes".* FROM "airplanes" WHERE "airplanes"."id" = $1 LIMIT $2[0m  [["id", 7], ["LIMIT", 1]]
  ↳ app/controllers/flights_controller.rb:14
  [1m[36mCACHE Airplane Load (0.1ms)[0m  [1m[34mSELECT  "airplanes".* FROM "airplanes" WHERE "airplanes"."id" = $1 LIMIT $2[0m  [["id", 7], ["LIMIT", 1]]
  ↳ app/controllers/flights_controller.rb:14
Completed 200 OK in 42ms (Views: 23.9ms | ActiveRecord: 13.4ms)


Started GET "/flights/search/SYD/SIN" for ::1 at 2020-02-10 14:38:50 +1100
Processing by FlightsController#search as HTML
  Parameters: {"origin"=>"SYD", "destination"=>"SIN"}
  [1m[36mFlight Load (0.9ms)[0m  [1m[34mSELECT "flights".* FROM "flights" WHERE "flights"."origin" = $1 AND "flights"."destination" = $2[0m  [["origin", "SYD"], ["destination", "SIN"]]
  ↳ app/controllers/flights_controller.rb:14
  [1m[36mAirplane Load (0.5ms)[0m  [1m[34mSELECT  "airplanes".* FROM "airplanes" WHERE "airplanes"."id" = $1 LIMIT $2[0m  [["id", 7], ["LIMIT", 1]]
  ↳ app/controllers/flights_controller.rb:14
  [1m[36mCACHE Airplane Load (0.0ms)[0m  [1m[34mSELECT  "airplanes".* FROM "airplanes" WHERE "airplanes"."id" = $1 LIMIT $2[0m  [["id", 7], ["LIMIT", 1]]
  ↳ app/controllers/flights_controller.rb:14
Completed 200 OK in 11ms (Views: 8.4ms | ActiveRecord: 1.5ms)


Started GET "/flights/search/SYD/MEL" for ::1 at 2020-02-10 14:39:04 +1100
Processing by FlightsController#search as HTML
  Parameters: {"origin"=>"SYD", "destination"=>"MEL"}
  [1m[36mFlight Load (0.5ms)[0m  [1m[34mSELECT "flights".* FROM "flights" WHERE "flights"."origin" = $1 AND "flights"."destination" = $2[0m  [["origin", "SYD"], ["destination", "MEL"]]
  ↳ app/controllers/flights_controller.rb:14
  [1m[36mAirplane Load (0.5ms)[0m  [1m[34mSELECT  "airplanes".* FROM "airplanes" WHERE "airplanes"."id" = $1 LIMIT $2[0m  [["id", 8], ["LIMIT", 1]]
  ↳ app/controllers/flights_controller.rb:14
Completed 200 OK in 7ms (Views: 5.1ms | ActiveRecord: 1.0ms)


Started GET "/flights/search/SYD/SIN" for ::1 at 2020-02-10 14:39:20 +1100
Processing by FlightsController#search as HTML
  Parameters: {"origin"=>"SYD", "destination"=>"SIN"}
  [1m[36mFlight Load (0.6ms)[0m  [1m[34mSELECT "flights".* FROM "flights" WHERE "flights"."origin" = $1 AND "flights"."destination" = $2[0m  [["origin", "SYD"], ["destination", "SIN"]]
  ↳ app/controllers/flights_controller.rb:14
  [1m[36mAirplane Load (0.4ms)[0m  [1m[34mSELECT  "airplanes".* FROM "airplanes" WHERE "airplanes"."id" = $1 LIMIT $2[0m  [["id", 7], ["LIMIT", 1]]
  ↳ app/controllers/flights_controller.rb:14
  [1m[36mCACHE Airplane Load (0.0ms)[0m  [1m[34mSELECT  "airplanes".* FROM "airplanes" WHERE "airplanes"."id" = $1 LIMIT $2[0m  [["id", 7], ["LIMIT", 1]]
  ↳ app/controllers/flights_controller.rb:14
Completed 200 OK in 10ms (Views: 8.2ms | ActiveRecord: 1.1ms)


Started GET "/flights/search/SYD/SIN" for ::1 at 2020-02-10 14:41:02 +1100
Processing by FlightsController#search as HTML
  Parameters: {"origin"=>"SYD", "destination"=>"SIN"}
  [1m[36mFlight Load (0.2ms)[0m  [1m[34mSELECT "flights".* FROM "flights" WHERE "flights"."origin" = $1 AND "flights"."destination" = $2[0m  [["origin", "SYD"], ["destination", "SIN"]]
  ↳ app/controllers/flights_controller.rb:14
  [1m[36mAirplane Load (0.2ms)[0m  [1m[34mSELECT  "airplanes".* FROM "airplanes" WHERE "airplanes"."id" = $1 LIMIT $2[0m  [["id", 7], ["LIMIT", 1]]
  ↳ app/controllers/flights_controller.rb:14
  [1m[36mCACHE Airplane Load (0.0ms)[0m  [1m[34mSELECT  "airplanes".* FROM "airplanes" WHERE "airplanes"."id" = $1 LIMIT $2[0m  [["id", 7], ["LIMIT", 1]]
  ↳ app/controllers/flights_controller.rb:14
Completed 200 OK in 30ms (Views: 16.3ms | ActiveRecord: 9.5ms)


Started GET "/flights/search/SYD/SIN" for ::1 at 2020-02-10 14:41:19 +1100
Processing by FlightsController#search as HTML
  Parameters: {"origin"=>"SYD", "destination"=>"SIN"}
  [1m[36mFlight Load (0.2ms)[0m  [1m[34mSELECT "flights".* FROM "flights" WHERE "flights"."origin" = $1 AND "flights"."destination" = $2[0m  [["origin", "SYD"], ["destination", "SIN"]]
  ↳ app/controllers/flights_controller.rb:14
  [1m[36mAirplane Load (3.5ms)[0m  [1m[34mSELECT  "airplanes".* FROM "airplanes" WHERE "airplanes"."id" = $1 LIMIT $2[0m  [["id", 7], ["LIMIT", 1]]
  ↳ app/controllers/flights_controller.rb:14
  [1m[36mCACHE Airplane Load (0.0ms)[0m  [1m[34mSELECT  "airplanes".* FROM "airplanes" WHERE "airplanes"."id" = $1 LIMIT $2[0m  [["id", 7], ["LIMIT", 1]]
  ↳ app/controllers/flights_controller.rb:14
Completed 200 OK in 45ms (Views: 24.1ms | ActiveRecord: 16.7ms)


Started GET "/flights/search/SYD/SIN" for ::1 at 2020-02-10 14:42:13 +1100
Processing by FlightsController#search as HTML
  Parameters: {"origin"=>"SYD", "destination"=>"SIN"}
  [1m[36mFlight Load (0.3ms)[0m  [1m[34mSELECT "flights".* FROM "flights" WHERE "flights"."origin" = $1 AND "flights"."destination" = $2[0m  [["origin", "SYD"], ["destination", "SIN"]]
  ↳ app/controllers/flights_controller.rb:14
  [1m[36mAirplane Load (0.3ms)[0m  [1m[34mSELECT  "airplanes".* FROM "airplanes" WHERE "airplanes"."id" = $1 LIMIT $2[0m  [["id", 7], ["LIMIT", 1]]
  ↳ app/controllers/flights_controller.rb:14
  [1m[36mCACHE Airplane Load (0.0ms)[0m  [1m[34mSELECT  "airplanes".* FROM "airplanes" WHERE "airplanes"."id" = $1 LIMIT $2[0m  [["id", 7], ["LIMIT", 1]]
  ↳ app/controllers/flights_controller.rb:14
Completed 200 OK in 5ms (Views: 4.2ms | ActiveRecord: 0.6ms)


Started GET "/flights/search/SYD/SIN" for ::1 at 2020-02-10 14:42:29 +1100
Processing by FlightsController#search as HTML
  Parameters: {"origin"=>"SYD", "destination"=>"SIN"}
  [1m[36mFlight Load (0.2ms)[0m  [1m[34mSELECT "flights".* FROM "flights" WHERE "flights"."origin" = $1 AND "flights"."destination" = $2[0m  [["origin", "SYD"], ["destination", "SIN"]]
  ↳ app/controllers/flights_controller.rb:14
  [1m[36mAirplane Load (0.1ms)[0m  [1m[34mSELECT  "airplanes".* FROM "airplanes" WHERE "airplanes"."id" = $1 LIMIT $2[0m  [["id", 7], ["LIMIT", 1]]
  ↳ app/controllers/flights_controller.rb:14
  [1m[36mCACHE Airplane Load (0.0ms)[0m  [1m[34mSELECT  "airplanes".* FROM "airplanes" WHERE "airplanes"."id" = $1 LIMIT $2[0m  [["id", 7], ["LIMIT", 1]]
  ↳ app/controllers/flights_controller.rb:14
Completed 200 OK in 30ms (Views: 15.8ms | ActiveRecord: 9.7ms)


Started GET "/flights/search/SYD/SIN" for ::1 at 2020-02-10 14:42:31 +1100
Processing by FlightsController#search as HTML
  Parameters: {"origin"=>"SYD", "destination"=>"SIN"}
  [1m[36mFlight Load (0.4ms)[0m  [1m[34mSELECT "flights".* FROM "flights" WHERE "flights"."origin" = $1 AND "flights"."destination" = $2[0m  [["origin", "SYD"], ["destination", "SIN"]]
  ↳ app/controllers/flights_controller.rb:14
  [1m[36mAirplane Load (0.2ms)[0m  [1m[34mSELECT  "airplanes".* FROM "airplanes" WHERE "airplanes"."id" = $1 LIMIT $2[0m  [["id", 7], ["LIMIT", 1]]
  ↳ app/controllers/flights_controller.rb:14
  [1m[36mCACHE Airplane Load (0.0ms)[0m  [1m[34mSELECT  "airplanes".* FROM "airplanes" WHERE "airplanes"."id" = $1 LIMIT $2[0m  [["id", 7], ["LIMIT", 1]]
  ↳ app/controllers/flights_controller.rb:14
Completed 200 OK in 5ms (Views: 4.2ms | ActiveRecord: 0.6ms)


Started GET "/flights/search/SIN/SFO" for ::1 at 2020-02-10 16:40:20 +1100
  [1m[35m (1.5ms)[0m  [1m[34mSELECT "schema_migrations"."version" FROM "schema_migrations" ORDER BY "schema_migrations"."version" ASC[0m
  ↳ /Users/gabriel/.rvm/gems/ruby-2.4.1/gems/activerecord-5.2.4.1/lib/active_record/log_subscriber.rb:98
Processing by FlightsController#search as HTML
  Parameters: {"origin"=>"SIN", "destination"=>"SFO"}
  [1m[36mFlight Load (4.8ms)[0m  [1m[34mSELECT "flights".* FROM "flights" WHERE "flights"."origin" = $1 AND "flights"."destination" = $2[0m  [["origin", "SIN"], ["destination", "SFO"]]
  ↳ app/controllers/flights_controller.rb:14
Completed 200 OK in 18ms (Views: 2.8ms | ActiveRecord: 6.6ms)


Started GET "/flights/search/SYD/SIN" for ::1 at 2020-02-10 16:40:30 +1100
Processing by FlightsController#search as HTML
  Parameters: {"origin"=>"SYD", "destination"=>"SIN"}
  [1m[36mFlight Load (1.2ms)[0m  [1m[34mSELECT "flights".* FROM "flights" WHERE "flights"."origin" = $1 AND "flights"."destination" = $2[0m  [["origin", "SYD"], ["destination", "SIN"]]
  ↳ app/controllers/flights_controller.rb:14
  [1m[36mAirplane Load (1.2ms)[0m  [1m[34mSELECT  "airplanes".* FROM "airplanes" WHERE "airplanes"."id" = $1 LIMIT $2[0m  [["id", 7], ["LIMIT", 1]]
  ↳ app/controllers/flights_controller.rb:14
  [1m[36mCACHE Airplane Load (0.0ms)[0m  [1m[34mSELECT  "airplanes".* FROM "airplanes" WHERE "airplanes"."id" = $1 LIMIT $2[0m  [["id", 7], ["LIMIT", 1]]
  ↳ app/controllers/flights_controller.rb:14
Completed 200 OK in 54ms (Views: 36.9ms | ActiveRecord: 16.1ms)


Started GET "/flights/search/SYD/SIN" for ::1 at 2020-02-10 16:47:44 +1100
Processing by FlightsController#search as HTML
  Parameters: {"origin"=>"SYD", "destination"=>"SIN"}
  [1m[36mFlight Load (0.9ms)[0m  [1m[34mSELECT "flights".* FROM "flights" WHERE "flights"."origin" = $1 AND "flights"."destination" = $2[0m  [["origin", "SYD"], ["destination", "SIN"]]
  ↳ app/controllers/flights_controller.rb:14
  [1m[36mAirplane Load (0.4ms)[0m  [1m[34mSELECT  "airplanes".* FROM "airplanes" WHERE "airplanes"."id" = $1 LIMIT $2[0m  [["id", 7], ["LIMIT", 1]]
  ↳ app/controllers/flights_controller.rb:14
  [1m[36mCACHE Airplane Load (0.0ms)[0m  [1m[34mSELECT  "airplanes".* FROM "airplanes" WHERE "airplanes"."id" = $1 LIMIT $2[0m  [["id", 7], ["LIMIT", 1]]
  ↳ app/controllers/flights_controller.rb:14
Completed 200 OK in 19ms (Views: 15.5ms | ActiveRecord: 1.5ms)


Started GET "/flights/search/SYD/SIN" for ::1 at 2020-02-10 16:49:53 +1100
Processing by FlightsController#search as HTML
  Parameters: {"origin"=>"SYD", "destination"=>"SIN"}
  [1m[36mFlight Load (0.7ms)[0m  [1m[34mSELECT "flights".* FROM "flights" WHERE "flights"."origin" = $1 AND "flights"."destination" = $2[0m  [["origin", "SYD"], ["destination", "SIN"]]
  ↳ app/controllers/flights_controller.rb:14
  [1m[36mAirplane Load (0.6ms)[0m  [1m[34mSELECT  "airplanes".* FROM "airplanes" WHERE "airplanes"."id" = $1 LIMIT $2[0m  [["id", 7], ["LIMIT", 1]]
  ↳ app/controllers/flights_controller.rb:14
  [1m[36mCACHE Airplane Load (0.0ms)[0m  [1m[34mSELECT  "airplanes".* FROM "airplanes" WHERE "airplanes"."id" = $1 LIMIT $2[0m  [["id", 7], ["LIMIT", 1]]
  ↳ app/controllers/flights_controller.rb:14
Completed 200 OK in 10ms (Views: 7.5ms | ActiveRecord: 1.3ms)


Started GET "/flights/search/SYD/SIN" for ::1 at 2020-02-10 16:50:16 +1100
Processing by FlightsController#search as HTML
  Parameters: {"origin"=>"SYD", "destination"=>"SIN"}
  [1m[36mFlight Load (5.3ms)[0m  [1m[34mSELECT "flights".* FROM "flights" WHERE "flights"."origin" = $1 AND "flights"."destination" = $2[0m  [["origin", "SYD"], ["destination", "SIN"]]
  ↳ app/controllers/flights_controller.rb:14
  [1m[36mAirplane Load (18.3ms)[0m  [1m[34mSELECT  "airplanes".* FROM "airplanes" WHERE "airplanes"."id" = $1 LIMIT $2[0m  [["id", 7], ["LIMIT", 1]]
  ↳ app/controllers/flights_controller.rb:14
  [1m[36mCACHE Airplane Load (0.0ms)[0m  [1m[34mSELECT  "airplanes".* FROM "airplanes" WHERE "airplanes"."id" = $1 LIMIT $2[0m  [["id", 7], ["LIMIT", 1]]
  ↳ app/controllers/flights_controller.rb:14
Completed 200 OK in 31ms (Views: 6.9ms | ActiveRecord: 23.6ms)


Started GET "/flights/search/SYD/SIN" for ::1 at 2020-02-10 16:51:17 +1100
Processing by FlightsController#search as HTML
  Parameters: {"origin"=>"SYD", "destination"=>"SIN"}
  [1m[36mFlight Load (0.4ms)[0m  [1m[34mSELECT "flights".* FROM "flights" WHERE "flights"."origin" = $1 AND "flights"."destination" = $2[0m  [["origin", "SYD"], ["destination", "SIN"]]
  ↳ app/controllers/flights_controller.rb:14
  [1m[36mAirplane Load (0.3ms)[0m  [1m[34mSELECT  "airplanes".* FROM "airplanes" WHERE "airplanes"."id" = $1 LIMIT $2[0m  [["id", 7], ["LIMIT", 1]]
  ↳ app/controllers/flights_controller.rb:14
  [1m[36mCACHE Airplane Load (0.0ms)[0m  [1m[34mSELECT  "airplanes".* FROM "airplanes" WHERE "airplanes"."id" = $1 LIMIT $2[0m  [["id", 7], ["LIMIT", 1]]
  ↳ app/controllers/flights_controller.rb:14
Completed 200 OK in 19ms (Views: 13.9ms | ActiveRecord: 0.7ms)


Started GET "/flights/search/SYD/SIN" for ::1 at 2020-02-10 16:51:37 +1100
Processing by FlightsController#search as HTML
  Parameters: {"origin"=>"SYD", "destination"=>"SIN"}
  [1m[36mFlight Load (0.7ms)[0m  [1m[34mSELECT "flights".* FROM "flights" WHERE "flights"."origin" = $1 AND "flights"."destination" = $2[0m  [["origin", "SYD"], ["destination", "SIN"]]
  ↳ app/controllers/flights_controller.rb:14
  [1m[36mAirplane Load (0.5ms)[0m  [1m[34mSELECT  "airplanes".* FROM "airplanes" WHERE "airplanes"."id" = $1 LIMIT $2[0m  [["id", 7], ["LIMIT", 1]]
  ↳ app/controllers/flights_controller.rb:14
  [1m[36mCACHE Airplane Load (0.0ms)[0m  [1m[34mSELECT  "airplanes".* FROM "airplanes" WHERE "airplanes"."id" = $1 LIMIT $2[0m  [["id", 7], ["LIMIT", 1]]
  ↳ app/controllers/flights_controller.rb:14
Completed 200 OK in 18ms (Views: 15.9ms | ActiveRecord: 1.2ms)


Started GET "/flights/search/SYD/MEL" for ::1 at 2020-02-10 16:51:44 +1100
Processing by FlightsController#search as HTML
  Parameters: {"origin"=>"SYD", "destination"=>"MEL"}
  [1m[36mFlight Load (0.9ms)[0m  [1m[34mSELECT "flights".* FROM "flights" WHERE "flights"."origin" = $1 AND "flights"."destination" = $2[0m  [["origin", "SYD"], ["destination", "MEL"]]
  ↳ app/controllers/flights_controller.rb:14
  [1m[36mAirplane Load (0.4ms)[0m  [1m[34mSELECT  "airplanes".* FROM "airplanes" WHERE "airplanes"."id" = $1 LIMIT $2[0m  [["id", 8], ["LIMIT", 1]]
  ↳ app/controllers/flights_controller.rb:14
Completed 200 OK in 13ms (Views: 7.8ms | ActiveRecord: 1.3ms)


Started GET "/flights/search/SYD/MEL" for ::1 at 2020-02-10 16:55:09 +1100
Processing by FlightsController#search as HTML
  Parameters: {"origin"=>"SYD", "destination"=>"MEL"}
  [1m[36mFlight Load (0.5ms)[0m  [1m[34mSELECT "flights".* FROM "flights" WHERE "flights"."origin" = $1 AND "flights"."destination" = $2[0m  [["origin", "SYD"], ["destination", "MEL"]]
  ↳ app/controllers/flights_controller.rb:14
  [1m[36mAirplane Load (0.4ms)[0m  [1m[34mSELECT  "airplanes".* FROM "airplanes" WHERE "airplanes"."id" = $1 LIMIT $2[0m  [["id", 8], ["LIMIT", 1]]
  ↳ app/controllers/flights_controller.rb:14
Completed 200 OK in 14ms (Views: 9.8ms | ActiveRecord: 0.9ms)


Started GET "/flights/search/SYD/MEL" for ::1 at 2020-02-10 16:56:34 +1100
Processing by FlightsController#search as HTML
  Parameters: {"origin"=>"SYD", "destination"=>"MEL"}
  [1m[36mFlight Load (0.2ms)[0m  [1m[34mSELECT "flights".* FROM "flights" WHERE "flights"."origin" = $1 AND "flights"."destination" = $2[0m  [["origin", "SYD"], ["destination", "MEL"]]
  ↳ app/controllers/flights_controller.rb:14
  [1m[36mAirplane Load (0.3ms)[0m  [1m[34mSELECT  "airplanes".* FROM "airplanes" WHERE "airplanes"."id" = $1 LIMIT $2[0m  [["id", 8], ["LIMIT", 1]]
  ↳ app/controllers/flights_controller.rb:14
Completed 200 OK in 7ms (Views: 6.3ms | ActiveRecord: 0.5ms)


Started GET "/flights/search/SYD/SIN" for ::1 at 2020-02-10 16:56:41 +1100
Processing by FlightsController#search as HTML
  Parameters: {"origin"=>"SYD", "destination"=>"SIN"}
  [1m[36mFlight Load (0.2ms)[0m  [1m[34mSELECT "flights".* FROM "flights" WHERE "flights"."origin" = $1 AND "flights"."destination" = $2[0m  [["origin", "SYD"], ["destination", "SIN"]]
  ↳ app/controllers/flights_controller.rb:14
  [1m[36mAirplane Load (0.2ms)[0m  [1m[34mSELECT  "airplanes".* FROM "airplanes" WHERE "airplanes"."id" = $1 LIMIT $2[0m  [["id", 7], ["LIMIT", 1]]
  ↳ app/controllers/flights_controller.rb:14
  [1m[36mCACHE Airplane Load (0.0ms)[0m  [1m[34mSELECT  "airplanes".* FROM "airplanes" WHERE "airplanes"."id" = $1 LIMIT $2[0m  [["id", 7], ["LIMIT", 1]]
  ↳ app/controllers/flights_controller.rb:14
Completed 200 OK in 11ms (Views: 10.1ms | ActiveRecord: 0.4ms)


Started GET "/flights/search/SYD/MEL" for ::1 at 2020-02-10 16:57:18 +1100
Processing by FlightsController#search as HTML
  Parameters: {"origin"=>"SYD", "destination"=>"MEL"}
  [1m[36mFlight Load (0.3ms)[0m  [1m[34mSELECT "flights".* FROM "flights" WHERE "flights"."origin" = $1 AND "flights"."destination" = $2[0m  [["origin", "SYD"], ["destination", "MEL"]]
  ↳ app/controllers/flights_controller.rb:14
  [1m[36mAirplane Load (0.3ms)[0m  [1m[34mSELECT  "airplanes".* FROM "airplanes" WHERE "airplanes"."id" = $1 LIMIT $2[0m  [["id", 8], ["LIMIT", 1]]
  ↳ app/controllers/flights_controller.rb:14
Completed 200 OK in 4ms (Views: 3.3ms | ActiveRecord: 0.6ms)


Started GET "/flights/search/SYD/MEL" for ::1 at 2020-02-10 16:57:49 +1100
Processing by FlightsController#search as HTML
  Parameters: {"origin"=>"SYD", "destination"=>"MEL"}
  [1m[36mFlight Load (0.4ms)[0m  [1m[34mSELECT "flights".* FROM "flights" WHERE "flights"."origin" = $1 AND "flights"."destination" = $2[0m  [["origin", "SYD"], ["destination", "MEL"]]
  ↳ app/controllers/flights_controller.rb:14
  [1m[36mAirplane Load (2.2ms)[0m  [1m[34mSELECT  "airplanes".* FROM "airplanes" WHERE "airplanes"."id" = $1 LIMIT $2[0m  [["id", 8], ["LIMIT", 1]]
  ↳ app/controllers/flights_controller.rb:14
Completed 200 OK in 10ms (Views: 6.4ms | ActiveRecord: 2.6ms)


Started GET "/flights/search/SYD/MEL" for ::1 at 2020-02-10 16:59:12 +1100
Processing by FlightsController#search as HTML
  Parameters: {"origin"=>"SYD", "destination"=>"MEL"}
  [1m[36mFlight Load (1.3ms)[0m  [1m[34mSELECT "flights".* FROM "flights" WHERE "flights"."origin" = $1 AND "flights"."destination" = $2[0m  [["origin", "SYD"], ["destination", "MEL"]]
  ↳ app/controllers/flights_controller.rb:14
  [1m[36mAirplane Load (0.2ms)[0m  [1m[34mSELECT  "airplanes".* FROM "airplanes" WHERE "airplanes"."id" = $1 LIMIT $2[0m  [["id", 8], ["LIMIT", 1]]
  ↳ app/controllers/flights_controller.rb:14
Completed 200 OK in 5ms (Views: 2.7ms | ActiveRecord: 1.5ms)


Started GET "/flights/search/SYD/SIN" for ::1 at 2020-02-10 17:00:27 +1100
Processing by FlightsController#search as HTML
  Parameters: {"origin"=>"SYD", "destination"=>"SIN"}
  [1m[36mFlight Load (0.4ms)[0m  [1m[34mSELECT "flights".* FROM "flights" WHERE "flights"."origin" = $1 AND "flights"."destination" = $2[0m  [["origin", "SYD"], ["destination", "SIN"]]
  ↳ app/controllers/flights_controller.rb:14
  [1m[36mAirplane Load (0.3ms)[0m  [1m[34mSELECT  "airplanes".* FROM "airplanes" WHERE "airplanes"."id" = $1 LIMIT $2[0m  [["id", 7], ["LIMIT", 1]]
  ↳ app/controllers/flights_controller.rb:14
  [1m[36mCACHE Airplane Load (0.0ms)[0m  [1m[34mSELECT  "airplanes".* FROM "airplanes" WHERE "airplanes"."id" = $1 LIMIT $2[0m  [["id", 7], ["LIMIT", 1]]
  ↳ app/controllers/flights_controller.rb:14
Completed 200 OK in 7ms (Views: 5.4ms | ActiveRecord: 0.8ms)


Started GET "/flights/search/SYD/SIN" for ::1 at 2020-02-10 17:00:32 +1100
Processing by FlightsController#search as HTML
  Parameters: {"origin"=>"SYD", "destination"=>"SIN"}
  [1m[36mFlight Load (0.3ms)[0m  [1m[34mSELECT "flights".* FROM "flights" WHERE "flights"."origin" = $1 AND "flights"."destination" = $2[0m  [["origin", "SYD"], ["destination", "SIN"]]
  ↳ app/controllers/flights_controller.rb:14
  [1m[36mAirplane Load (0.3ms)[0m  [1m[34mSELECT  "airplanes".* FROM "airplanes" WHERE "airplanes"."id" = $1 LIMIT $2[0m  [["id", 7], ["LIMIT", 1]]
  ↳ app/controllers/flights_controller.rb:14
  [1m[36mCACHE Airplane Load (0.0ms)[0m  [1m[34mSELECT  "airplanes".* FROM "airplanes" WHERE "airplanes"."id" = $1 LIMIT $2[0m  [["id", 7], ["LIMIT", 1]]
  ↳ app/controllers/flights_controller.rb:14
Completed 200 OK in 5ms (Views: 4.3ms | ActiveRecord: 0.6ms)


Started GET "/flights/search/SYD/SIN" for ::1 at 2020-02-10 17:00:58 +1100
Processing by FlightsController#search as HTML
  Parameters: {"origin"=>"SYD", "destination"=>"SIN"}
  [1m[36mFlight Load (0.5ms)[0m  [1m[34mSELECT "flights".* FROM "flights" WHERE "flights"."origin" = $1 AND "flights"."destination" = $2[0m  [["origin", "SYD"], ["destination", "SIN"]]
  ↳ app/controllers/flights_controller.rb:14
  [1m[36mAirplane Load (0.3ms)[0m  [1m[34mSELECT  "airplanes".* FROM "airplanes" WHERE "airplanes"."id" = $1 LIMIT $2[0m  [["id", 7], ["LIMIT", 1]]
  ↳ app/controllers/flights_controller.rb:14
  [1m[36mCACHE Airplane Load (0.0ms)[0m  [1m[34mSELECT  "airplanes".* FROM "airplanes" WHERE "airplanes"."id" = $1 LIMIT $2[0m  [["id", 7], ["LIMIT", 1]]
  ↳ app/controllers/flights_controller.rb:14
Completed 200 OK in 6ms (Views: 4.4ms | ActiveRecord: 0.8ms)


Started GET "/flights/search/SYD/SIN" for ::1 at 2020-02-10 17:04:28 +1100
Processing by FlightsController#search as HTML
  Parameters: {"origin"=>"SYD", "destination"=>"SIN"}
  [1m[36mFlight Load (8.3ms)[0m  [1m[34mSELECT "flights".* FROM "flights" WHERE "flights"."origin" = $1 AND "flights"."destination" = $2[0m  [["origin", "SYD"], ["destination", "SIN"]]
  ↳ app/controllers/flights_controller.rb:14
  [1m[36mAirplane Load (0.3ms)[0m  [1m[34mSELECT  "airplanes".* FROM "airplanes" WHERE "airplanes"."id" = $1 LIMIT $2[0m  [["id", 7], ["LIMIT", 1]]
  ↳ app/controllers/flights_controller.rb:14
  [1m[36mCACHE Airplane Load (0.0ms)[0m  [1m[34mSELECT  "airplanes".* FROM "airplanes" WHERE "airplanes"."id" = $1 LIMIT $2[0m  [["id", 7], ["LIMIT", 1]]
  ↳ app/controllers/flights_controller.rb:14
Completed 200 OK in 14ms (Views: 4.7ms | ActiveRecord: 8.6ms)


Started GET "/flights/search/SYD/SIN" for ::1 at 2020-02-10 17:07:04 +1100
Processing by FlightsController#search as HTML
  Parameters: {"origin"=>"SYD", "destination"=>"SIN"}
  [1m[36mFlight Load (0.7ms)[0m  [1m[34mSELECT "flights".* FROM "flights" WHERE "flights"."origin" = $1 AND "flights"."destination" = $2[0m  [["origin", "SYD"], ["destination", "SIN"]]
  ↳ app/controllers/flights_controller.rb:14
  [1m[36mAirplane Load (0.5ms)[0m  [1m[34mSELECT  "airplanes".* FROM "airplanes" WHERE "airplanes"."id" = $1 LIMIT $2[0m  [["id", 7], ["LIMIT", 1]]
  ↳ app/controllers/flights_controller.rb:14
  [1m[36mCACHE Airplane Load (0.0ms)[0m  [1m[34mSELECT  "airplanes".* FROM "airplanes" WHERE "airplanes"."id" = $1 LIMIT $2[0m  [["id", 7], ["LIMIT", 1]]
  ↳ app/controllers/flights_controller.rb:14
Completed 200 OK in 22ms (Views: 17.5ms | ActiveRecord: 1.2ms)


Started GET "/flights/search/SYD/SIN" for ::1 at 2020-02-10 17:07:56 +1100
Processing by FlightsController#search as HTML
  Parameters: {"origin"=>"SYD", "destination"=>"SIN"}
  [1m[36mFlight Load (10.1ms)[0m  [1m[34mSELECT "flights".* FROM "flights" WHERE "flights"."origin" = $1 AND "flights"."destination" = $2[0m  [["origin", "SYD"], ["destination", "SIN"]]
  ↳ app/controllers/flights_controller.rb:14
  [1m[36mAirplane Load (0.3ms)[0m  [1m[34mSELECT  "airplanes".* FROM "airplanes" WHERE "airplanes"."id" = $1 LIMIT $2[0m  [["id", 7], ["LIMIT", 1]]
  ↳ app/controllers/flights_controller.rb:14
  [1m[36mCACHE Airplane Load (0.0ms)[0m  [1m[34mSELECT  "airplanes".* FROM "airplanes" WHERE "airplanes"."id" = $1 LIMIT $2[0m  [["id", 7], ["LIMIT", 1]]
  ↳ app/controllers/flights_controller.rb:14
Completed 200 OK in 17ms (Views: 5.8ms | ActiveRecord: 10.4ms)


Started GET "/flights/search/SYD/SIN" for ::1 at 2020-02-10 17:09:58 +1100
Processing by FlightsController#search as HTML
  Parameters: {"origin"=>"SYD", "destination"=>"SIN"}
  [1m[36mFlight Load (29.0ms)[0m  [1m[34mSELECT "flights".* FROM "flights" WHERE "flights"."origin" = $1 AND "flights"."destination" = $2[0m  [["origin", "SYD"], ["destination", "SIN"]]
  ↳ app/controllers/flights_controller.rb:14
  [1m[36mAirplane Load (6.6ms)[0m  [1m[34mSELECT  "airplanes".* FROM "airplanes" WHERE "airplanes"."id" = $1 LIMIT $2[0m  [["id", 7], ["LIMIT", 1]]
  ↳ app/controllers/flights_controller.rb:14
  [1m[36mCACHE Airplane Load (0.0ms)[0m  [1m[34mSELECT  "airplanes".* FROM "airplanes" WHERE "airplanes"."id" = $1 LIMIT $2[0m  [["id", 7], ["LIMIT", 1]]
  ↳ app/controllers/flights_controller.rb:14
Completed 200 OK in 42ms (Views: 5.5ms | ActiveRecord: 35.6ms)


