  [1m[35m (0.1ms)[0m  [1m[34mSELECT sqlite_version(*)[0m
  ↳ /Users/gabriel/.rvm/rubies/ruby-2.7.0/lib/ruby/gems/2.7.0/gems/rake-13.0.1/lib/rake/task.rb:281
  [1m[35m (1.3ms)[0m  [1m[35mCREATE TABLE "schema_migrations" ("version" varchar NOT NULL PRIMARY KEY)[0m
  ↳ /Users/gabriel/.rvm/rubies/ruby-2.7.0/lib/ruby/gems/2.7.0/gems/rake-13.0.1/lib/rake/task.rb:281
  [1m[35m (1.0ms)[0m  [1m[35mCREATE TABLE "ar_internal_metadata" ("key" varchar NOT NULL PRIMARY KEY, "value" varchar, "created_at" datetime NOT NULL, "updated_at" datetime NOT NULL)[0m
  ↳ /Users/gabriel/.rvm/rubies/ruby-2.7.0/lib/ruby/gems/2.7.0/gems/rake-13.0.1/lib/rake/task.rb:281
  [1m[35m (0.1ms)[0m  [1m[34mSELECT "schema_migrations"."version" FROM "schema_migrations" ORDER BY "schema_migrations"."version" ASC[0m
  ↳ /Users/gabriel/.rvm/rubies/ruby-2.7.0/lib/ruby/gems/2.7.0/gems/rake-13.0.1/lib/rake/task.rb:281
Migrating to CreateDogs (20200121090320)
  [1m[35m (0.1ms)[0m  [1m[36mbegin transaction[0m
  ↳ /Users/gabriel/.rvm/rubies/ruby-2.7.0/lib/ruby/gems/2.7.0/gems/rake-13.0.1/lib/rake/task.rb:281
  [1m[35m (0.5ms)[0m  [1m[35mCREATE TABLE "dogs" ("id" integer PRIMARY KEY AUTOINCREMENT NOT NULL, "name" text, "roundness" integer, "goodboy" boolean, "created_at" datetime NOT NULL, "updated_at" datetime NOT NULL)[0m
  ↳ db/migrate/20200121090320_create_dogs.rb:3
  [1m[36mActiveRecord::SchemaMigration Create (0.2ms)[0m  [1m[32mINSERT INTO "schema_migrations" ("version") VALUES (?)[0m  [["version", "20200121090320"]]
  ↳ /Users/gabriel/.rvm/rubies/ruby-2.7.0/lib/ruby/gems/2.7.0/gems/rake-13.0.1/lib/rake/task.rb:281
  [1m[35m (0.5ms)[0m  [1m[36mcommit transaction[0m
  ↳ /Users/gabriel/.rvm/rubies/ruby-2.7.0/lib/ruby/gems/2.7.0/gems/rake-13.0.1/lib/rake/task.rb:281
  [1m[36mActiveRecord::InternalMetadata Load (0.2ms)[0m  [1m[34mSELECT  "ar_internal_metadata".* FROM "ar_internal_metadata" WHERE "ar_internal_metadata"."key" = ? LIMIT ?[0m  [["key", "environment"], ["LIMIT", 1]]
  ↳ /Users/gabriel/.rvm/rubies/ruby-2.7.0/lib/ruby/gems/2.7.0/gems/rake-13.0.1/lib/rake/task.rb:281
  [1m[35m (0.0ms)[0m  [1m[36mbegin transaction[0m
  ↳ /Users/gabriel/.rvm/rubies/ruby-2.7.0/lib/ruby/gems/2.7.0/gems/rake-13.0.1/lib/rake/task.rb:281
  [1m[36mActiveRecord::InternalMetadata Create (0.3ms)[0m  [1m[32mINSERT INTO "ar_internal_metadata" ("key", "value", "created_at", "updated_at") VALUES (?, ?, ?, ?)[0m  [["key", "environment"], ["value", "development"], ["created_at", "2020-01-21 09:06:43.647506"], ["updated_at", "2020-01-21 09:06:43.647506"]]
  ↳ /Users/gabriel/.rvm/rubies/ruby-2.7.0/lib/ruby/gems/2.7.0/gems/rake-13.0.1/lib/rake/task.rb:281
  [1m[35m (0.6ms)[0m  [1m[36mcommit transaction[0m
  ↳ /Users/gabriel/.rvm/rubies/ruby-2.7.0/lib/ruby/gems/2.7.0/gems/rake-13.0.1/lib/rake/task.rb:281
  [1m[35m (0.3ms)[0m  [1m[34mSELECT "schema_migrations"."version" FROM "schema_migrations" ORDER BY "schema_migrations"."version" ASC[0m
  ↳ /Users/gabriel/.rvm/rubies/ruby-2.7.0/lib/ruby/gems/2.7.0/gems/rake-13.0.1/lib/rake/task.rb:281
Started GET "/dashboard" for ::1 at 2020-01-21 20:09:15 +1100
  [1m[35m (0.3ms)[0m  [1m[34mSELECT "schema_migrations"."version" FROM "schema_migrations" ORDER BY "schema_migrations"."version" ASC[0m
  ↳ /Users/gabriel/.rvm/gems/ruby-2.7.0/gems/activerecord-5.2.4.1/lib/active_record/log_subscriber.rb:98
  
ActionController::RoutingError (No route matches [GET] "/dashboard"):
  
actionpack (5.2.4.1) lib/action_dispatch/middleware/debug_exceptions.rb:65:in `call'
web-console (3.7.0) lib/web_console/middleware.rb:135:in `call_app'
web-console (3.7.0) lib/web_console/middleware.rb:30:in `block in call'
web-console (3.7.0) lib/web_console/middleware.rb:20:in `catch'
web-console (3.7.0) lib/web_console/middleware.rb:20:in `call'
actionpack (5.2.4.1) lib/action_dispatch/middleware/show_exceptions.rb:33:in `call'
railties (5.2.4.1) lib/rails/rack/logger.rb:38:in `call_app'
railties (5.2.4.1) lib/rails/rack/logger.rb:26:in `block in call'
activesupport (5.2.4.1) lib/active_support/tagged_logging.rb:71:in `block in tagged'
activesupport (5.2.4.1) lib/active_support/tagged_logging.rb:28:in `tagged'
activesupport (5.2.4.1) lib/active_support/tagged_logging.rb:71:in `tagged'
railties (5.2.4.1) lib/rails/rack/logger.rb:26:in `call'
sprockets-rails (3.2.1) lib/sprockets/rails/quiet_assets.rb:13:in `call'
actionpack (5.2.4.1) lib/action_dispatch/middleware/remote_ip.rb:81:in `call'
actionpack (5.2.4.1) lib/action_dispatch/middleware/request_id.rb:27:in `call'
rack (2.1.1) lib/rack/method_override.rb:24:in `call'
rack (2.1.1) lib/rack/runtime.rb:24:in `call'
activesupport (5.2.4.1) lib/active_support/cache/strategy/local_cache_middleware.rb:29:in `call'
actionpack (5.2.4.1) lib/action_dispatch/middleware/executor.rb:14:in `call'
actionpack (5.2.4.1) lib/action_dispatch/middleware/static.rb:127:in `call'
rack (2.1.1) lib/rack/sendfile.rb:113:in `call'
railties (5.2.4.1) lib/rails/engine.rb:524:in `call'
puma (3.12.2) lib/puma/configuration.rb:227:in `call'
puma (3.12.2) lib/puma/server.rb:674:in `handle_request'
puma (3.12.2) lib/puma/server.rb:476:in `process_client'
puma (3.12.2) lib/puma/server.rb:334:in `block in run'
puma (3.12.2) lib/puma/thread_pool.rb:135:in `block in spawn_thread'
Started GET "/dashboard" for ::1 at 2020-01-21 20:09:48 +1100
Processing by DashboardController#app as HTML
  Rendering dashboard/app.html.erb within layouts/application
  Rendered dashboard/app.html.erb within layouts/application (0.3ms)
Completed 500 Internal Server Error in 186ms (ActiveRecord: 0.0ms)


  
ActionView::Template::Error (couldn't find file 'rails-jquery' with type 'application/javascript'
Checked in these paths: 
  /Users/gabriel/sei35/exercises/week7/ajax-on-rails-jq/app/assets/config
  /Users/gabriel/sei35/exercises/week7/ajax-on-rails-jq/app/assets/images
  /Users/gabriel/sei35/exercises/week7/ajax-on-rails-jq/app/assets/javascripts
  /Users/gabriel/sei35/exercises/week7/ajax-on-rails-jq/app/assets/stylesheets
  /Users/gabriel/.rvm/gems/ruby-2.7.0/gems/jquery-rails-4.3.5/vendor/assets/javascripts
  /Users/gabriel/.rvm/gems/ruby-2.7.0/gems/coffee-rails-4.2.2/lib/assets/javascripts
  /Users/gabriel/.rvm/gems/ruby-2.7.0/gems/actionview-5.2.4.1/lib/assets/compiled
  /Users/gabriel/sei35/exercises/week7/ajax-on-rails-jq/node_modules):
     5:     <%= csrf_meta_tags %>
     6:     <%= csp_meta_tag %>
     7: 
     8:     <%= stylesheet_link_tag    'application', media: 'all' %>
     9:     <%= javascript_include_tag 'application' %>
    10:   </head>
    11: 
  
app/assets/javascripts/application.js:14
app/views/layouts/application.html.erb:8:in `_app_views_layouts_application_html_erb__1121106481434237971_12640'
Started GET "/dashboard" for ::1 at 2020-01-21 20:11:14 +1100
Processing by DashboardController#app as HTML
  Rendering dashboard/app.html.erb within layouts/application
  Rendered dashboard/app.html.erb within layouts/application (0.5ms)
Completed 200 OK in 444ms (Views: 442.1ms | ActiveRecord: 0.0ms)


Started GET "/dashboard" for ::1 at 2020-01-21 20:11:18 +1100
Processing by DashboardController#app as HTML
  Rendering dashboard/app.html.erb within layouts/application
  Rendered dashboard/app.html.erb within layouts/application (0.7ms)
Completed 200 OK in 12ms (Views: 11.0ms | ActiveRecord: 0.0ms)


Started GET "/dashboard" for ::1 at 2020-01-21 20:11:19 +1100
Processing by DashboardController#app as HTML
  Rendering dashboard/app.html.erb within layouts/application
  Rendered dashboard/app.html.erb within layouts/application (0.4ms)
Completed 200 OK in 12ms (Views: 10.9ms | ActiveRecord: 0.0ms)


Started GET "/uptime" for ::1 at 2020-01-21 20:12:35 +1100
Processing by DashboardController#uptime as HTML
  Rendering dashboard/uptime.html.erb within layouts/application
  Rendered dashboard/uptime.html.erb within layouts/application (0.5ms)
Completed 200 OK in 35ms (Views: 17.7ms | ActiveRecord: 0.0ms)


Started GET "/uptime.json" for ::1 at 2020-01-21 20:12:39 +1100
Processing by DashboardController#uptime as JSON
Completed 200 OK in 10ms (Views: 0.3ms | ActiveRecord: 0.0ms)


Started GET "/uptime.html" for ::1 at 2020-01-21 20:12:44 +1100
Processing by DashboardController#uptime as HTML
  Rendering dashboard/uptime.html.erb within layouts/application
  Rendered dashboard/uptime.html.erb within layouts/application (0.5ms)
Completed 200 OK in 24ms (Views: 14.8ms | ActiveRecord: 0.0ms)


Started GET "/uptime.html" for ::1 at 2020-01-21 20:13:48 +1100
Processing by DashboardController#uptime as HTML
  Rendering dashboard/uptime.html.erb within layouts/application
  Rendered dashboard/uptime.html.erb within layouts/application (0.5ms)
Completed 200 OK in 75ms (Views: 64.7ms | ActiveRecord: 0.0ms)


Started GET "/uptime.html" for ::1 at 2020-01-21 20:13:50 +1100
Processing by DashboardController#uptime as HTML
  Rendering dashboard/uptime.html.erb within layouts/application
  Rendered dashboard/uptime.html.erb within layouts/application (0.5ms)
Completed 200 OK in 20ms (Views: 13.3ms | ActiveRecord: 0.0ms)


Started GET "/uptime" for ::1 at 2020-01-21 20:13:56 +1100
Processing by DashboardController#uptime as HTML
  Rendering dashboard/uptime.html.erb within layouts/application
  Rendered dashboard/uptime.html.erb within layouts/application (1.1ms)
Completed 200 OK in 40ms (Views: 27.8ms | ActiveRecord: 0.0ms)


Started GET "/dashboard" for ::1 at 2020-01-21 20:14:00 +1100
Processing by DashboardController#app as HTML
  Rendering dashboard/app.html.erb within layouts/application
  Rendered dashboard/app.html.erb within layouts/application (0.5ms)
Completed 200 OK in 19ms (Views: 17.1ms | ActiveRecord: 0.0ms)


Started GET "/dashboard" for ::1 at 2020-01-21 20:14:02 +1100
Processing by DashboardController#app as HTML
  Rendering dashboard/app.html.erb within layouts/application
  Rendered dashboard/app.html.erb within layouts/application (1.4ms)
Completed 200 OK in 24ms (Views: 21.6ms | ActiveRecord: 0.0ms)


Started GET "/dashboard" for ::1 at 2020-01-21 20:14:03 +1100
Processing by DashboardController#app as HTML
  Rendering dashboard/app.html.erb within layouts/application
  Rendered dashboard/app.html.erb within layouts/application (0.5ms)
Completed 200 OK in 17ms (Views: 15.7ms | ActiveRecord: 0.0ms)


Started GET "/dashboard" for ::1 at 2020-01-21 20:15:08 +1100
  [1m[35m (0.5ms)[0m  [1m[34mSELECT "schema_migrations"."version" FROM "schema_migrations" ORDER BY "schema_migrations"."version" ASC[0m
  ↳ /Users/gabriel/.rvm/gems/ruby-2.7.0/gems/activerecord-5.2.4.1/lib/active_record/log_subscriber.rb:98
Processing by DashboardController#app as HTML
  Rendering dashboard/app.html.erb within layouts/application
  Rendered dashboard/app.html.erb within layouts/application (0.7ms)
Completed 200 OK in 238ms (Views: 237.1ms | ActiveRecord: 0.0ms)


Started GET "/dashboard" for ::1 at 2020-01-21 20:15:10 +1100
Processing by DashboardController#app as HTML
  Rendering dashboard/app.html.erb within layouts/application
  Rendered dashboard/app.html.erb within layouts/application (0.4ms)
Completed 200 OK in 15ms (Views: 14.1ms | ActiveRecord: 0.0ms)


Started GET "/dashboard" for ::1 at 2020-01-21 20:15:39 +1100
Processing by DashboardController#app as HTML
  Rendering dashboard/app.html.erb within layouts/application
  Rendered dashboard/app.html.erb within layouts/application (0.4ms)
Completed 200 OK in 63ms (Views: 62.1ms | ActiveRecord: 0.0ms)


Started GET "/uptime" for ::1 at 2020-01-21 20:15:40 +1100
Processing by DashboardController#uptime as JSON
Completed 200 OK in 13ms (Views: 0.3ms | ActiveRecord: 0.0ms)


Started GET "/dashboard" for ::1 at 2020-01-21 20:15:42 +1100
Processing by DashboardController#app as HTML
  Rendering dashboard/app.html.erb within layouts/application
  Rendered dashboard/app.html.erb within layouts/application (0.4ms)
Completed 200 OK in 15ms (Views: 13.5ms | ActiveRecord: 0.0ms)


Started GET "/uptime" for ::1 at 2020-01-21 20:15:42 +1100
Processing by DashboardController#uptime as JSON
Completed 200 OK in 12ms (Views: 0.2ms | ActiveRecord: 0.0ms)


Started GET "/dashboard" for ::1 at 2020-01-21 20:15:43 +1100
Processing by DashboardController#app as HTML
  Rendering dashboard/app.html.erb within layouts/application
  Rendered dashboard/app.html.erb within layouts/application (0.5ms)
Completed 200 OK in 11ms (Views: 10.3ms | ActiveRecord: 0.0ms)


Started GET "/uptime" for ::1 at 2020-01-21 20:15:43 +1100
Processing by DashboardController#uptime as JSON
Completed 200 OK in 7ms (Views: 0.2ms | ActiveRecord: 0.0ms)


Started GET "/dashboard" for ::1 at 2020-01-21 20:15:48 +1100
Processing by DashboardController#app as HTML
  Rendering dashboard/app.html.erb within layouts/application
  Rendered dashboard/app.html.erb within layouts/application (0.4ms)
Completed 200 OK in 16ms (Views: 15.0ms | ActiveRecord: 0.0ms)


Started GET "/uptime" for ::1 at 2020-01-21 20:15:48 +1100
Processing by DashboardController#uptime as JSON
Completed 200 OK in 12ms (Views: 0.2ms | ActiveRecord: 0.0ms)


